<?xml version="1.0" encoding="utf-8"?><testsuites name="pytest tests"><testsuite name="pytest" errors="0" failures="0" skipped="0" tests="7" time="1.705" timestamp="2026-07-20T18:58:03.203554-07:00" hostname="Erics-M5-Max.lan"><testcase classname="tests.test_engine_audit.TestMediaDiagnostics" name="test_gemma4_unified_jang4m_without_audio_tower_gates_audio" time="1.653" /><testcase classname="tests.test_engine_audit.TestMediaDiagnostics" name="test_gemma4_unified_jang4m_audio_tower_weights_advertise_audio" time="0.001" /><testcase classname="tests.test_engine_audit.TestMediaDiagnostics" name="test_gemma4_unified_declared_direct_audio_projection_advertises_audio" time="0.001" /><testcase classname="tests.test_engine_audit.TestMediaDiagnostics" name="test_gemma4_unified_jang4m_direct_audio_requires_proven_stamp" time="0.000" /><testcase classname="tests.test_engine_audit.TestMediaDiagnostics" name="test_gemma4_unified_mxfp_runtime_modalities_gate_unproven_audio" time="0.001" /><testcase classname="tests.test_engine_audit.TestMediaDiagnostics" name="test_gemma4_unified_mxfp8_attnfp16_runtime_modalities_gate_audio_by_default" time="0.001" /><testcase classname="tests.test_engine_audit.TestMediaDiagnostics" name="test_gemma4_unified_mxfp8_attnfp16_runtime_modalities_can_experimentally_advertise_audio" time="0.001" /></testsuite></testsuites>