COMMAND=PATH=/Users/eric/.local/node/bin:/Users/eric/.local/node/bin:/usr/bin:/bin:/usr/sbin:/sbin python -m pytest -q
============================= test session starts ==============================
platform darwin -- Python 3.13.11, pytest-9.0.2, pluggy-1.6.0
rootdir: /Users/eric/mlx/vllm-mlx-release-1.6.13
configfile: pytest.ini (WARNING: ignoring pytest config in pyproject.toml!)
testpaths: tests
plugins: asyncio-1.3.0, anyio-4.13.0
asyncio: mode=Mode.STRICT, debug=False, asyncio_default_fixture_loop_scope=None, asyncio_default_test_loop_scope=function
collected 6478 items / 92 deselected / 6386 selected

tests/integration/test_server_endpoints.py sssssssssssssssss             [  0%]
tests/test_affine_jit_default_gate.py .                                  [  0%]
tests/test_agents_release_control_plane.py ...                           [  0%]
tests/test_all_local_model_smoke.py .................................... [  0%]
......................................                                   [  1%]
tests/test_answer_pass_families_dsv4_step37.py .........                 [  1%]
tests/test_answer_pass_streaming.py .....................                [  1%]
tests/test_anthropic_adapter.py ........................................ [  2%]
..........................                                               [  2%]
tests/test_anthropic_stream_fixes.py ......                              [  3%]
tests/test_api_models.py ............................................... [  3%]
........................................................................ [  4%]
                                                                         [  4%]
tests/test_api_surface_contract.py ..........                            [  5%]
tests/test_api_surface_parity.py ..........                              [  5%]
tests/test_api_utils.py ................................................ [  6%]
.............                                                            [  6%]
tests/test_audio.py ...................sss...........                    [  6%]
tests/test_audit_fixes.py .............................................. [  7%]
........................................                                 [  8%]
tests/test_batching.py ................................................. [  8%]
............................                                             [  9%]
tests/test_block_disk_bfloat16.py ...........                            [  9%]
tests/test_block_disk_default.py ......                                  [  9%]
tests/test_cache_architecture_contract.py .......                        [  9%]
tests/test_cache_bypass.py ............................................. [ 10%]
..................                                                       [ 10%]
tests/test_cache_fixes.py ......                                         [ 10%]
tests/test_cache_hit_worker_dequant.py ..                                [ 10%]
tests/test_cache_isolation.py .........                                  [ 10%]
tests/test_cache_record_validator.py .................................   [ 11%]
tests/test_cache_segment_boundaries.py ...                               [ 11%]
tests/test_cache_types.py ...............................                [ 11%]
tests/test_cancellation.py ......                                        [ 12%]
tests/test_chat_template_kwargs.py ...                                   [ 12%]
tests/test_cli_commands.py .........................                     [ 12%]
tests/test_config_sources.py .....                                       [ 12%]
tests/test_continuous_batching_extend.py ..............                  [ 12%]
tests/test_cross_matrix_audit_runner.py .........s...................... [ 13%]
............................................                             [ 13%]
tests/test_cross_matrix_output_counts.py ...                             [ 14%]
tests/test_current_regression_suite.py ................................. [ 14%]
.........................................................                [ 15%]
tests/test_deepseek_r1_reasoning_no_leak.py .........                    [ 15%]
tests/test_disk_cache_unit.py .........                                  [ 15%]
tests/test_disk_prefix_n_minus_1.py .....                                [ 15%]
tests/test_dsml_tool_parser.py ...........................               [ 16%]
tests/test_dsv4_batch_generator_speed.py .......                         [ 16%]
tests/test_dsv4_bundle_integrity.py ............                         [ 16%]
tests/test_dsv4_contract_hardening.py ..................                 [ 16%]
tests/test_dsv4_default_cache_tool_loop_gate.py ...........              [ 16%]
tests/test_dsv4_paged_cache.py ......................................... [ 17%]
..........................                                               [ 18%]
tests/test_dsv4_real_activation_expert_probe.py ....                     [ 18%]
tests/test_dsv4_responses_restart_l2_gate.py ..                          [ 18%]
tests/test_dsv4_route_mode_code_exactness.py ........................... [ 18%]
                                                                         [ 18%]
tests/test_dsv4_thinking_finalizer.py ........                           [ 18%]
tests/test_dsv4_vector_probe.py s.......                                 [ 18%]
tests/test_embeddings.py .........                                       [ 18%]
tests/test_engine_audit.py ............................................. [ 19%]
........................................................................ [ 20%]
........................................................................ [ 21%]
........................................................................ [ 23%]
........................................................................ [ 24%]
........................................................................ [ 25%]
........................................................................ [ 26%]
........................................................................ [ 27%]
.............................................                            [ 28%]
tests/test_fail_closed_detection.py ......                               [ 28%]
tests/test_flash_moe_loader.py ......................                    [ 28%]
tests/test_full_release_objective_checklist.py .....                     [ 28%]
tests/test_gemma3_tool_parser.py .........                               [ 28%]
tests/test_gemma4_12b_artifact_contract.py ......                        [ 28%]
tests/test_gemma4_12b_live_runtime_audit.py .                            [ 29%]
tests/test_gemma4_12b_speed_gate.py ...                                  [ 29%]
tests/test_gemma4_image_budget.py ...                                    [ 29%]
tests/test_gemma4_reasoning_no_leak.py ..........                        [ 29%]
tests/test_gemma4_tool_parser.py .............                           [ 29%]
tests/test_gemma_leak.py .....                                           [ 29%]
tests/test_gemma_qat_native_mxfp4_inventory_gate.py ..                   [ 29%]
tests/test_generation_defaults_contract.py ...                           [ 29%]
tests/test_generation_prompt_cache_key.py ......                         [ 29%]
tests/test_glm47_tool_parser.py ..........                               [ 29%]
tests/test_granite_tool_parser.py ...........                            [ 30%]
tests/test_health_endpoint.py .......                                    [ 30%]
tests/test_hunyuan_tool_parser.py ............                           [ 30%]
tests/test_hy3_native_mtp.py ...........                                 [ 30%]
tests/test_hybrid_batching.py .......................................... [ 31%]
..........................                                               [ 31%]
tests/test_hybrid_live_tq_kv.py .......................                  [ 31%]
tests/test_hybrid_prefix_cache.py .......................                [ 32%]
tests/test_hybrid_prefix_cache_clone.py ......                           [ 32%]
tests/test_hybrid_ssm_companion_regressions.py ..........                [ 32%]
tests/test_image_api.py ................................................ [ 33%]
..................                                                       [ 33%]
tests/test_image_gen.py ................................................ [ 34%]
.........................                                                [ 34%]
tests/test_image_gen_engine.py .............                             [ 34%]
tests/test_impl_campaign_20260710.py .............                       [ 35%]
tests/test_installed_app_runtime_parity_audit.py ..................      [ 35%]
tests/test_issue175_177_installed_runtime_audit.py ..                    [ 35%]
tests/test_issue175_177_live_runtime_audit.py ..                         [ 35%]
tests/test_issue175_179_release_boundary_audit.py ....                   [ 35%]
tests/test_issue175_admin_sleep_probe.py ..                              [ 35%]
tests/test_issue179_minimax_k_model_manifest.py ...                      [ 35%]
tests/test_issue179_minimax_k_root_cause_audit.py s...s.............     [ 35%]
tests/test_issue179_reporter_parity_metadata.py ....                     [ 35%]
tests/test_issue179_responses_cancel_probe.py ...........                [ 36%]
tests/test_issue181_183_runtime_audit.py ...                             [ 36%]
tests/test_jang_affine_storage.py ...                                    [ 36%]
tests/test_jang_loader.py .............................................. [ 36%]
.......................................                                  [ 37%]
tests/test_jang_model_compat_pr155.py ...                                [ 37%]
tests/test_jang_vlm_jangtq_envelope.py ..                                [ 37%]
tests/test_jit_toggle.py ............                                    [ 37%]
tests/test_kimi_k25_mla_patch.py .....                                   [ 37%]
tests/test_kv_quant.py ....                                              [ 37%]
tests/test_kv_quant_status_truthfulness.py .....                         [ 38%]
tests/test_laguna_loader.py .                                            [ 38%]
tests/test_llm.py ....                                                   [ 38%]
tests/test_local_generation_metadata_audit.py .s.....                    [ 38%]
tests/test_max_output_context_contract.py ..                             [ 38%]
tests/test_mcp_policy.py ................                                [ 38%]
tests/test_mcp_policy_contract.py ...                                    [ 38%]
tests/test_mcp_security.py ............................................. [ 39%]
...............                                                          [ 39%]
tests/test_memory_cache.py ............................................. [ 40%]
....                                                                     [ 40%]
tests/test_memory_cache_lock_inversion.py ...                            [ 40%]
tests/test_memory_limits.py ..........                                   [ 40%]
tests/test_metal_headroom_output_guard.py .........                      [ 40%]
tests/test_mimo_completion_chat_rail.py ..                               [ 40%]
tests/test_mimo_v2_audio_template.py ...                                 [ 40%]
tests/test_mimo_v2_cache_vs_nocache_next_token.py ...                    [ 40%]
tests/test_mimo_v2_current_audit.py .....................                [ 41%]
tests/test_mimo_v2_exactness_variant_probe.py ...                        [ 41%]
tests/test_mimo_v2_local_bundle_metadata_contract.py ....                [ 41%]
tests/test_mimo_v2_media_capability_gate.py .........                    [ 41%]
tests/test_mimo_v2_media_runtime.py ................                     [ 41%]
tests/test_mimo_v2_mllm_runtime_registration.py .                        [ 41%]
tests/test_mimo_v2_no_source_exactness_classifier.py ..............      [ 41%]
tests/test_mimo_v2_rotating_cache_patch.py .                             [ 41%]
tests/test_mimo_v2_source_vs_quant_probe.py .........                    [ 41%]
tests/test_minimax_m3_cache_paths.py ................................... [ 42%]
......                                                                   [ 42%]
tests/test_minimax_m3_jang_loader_quant.py .                             [ 42%]
tests/test_minimax_m3_tool_parser.py ..                                  [ 42%]
tests/test_mistral3_loader.py .                                          [ 42%]
tests/test_mllm.py ............................................          [ 43%]
tests/test_mllm_cache.py ............................................... [ 44%]
....                                                                     [ 44%]
tests/test_mllm_continuous_batching.py ................................. [ 44%]
......                                                                   [ 44%]
tests/test_mllm_message_serialization.py ............................... [ 45%]
.........................................                                [ 45%]
tests/test_mllm_processor_stream_contracts.py ...............            [ 46%]
tests/test_mllm_sampling_contract.py ......                              [ 46%]
tests/test_mllm_scheduler_cache.py ..................................... [ 46%]
.......................................................................  [ 47%]
tests/test_mllm_scheduler_stability.py ......                            [ 47%]
tests/test_mllm_stream_lifecycle.py .......                              [ 48%]
tests/test_mllm_tool_replay.py ...                                       [ 48%]
tests/test_mlx_memory_cleanup.py .......                                 [ 48%]
tests/test_model_artifact_format_contract.py ..                          [ 48%]
tests/test_model_config_registry.py .................................... [ 48%]
........................................................................ [ 49%]
.......................................                                  [ 50%]
tests/test_model_family_detection_contract.py .......................... [ 51%]
s........                                                                [ 51%]
tests/test_model_inspector.py ........................................   [ 51%]
tests/test_model_name.py .............................................   [ 52%]
tests/test_mtp_depth_verify_cycle.py ............                        [ 52%]
tests/test_mtp_telemetry_edge_cases.py ...........                       [ 52%]
tests/test_multi_eos.py .....                                            [ 52%]
tests/test_multimodal_routing.py ........                                [ 53%]
tests/test_n2_chat_cache_gate.py ........                                [ 53%]
tests/test_native_mtp_autodetect.py .................................... [ 53%]
.................................................                        [ 54%]
tests/test_native_mtp_bench_harness.py ..............................    [ 54%]
tests/test_native_mtp_contract.py ..                                     [ 54%]
tests/test_native_mtp_examples.py ..........                             [ 55%]
tests/test_native_mtp_policy_suite.py .....                              [ 55%]
tests/test_native_mtp_research_sampling.py ............                  [ 55%]
tests/test_native_tool_format.py .............                           [ 55%]
tests/test_objective_proof_digest.py ................................... [ 56%]
........................................................................ [ 57%]
...                                                                      [ 57%]
tests/test_ollama_adapter.py ............................                [ 57%]
tests/test_omni_multimodal.py ...................                        [ 58%]
tests/test_openpangu_tool_parser.py ..................................   [ 58%]
tests/test_openpangu_v2.py ........................                      [ 58%]
tests/test_optimizations.py ...                                          [ 59%]
tests/test_output_budget_cap.py ...                                      [ 59%]
tests/test_output_budget_enforcement.py ....                             [ 59%]
tests/test_packaged_integrity_contract.py .............................. [ 59%]
....................                                                     [ 59%]
tests/test_paged_byte_budget.py ...............                          [ 60%]
tests/test_paged_cache.py .............................................. [ 60%]
.....                                                                    [ 60%]
tests/test_paged_cache_benefits.py ....                                  [ 61%]
tests/test_paged_cache_hash_collisions.py .......                        [ 61%]
tests/test_paged_cache_unit.py .........                                 [ 61%]
tests/test_panel_cli_flag_contract.py ......................             [ 61%]
tests/test_parser_registry_contract.py ...                               [ 61%]
tests/test_perf_prefill_loop.py ........                                 [ 61%]
tests/test_perf_safe_wins.py .......                                     [ 61%]
tests/test_perf_sampler_async.py .........                               [ 62%]
tests/test_platform.py .......                                           [ 62%]
tests/test_prefix_cache.py .....................                         [ 62%]
tests/test_public_app_issue_audit.py ......                              [ 62%]
tests/test_qwen36_tp4_gateway_probe.py ........                          [ 62%]
tests/test_qwen3_answer_pass_policy.py ................                  [ 62%]
tests/test_qwen_forward_path_ab.py ...                                   [ 62%]
tests/test_qwen_gated_delta_subprofile.py ...                            [ 63%]
tests/test_qwen_layer_profile.py ...                                     [ 63%]
tests/test_real_ui_dsv4_memory_preflight.py ..........                   [ 63%]
tests/test_reasoning_modes.py .......................................... [ 63%]
.........................                                                [ 64%]
tests/test_reasoning_parser.py ......................................... [ 64%]
........................................................................ [ 66%]
.....                                                                    [ 66%]
tests/test_reasoning_template_contract.py ...                            [ 66%]
tests/test_reasoning_tool_interaction.py ............................... [ 66%]
..............................                                           [ 67%]
tests/test_release_gate_python_app.py .................................. [ 67%]
..............                                                           [ 67%]
tests/test_release_regression_manifest.py .............................. [ 68%]
........................................................................ [ 69%]
........................................................................ [ 70%]
........................................................................ [ 71%]
........................................................................ [ 72%]
..                                                                       [ 72%]
tests/test_release_surface_contract.py ...............                   [ 73%]
tests/test_remote_max2_dsv4_exactness_guard.py ...                       [ 73%]
tests/test_remote_max2_dsv4_readiness.py ....                            [ 73%]
tests/test_remote_max2_dsv4_real_ui_guard.py ...                         [ 73%]
tests/test_remote_max2_dsv4_release_proof_guard.py ...                   [ 73%]
tests/test_request.py .................................................. [ 74%]
..                                                                       [ 74%]
tests/test_request_cancellation.py ..                                    [ 74%]
tests/test_reranker_endpoint.py .....                                    [ 74%]
tests/test_responses_history.py .................................        [ 74%]
tests/test_responses_multimodal_history.py .....                         [ 74%]
tests/test_runtime_memory_stress_probe.py .........................      [ 75%]
tests/test_sampling.py ...                                               [ 75%]
tests/test_scheduler_repetition_context.py ..                            [ 75%]
tests/test_scoped_release_preflight_66.py ....                           [ 75%]
tests/test_server.py ................................................... [ 76%]
........................................................................ [ 77%]
.........                                                                [ 77%]
tests/test_simple_engine.py .........                                    [ 77%]
tests/test_single_active_batch_generator.py ..............               [ 77%]
tests/test_single_sequence_cache_merge.py ....                           [ 77%]
tests/test_smelt_loader.py .                                             [ 77%]
tests/test_special_tag_dialect.py ............                           [ 78%]
tests/test_speculative.py .............................................. [ 78%]
........                                                                 [ 78%]
tests/test_ssm_companion_cache.py ...................................... [ 79%]
...............                                                          [ 79%]
tests/test_step37_crash_falsification_contract.py .....                  [ 79%]
tests/test_step37_mlx_vlm_runtime.py ..................................  [ 80%]
tests/test_step37_vlm_runtime_audit.py .......                           [ 80%]
tests/test_step3p5_tool_parser.py ..........                             [ 80%]
tests/test_step3p7_mllm_detection_guard.py ....                          [ 80%]
tests/test_stream_terminal_finish_guard.py ......                        [ 80%]
tests/test_streaming_adapter_failures.py .                               [ 80%]
tests/test_streaming_json_encoder.py ...............                     [ 81%]
tests/test_streaming_latency.py .                                        [ 81%]
tests/test_streaming_reasoning.py ...................................... [ 81%]
........................................................................ [ 82%]
.............................                                            [ 83%]
tests/test_structured_output.py ........................................ [ 83%]
..........ss                                                             [ 84%]
tests/test_structured_output_repair_report.py ......                     [ 84%]
tests/test_terminal_dispatch_before_cache_cleanup.py ............        [ 84%]
tests/test_think_xml_parser.py ....                                      [ 84%]
tests/test_thinking_template_render.py ssssssssssssssss......            [ 84%]
tests/test_tokenizer_chat_template_include.py ..                         [ 84%]
tests/test_tool_call_contract.py ......                                  [ 84%]
tests/test_tool_fallback_injection.py ............                       [ 85%]
tests/test_tool_format.py .............................................. [ 85%]
........................................................................ [ 86%]
..                                                                       [ 86%]
tests/test_tool_parsers.py ............................................. [ 87%]
...............................................................          [ 88%]
tests/test_tool_prompt_fallback.py .........................             [ 89%]
tests/test_tq_disk_cache.py .............................                [ 89%]
tests/test_tq_paged_block_cache.py ..................                    [ 89%]
tests/test_turboquant_cache_contract.py .........                        [ 89%]
tests/test_turboquant_prefix_cache_clone.py ....                         [ 89%]
tests/test_vl_media_cache_contract.py ....                               [ 90%]
tests/test_vl_video_regression.py ..........s...s.....sss............... [ 90%]
...........................ss.....ss.................................... [ 91%]
..........................s............................................. [ 92%]
...........................sssss........................................ [ 94%]
...........................................s............................ [ 95%]
...........................sssss....s......s.sss.....................sss [ 96%]
ssssssssss.............................ssssss........s.................. [ 97%]
........................................................................ [ 98%]
.........                                                                [ 98%]
tests/test_xml_function_tool_parser.py .............                     [ 98%]
tests/test_zaya_conversion_routing.py ....                               [ 98%]
tests/test_zaya_runtime.py .................ssss....s....s.............. [ 99%]
........................                                                 [100%]

=============================== warnings summary ===============================
tests/test_mllm_scheduler_cache.py::test_mllm_raw_audio_without_processor_payload_fails_loudly
tests/test_mllm_scheduler_cache.py::test_mllm_mimo_raw_audio_bridge_populates_audio_codes
  /Users/eric/mlx/vllm-mlx/.venv/lib/python3.13/site-packages/librosa/core/audio.py:184: FutureWarning: librosa.core.audio.__audioread_load
    Deprecated as of librosa version 0.10.0.
    It will be removed in librosa version 1.0.
    y, sr_native = __audioread_load(path, offset, duration, dtype)

-- Docs: https://docs.pytest.org/en/stable/how-to/capture-warnings.html
=== 6290 passed, 96 skipped, 92 deselected, 2 warnings in 268.94s (0:04:28) ====
