============================= test session starts ==============================
platform darwin -- Python 3.13.11, pytest-9.0.2, pluggy-1.6.0
rootdir: /Users/eric/mlx/vllm-mlx
configfile: pytest.ini (WARNING: ignoring pytest config in pyproject.toml!)
plugins: asyncio-1.3.0, anyio-4.13.0
asyncio: mode=Mode.STRICT, debug=False, asyncio_default_fixture_loop_scope=None, asyncio_default_test_loop_scope=function
collected 630 items

tests/test_tq_paged_block_cache.py .......                               [  1%]
tests/test_tq_disk_cache.py .........................                    [  5%]
tests/test_turboquant_cache_contract.py ........                         [  6%]
tests/test_hybrid_live_tq_kv.py ..........                               [  7%]
tests/test_engine_audit.py ............................................. [ 15%]
........................................................................ [ 26%]
........................................................................ [ 37%]
........................................................................ [ 49%]
........................................................................ [ 60%]
........................................................................ [ 72%]
........................................................................ [ 83%]
........................................................................ [ 95%]
...............................                                          [100%]

============================= 630 passed in 15.90s =============================
