============================= test session starts ==============================
platform darwin -- Python 3.13.11, pytest-9.0.2, pluggy-1.6.0 -- /Users/eric/mlx/vllm-mlx/.venv/bin/python
cachedir: .pytest_cache
rootdir: /Users/eric/mlx/vllm-mlx-release-1.6.13
configfile: pytest.ini (WARNING: ignoring pytest config in pyproject.toml!)
testpaths: tests
plugins: asyncio-1.3.0, anyio-4.13.0
asyncio: mode=Mode.STRICT, debug=False, asyncio_default_fixture_loop_scope=None, asyncio_default_test_loop_scope=function
collecting ... collected 6478 items / 92 deselected / 6386 selected

tests/integration/test_server_endpoints.py::test_health SKIPPED (Int...) [  0%]
tests/integration/test_server_endpoints.py::test_models SKIPPED (Int...) [  0%]
tests/integration/test_server_endpoints.py::test_chat_completion_nonstream SKIPPED [  0%]
tests/integration/test_server_endpoints.py::test_chat_completion_stream SKIPPED [  0%]
tests/integration/test_server_endpoints.py::test_chat_with_system SKIPPED [  0%]
tests/integration/test_server_endpoints.py::test_chat_tools SKIPPED      [  0%]
tests/integration/test_server_endpoints.py::test_responses_api_nonstream SKIPPED [  0%]
tests/integration/test_server_endpoints.py::test_responses_api_stream SKIPPED [  0%]
tests/integration/test_server_endpoints.py::test_anthropic_messages_nonstream SKIPPED [  0%]
tests/integration/test_server_endpoints.py::test_anthropic_messages_stream SKIPPED [  0%]
tests/integration/test_server_endpoints.py::test_anthropic_messages_with_system SKIPPED [  0%]
tests/integration/test_server_endpoints.py::test_anthropic_messages_with_tools SKIPPED [  0%]
tests/integration/test_server_endpoints.py::test_cache_stats SKIPPED     [  0%]
tests/integration/test_server_endpoints.py::test_sse_keepalive_comment_format SKIPPED [  0%]
tests/integration/test_server_endpoints.py::test_concurrent_requests SKIPPED [  0%]
tests/integration/test_server_endpoints.py::test_invalid_endpoint SKIPPED [  0%]
tests/integration/test_server_endpoints.py::test_empty_messages SKIPPED  [  0%]
tests/test_affine_jit_default_gate.py::test_affine_jit_default_gated_on_compile_safety PASSED [  0%]
tests/test_agents_release_control_plane.py::test_agents_pins_current_vmlx_mlxstudio_release_objective PASSED [  0%]
tests/test_agents_release_control_plane.py::test_agents_forbids_fake_release_clearance_shortcuts PASSED [  0%]
tests/test_agents_release_control_plane.py::test_release_tracker_points_at_current_control_plane_checklist PASSED [  0%]
tests/test_all_local_model_smoke.py::test_configured_bench_python_resolves_relative_to_repo PASSED [  0%]
tests/test_all_local_model_smoke.py::test_classify_model_detects_vl_hybrid_and_mtp PASSED [  0%]
tests/test_all_local_model_smoke.py::test_classify_model_does_not_infer_zaya_vl_video_from_vl_name_or_token PASSED [  0%]
tests/test_all_local_model_smoke.py::test_classify_model_keeps_zaya_text_non_reasoning PASSED [  0%]
tests/test_all_local_model_smoke.py::test_classify_model_does_not_infer_nemotron_omni_video_from_name_only PASSED [  0%]
tests/test_all_local_model_smoke.py::test_classify_model_routes_step3p7_advertised_vision_when_source_runtime_exists PASSED [  0%]
tests/test_all_local_model_smoke.py::test_classify_model_marks_gemma4_unified_as_mixed_swa_cache PASSED [  0%]
tests/test_all_local_model_smoke.py::test_classify_model_preserves_hy3_and_minimax_reasoning_probe_coverage PASSED [  0%]
tests/test_all_local_model_smoke.py::test_classify_model_marks_mimo_v2_jang2l_as_multimodal_xml_tools_no_mtp PASSED [  0%]
tests/test_all_local_model_smoke.py::test_classify_model_reads_mimo_v2_embedded_config_capabilities PASSED [  0%]
tests/test_all_local_model_smoke.py::test_classify_model_marks_mimo_v2_without_jang_config_as_xml_tool_family PASSED [  0%]
tests/test_all_local_model_smoke.py::test_filter_rows_excludes_mimo_audio_tokenizer_sidecar_by_default PASSED [  0%]
tests/test_all_local_model_smoke.py::test_classify_model_marks_deepseek_v4_composite_cache PASSED [  0%]
tests/test_all_local_model_smoke.py::test_classify_model_does_not_mark_explicit_nomtp_bundle PASSED [  0%]
tests/test_all_local_model_smoke.py::test_build_serve_command_uses_production_auto_cache PASSED [  0%]
tests/test_all_local_model_smoke.py::test_build_serve_command_uses_dsv4_native_composite_cache_flags PASSED [  0%]
tests/test_all_local_model_smoke.py::test_build_serve_command_appends_explicit_extra_serve_args PASSED [  0%]
tests/test_all_local_model_smoke.py::test_server_process_cwd_avoids_repo_root_for_isolated_bundled_smoke PASSED [  0%]
tests/test_all_local_model_smoke.py::test_server_process_cwd_uses_repo_root_for_source_smoke PASSED [  0%]
tests/test_all_local_model_smoke.py::test_probe_payloads_cover_repeat_text_reasoning_and_media PASSED [  0%]
tests/test_all_local_model_smoke.py::test_media_probe_asks_for_colored_object_not_solid_frame_dominant_color PASSED [  0%]
tests/test_all_local_model_smoke.py::test_probe_payloads_include_tool_probe_for_mimo_xml_tools PASSED [  0%]
tests/test_all_local_model_smoke.py::test_repeat_cache_probe_uses_deterministic_exact_output_instruction PASSED [  0%]
tests/test_all_local_model_smoke.py::test_mimo_repeat_cache_probe_uses_one_token_ack_cap PASSED [  0%]
tests/test_all_local_model_smoke.py::test_mimo_repeat_cache_probe_avoids_custom_system_prompt_stop_trap PASSED [  0%]
tests/test_all_local_model_smoke.py::test_zaya_repeat_cache_probe_uses_family_native_color_contract PASSED [  0%]
tests/test_all_local_model_smoke.py::test_zaya_reasoning_probe_gets_budget_for_visible_final_answer PASSED [  0%]
tests/test_all_local_model_smoke.py::test_nemotron_reasoning_probe_gets_budget_for_visible_final_answer PASSED [  0%]
tests/test_all_local_model_smoke.py::test_qwen36_moe_mtp_reasoning_probe_gets_budget_for_visible_final_answer PASSED [  0%]
tests/test_all_local_model_smoke.py::test_dsv4_repeat_cache_probe_crosses_native_block_threshold PASSED [  0%]
tests/test_all_local_model_smoke.py::test_no_media_probe_uses_system_scoped_attachment_contract PASSED [  0%]
tests/test_all_local_model_smoke.py::test_zaya_vl_no_media_probe_uses_attached_none_contract PASSED [  0%]
tests/test_all_local_model_smoke.py::test_classify_zaya_vl_plain_template_does_not_claim_thinking PASSED [  0%]
tests/test_all_local_model_smoke.py::test_video_probe_uses_effective_probe_option_not_static_inventory_flag PASSED [  0%]
tests/test_all_local_model_smoke.py::test_request_json_returns_status_body_and_elapsed PASSED [  0%]
tests/test_all_local_model_smoke.py::test_build_server_env_can_isolate_packaged_python PASSED [  0%]
tests/test_all_local_model_smoke.py::test_build_server_env_can_add_explicit_source_dependency PASSED [  0%]
tests/test_all_local_model_smoke.py::test_filter_rows_skips_auxiliary_dirs_by_default PASSED [  0%]
tests/test_all_local_model_smoke.py::test_summarize_cache_uses_numeric_hits_not_field_names PASSED [  0%]
tests/test_all_local_model_smoke.py::test_summarize_cache_reports_real_hits_and_hybrid_miss_fallbacks PASSED [  0%]
tests/test_all_local_model_smoke.py::test_l2_restart_restore_summary_requires_fresh_process_disk_hit PASSED [  0%]
tests/test_all_local_model_smoke.py::test_l2_restart_restore_summary_rejects_memory_only_cache_hit PASSED [  0%]
tests/test_all_local_model_smoke.py::test_validate_probe_response_rejects_dsv4_control_fragment_garbage PASSED [  1%]
tests/test_all_local_model_smoke.py::test_validate_probe_response_accepts_ack_probe PASSED [  1%]
tests/test_all_local_model_smoke.py::test_validate_probe_response_rejects_non_bare_ack_for_cache_repeat PASSED [  1%]
tests/test_all_local_model_smoke.py::test_validate_probe_response_accepts_family_specific_cache_expected_content PASSED [  1%]
tests/test_all_local_model_smoke.py::test_validate_probe_response_requires_multiturn_recall_terms PASSED [  1%]
tests/test_all_local_model_smoke.py::test_validate_probe_response_requires_reasoning_visible_final_answer PASSED [  1%]
tests/test_all_local_model_smoke.py::test_build_probe_payloads_can_include_required_tool_probe PASSED [  1%]
tests/test_all_local_model_smoke.py::test_build_probe_payloads_adds_mimo_literal_sentinel_probes PASSED [  1%]
tests/test_all_local_model_smoke.py::test_structured_json_probes_request_json_schema_response_format PASSED [  1%]
tests/test_all_local_model_smoke.py::test_mimo_structured_json_sentinel_requests_literal_schema_response_format PASSED [  1%]
tests/test_all_local_model_smoke.py::test_build_probe_payloads_does_not_clip_mimo_multiturn_recall_to_cache_cap PASSED [  1%]
tests/test_all_local_model_smoke.py::test_validate_probe_response_requires_expected_tool_call PASSED [  1%]
tests/test_all_local_model_smoke.py::test_validate_probe_response_accepts_expected_tool_call PASSED [  1%]
tests/test_all_local_model_smoke.py::test_validate_probe_response_accepts_mimo_sentinel_tool_call PASSED [  1%]
tests/test_all_local_model_smoke.py::test_validate_probe_response_rejects_mimo_sentinel_dehyphenation PASSED [  1%]
tests/test_all_local_model_smoke.py::test_validate_probe_response_accepts_mimo_sentinel_json_exactness PASSED [  1%]
tests/test_all_local_model_smoke.py::test_validate_probe_response_rejects_mimo_sentinel_json_dehyphenation PASSED [  1%]
tests/test_all_local_model_smoke.py::test_validate_probe_response_rejects_tool_visible_text_leak PASSED [  1%]
tests/test_all_local_model_smoke.py::test_validate_probe_response_rejects_runaway_reasoning_loop PASSED [  1%]
tests/test_all_local_model_smoke.py::test_validate_probe_response_checks_media_color_and_no_media_carryover PASSED [  1%]
tests/test_all_local_model_smoke.py::test_validate_probe_response_rejects_stray_cjk_even_when_expected_term_present PASSED [  1%]
tests/test_all_local_model_smoke.py::test_validate_probe_response_rejects_wider_cjk_kana_and_hangul_ranges PASSED [  1%]
tests/test_all_local_model_smoke.py::test_validate_probe_response_accepts_exact_tool_result_sentence PASSED [  1%]
tests/test_all_local_model_smoke.py::test_collect_probe_failures_uses_semantic_validation PASSED [  1%]
tests/test_all_local_model_smoke.py::test_main_returns_nonzero_when_any_model_probe_fails PASSED [  1%]
tests/test_all_local_model_smoke.py::test_main_writes_top_level_pass_status_when_all_model_probes_pass PASSED [  1%]
tests/test_all_local_model_smoke.py::test_structured_json_validation_accepts_single_markdown_fence PASSED [  1%]
tests/test_all_local_model_smoke.py::test_structured_json_validation_does_not_repair_semantic_values PASSED [  1%]
tests/test_all_local_model_smoke.py::test_probe_options_obey_live_text_only_capabilities PASSED [  1%]
tests/test_all_local_model_smoke.py::test_probe_options_allow_image_but_not_video_when_capability_missing_video PASSED [  1%]
tests/test_all_local_model_smoke.py::test_probe_options_allow_audio_from_runtime_modalities PASSED [  1%]
tests/test_all_local_model_smoke.py::test_probe_options_ignore_preserved_unwired_media_capabilities PASSED [  1%]
tests/test_answer_pass_families_dsv4_step37.py::test_dsv4_has_native_answer_pass_but_step37_does_not_fake_one PASSED [  1%]
tests/test_answer_pass_families_dsv4_step37.py::test_dsv4_and_step37_excluded_from_thinking_budget_cap PASSED [  1%]
tests/test_answer_pass_families_dsv4_step37.py::test_answer_pass_labels_for_new_families PASSED [  1%]
tests/test_answer_pass_families_dsv4_step37.py::test_answer_pass_fresh_context_families PASSED [  1%]
tests/test_answer_pass_families_dsv4_step37.py::test_answer_pass_appends_reasoning_turn_for_legacy_families PASSED [  1%]
tests/test_answer_pass_families_dsv4_step37.py::test_no_answer_family_keeps_full_pass_buffer_by_name PASSED [  1%]
tests/test_answer_pass_families_dsv4_step37.py::test_thinking_reentry_matches_tag_variants PASSED [  1%]
tests/test_answer_pass_families_dsv4_step37.py::test_answer_pass_buffers_degraded_gemma_thought_prefix PASSED [  1%]
tests/test_answer_pass_families_dsv4_step37.py::test_minimax_family_armed_for_answer_pass PASSED [  1%]
tests/test_answer_pass_streaming.py::test_streams_multiple_deltas_for_long_answer PASSED [  1%]
tests/test_answer_pass_streaming.py::test_no_partial_marker_leak_gemma_channel PASSED [  1%]
tests/test_answer_pass_streaming.py::test_short_plain_answer_streams_without_family_allowlist PASSED [  1%]
tests/test_answer_pass_streaming.py::test_hy3_direct_rail_short_answer_streams_incrementally PASSED [  1%]
tests/test_answer_pass_streaming.py::test_direct_rail_short_answer_is_not_model_allowlisted PASSED [  1%]
tests/test_answer_pass_streaming.py::test_no_family_batches_ordinary_answer_text_by_name PASSED [  1%]
tests/test_answer_pass_streaming.py::test_partial_close_think_marker_never_leaks_then_answer_streams PASSED [  1%]
tests/test_answer_pass_streaming.py::test_reopened_reasoning_is_hidden_until_close_then_answer_streams PASSED [  1%]
tests/test_answer_pass_streaming.py::test_dsv4_thinking_variant_is_hidden_then_answer_streams PASSED [  1%]
tests/test_answer_pass_streaming.py::test_terminal_unclosed_reasoning_variant_never_leaks PASSED [  1%]
tests/test_answer_pass_streaming.py::test_deltas_are_monotonic_prefix_extensions PASSED [  1%]
tests/test_answer_pass_streaming.py::test_finished_empty_answer_yields_nothing PASSED [  1%]
tests/test_answer_pass_streaming.py::test_enable_thinking_false_splits_on_close_think PASSED [  1%]
tests/test_answer_pass_streaming.py::test_both_stream_sites_use_the_delta_helper PASSED [  1%]
tests/test_answer_pass_streaming.py::test_internal_reasoning_pass_terminal_is_held_until_visible_answer_finishes PASSED [  1%]
tests/test_answer_pass_streaming.py::test_genuine_main_pass_terminal_reasons_are_preserved PASSED [  1%]
tests/test_answer_pass_streaming.py::test_partial_visible_prefix_reconciliation_emits_only_new_suffix PASSED [  1%]
tests/test_answer_pass_streaming.py::test_partial_visible_prefix_reconciliation_fails_closed_on_divergence PASSED [  1%]
tests/test_answer_pass_streaming.py::test_chat_legacy_reasoning_fallback_cannot_precede_answer_pass PASSED [  1%]
tests/test_answer_pass_streaming.py::test_main_chat_reasoning_content_is_never_terminally_buffered PASSED [  1%]
tests/test_answer_pass_streaming.py::test_nonstream_answer_pass_replaces_length_truncated_visible_prefix PASSED [  1%]
tests/test_anthropic_adapter.py::TestRequestConversion::test_basic_text_message PASSED [  1%]
tests/test_anthropic_adapter.py::TestRequestConversion::test_omitted_max_tokens_stays_model_owned PASSED [  1%]
tests/test_anthropic_adapter.py::TestRequestConversion::test_invalid_max_tokens_rejected_when_present PASSED [  2%]
tests/test_anthropic_adapter.py::TestRequestConversion::test_system_prompt_string PASSED [  2%]
tests/test_anthropic_adapter.py::TestRequestConversion::test_system_prompt_blocks PASSED [  2%]
tests/test_anthropic_adapter.py::TestRequestConversion::test_temperature_and_top_p_passthrough PASSED [  2%]
tests/test_anthropic_adapter.py::TestRequestConversion::test_stop_sequences PASSED [  2%]
tests/test_anthropic_adapter.py::TestRequestConversion::test_stream_options_on_streaming PASSED [  2%]
tests/test_anthropic_adapter.py::TestRequestConversion::test_stream_options_always_present_even_non_streaming PASSED [  2%]
tests/test_anthropic_adapter.py::TestToolConversion::test_tool_definitions_converted PASSED [  2%]
tests/test_anthropic_adapter.py::TestToolConversion::test_tool_choice_any_becomes_required PASSED [  2%]
tests/test_anthropic_adapter.py::TestToolConversion::test_tool_choice_auto PASSED [  2%]
tests/test_anthropic_adapter.py::TestToolConversion::test_tool_choice_none PASSED [  2%]
tests/test_anthropic_adapter.py::TestToolConversion::test_tool_choice_specific_tool PASSED [  2%]
tests/test_anthropic_adapter.py::TestToolConversion::test_assistant_tool_use_blocks PASSED [  2%]
tests/test_anthropic_adapter.py::TestToolConversion::test_assistant_thinking_survives_tool_result_continuation_privately PASSED [  2%]
tests/test_anthropic_adapter.py::TestToolConversion::test_user_tool_result_blocks PASSED [  2%]
tests/test_anthropic_adapter.py::TestThinkingConversion::test_thinking_enabled PASSED [  2%]
tests/test_anthropic_adapter.py::TestThinkingConversion::test_thinking_disabled PASSED [  2%]
tests/test_anthropic_adapter.py::TestThinkingConversion::test_thinking_not_specified PASSED [  2%]
tests/test_anthropic_adapter.py::TestMultimodalConversion::test_base64_image PASSED [  2%]
tests/test_anthropic_adapter.py::TestMultimodalConversion::test_url_image PASSED [  2%]
tests/test_anthropic_adapter.py::TestMultimodalConversion::test_base64_video_extension PASSED [  2%]
tests/test_anthropic_adapter.py::TestMultimodalConversion::test_base64_audio_extension PASSED [  2%]
tests/test_anthropic_adapter.py::TestResponseConversion::test_basic_text_response PASSED [  2%]
tests/test_anthropic_adapter.py::TestResponseConversion::test_tool_call_response PASSED [  2%]
tests/test_anthropic_adapter.py::TestResponseConversion::test_reasoning_response PASSED [  2%]
tests/test_anthropic_adapter.py::TestResponseConversion::test_length_stop_reason PASSED [  2%]
tests/test_anthropic_adapter.py::TestResponseConversion::test_empty_response PASSED [  2%]
tests/test_anthropic_adapter.py::TestStreamingAdapter::test_first_chunk_emits_message_start PASSED [  2%]
tests/test_anthropic_adapter.py::TestStreamingAdapter::test_text_content_streaming PASSED [  2%]
tests/test_anthropic_adapter.py::TestStreamingAdapter::test_reasoning_content_streaming PASSED [  2%]
tests/test_anthropic_adapter.py::TestStreamingAdapter::test_tool_call_streaming PASSED [  2%]
tests/test_anthropic_adapter.py::TestStreamingAdapter::test_finalize_emits_message_stop PASSED [  2%]
tests/test_anthropic_adapter.py::TestStreamingAdapter::test_finalize_reports_stop_reason_tool_use PASSED [  2%]
tests/test_anthropic_adapter.py::TestStreamingAdapter::test_usage_tracking PASSED [  2%]
tests/test_anthropic_adapter.py::TestStreamingAdapter::test_done_marker_ignored PASSED [  2%]
tests/test_anthropic_adapter.py::TestStreamingAdapter::test_non_data_lines_ignored PASSED [  2%]
tests/test_anthropic_adapter.py::TestStreamingAdapter::test_malformed_json_ignored PASSED [  2%]
tests/test_anthropic_adapter.py::TestAnthropicIntegrationCompat::test_converted_request_has_model_field PASSED [  2%]
tests/test_anthropic_adapter.py::TestAnthropicIntegrationCompat::test_converted_request_stream_options_for_batching PASSED [  2%]
tests/test_anthropic_adapter.py::TestAnthropicIntegrationCompat::test_enable_thinking_passes_through_for_reasoning_parser PASSED [  2%]
tests/test_anthropic_adapter.py::TestAnthropicIntegrationCompat::test_messages_serializable_for_cache_key PASSED [  2%]
tests/test_anthropic_adapter.py::TestAnthropicIntegrationCompat::test_tool_definitions_compatible_with_tool_parser PASSED [  2%]
tests/test_anthropic_adapter.py::TestAnthropicIntegrationCompat::test_multi_turn_with_tool_roundtrip PASSED [  2%]
tests/test_anthropic_adapter.py::TestAnthropicIntegrationCompat::test_omitted_max_tokens_stays_omitted_for_server_resolution PASSED [  2%]
tests/test_anthropic_adapter.py::TestAnthropicIntegrationCompat::test_empty_messages_rejected_by_validation PASSED [  2%]
tests/test_anthropic_adapter.py::TestRequestValidationEdgeCases::test_all_optional_fields_set_simultaneously PASSED [  2%]
tests/test_anthropic_adapter.py::TestRequestValidationEdgeCases::test_deeply_nested_tool_result_content PASSED [  2%]
tests/test_anthropic_adapter.py::TestRequestValidationEdgeCases::test_mixed_text_and_tool_result_in_user_message PASSED [  2%]
tests/test_anthropic_adapter.py::TestRequestValidationEdgeCases::test_assistant_with_only_thinking_blocks PASSED [  2%]
tests/test_anthropic_adapter.py::TestRequestValidationEdgeCases::test_multiple_tool_use_blocks_in_assistant PASSED [  2%]
tests/test_anthropic_adapter.py::TestRequestValidationEdgeCases::test_tool_result_with_empty_content_string PASSED [  2%]
tests/test_anthropic_adapter.py::TestRequestValidationEdgeCases::test_system_prompt_empty_string PASSED [  2%]
tests/test_anthropic_adapter.py::TestRequestValidationEdgeCases::test_system_prompt_empty_list PASSED [  2%]
tests/test_anthropic_adapter.py::TestToolParserCompatibility::test_tool_definitions_have_parameters_key PASSED [  2%]
tests/test_anthropic_adapter.py::TestToolParserCompatibility::test_tool_call_ids_survive_conversion PASSED [  2%]
tests/test_anthropic_adapter.py::TestToolParserCompatibility::test_multiple_tools_same_name_different_inputs PASSED [  2%]
tests/test_anthropic_adapter.py::TestToolParserCompatibility::test_tool_arguments_empty_object PASSED [  2%]
tests/test_anthropic_adapter.py::TestToolParserCompatibility::test_tool_arguments_nested_json PASSED [  2%]
tests/test_anthropic_adapter.py::TestStreamingStateMachine::test_thinking_to_text_transition PASSED [  2%]
tests/test_anthropic_adapter.py::TestStreamingStateMachine::test_text_to_tool_use_transition PASSED [  2%]
tests/test_anthropic_adapter.py::TestStreamingStateMachine::test_multiple_sequential_tool_calls PASSED [  2%]
tests/test_anthropic_adapter.py::TestStreamingStateMachine::test_interleaved_thinking_text_tool_all_closed PASSED [  2%]
tests/test_anthropic_adapter.py::TestStreamingStateMachine::test_usage_only_chunk_no_crash PASSED [  2%]
tests/test_anthropic_adapter.py::TestStreamingStateMachine::test_multiple_reasoning_chunks_accumulated PASSED [  2%]
tests/test_anthropic_stream_fixes.py::test_stop_reason_tool_use_when_finish_is_tool_calls PASSED [  3%]
tests/test_anthropic_stream_fixes.py::test_signature_delta_emitted_for_thinking PASSED [  3%]
tests/test_anthropic_stream_fixes.py::test_signature_delta_when_thinking_closed_at_finalize PASSED [  3%]
tests/test_anthropic_stream_fixes.py::test_mid_stream_error_emits_error_event PASSED [  3%]
tests/test_anthropic_stream_fixes.py::test_split_tool_id_then_name_never_opens_empty_anthropic_name PASSED [  3%]
tests/test_anthropic_stream_fixes.py::test_non_stream_messages_merges_split_tool_id_and_name PASSED [  3%]
tests/test_api_models.py::TestContentTypes::test_image_url_basic PASSED  [  3%]
tests/test_api_models.py::TestContentTypes::test_image_url_with_detail PASSED [  3%]
tests/test_api_models.py::TestContentTypes::test_video_url PASSED        [  3%]
tests/test_api_models.py::TestContentTypes::test_audio_url PASSED        [  3%]
tests/test_api_models.py::TestContentTypes::test_content_part_text PASSED [  3%]
tests/test_api_models.py::TestContentTypes::test_content_part_image PASSED [  3%]
tests/test_api_models.py::TestContentTypes::test_content_part_video PASSED [  3%]
tests/test_api_models.py::TestContentTypes::test_content_part_video_url PASSED [  3%]
tests/test_api_models.py::TestContentTypes::test_content_part_audio_url PASSED [  3%]
tests/test_api_models.py::TestMessage::test_simple_text_message PASSED   [  3%]
tests/test_api_models.py::TestMessage::test_assistant_reasoning_content_is_accepted_and_serialized_for_history PASSED [  3%]
tests/test_api_models.py::TestMessage::test_system_message PASSED        [  3%]
tests/test_api_models.py::TestMessage::test_assistant_message_with_tool_calls PASSED [  3%]
tests/test_api_models.py::TestMessage::test_tool_response_message PASSED [  3%]
tests/test_api_models.py::TestMessage::test_multimodal_message PASSED    [  3%]
tests/test_api_models.py::TestMessage::test_none_content PASSED          [  3%]
tests/test_api_models.py::TestToolCalling::test_function_call PASSED     [  3%]
tests/test_api_models.py::TestToolCalling::test_tool_call PASSED         [  3%]
tests/test_api_models.py::TestToolCalling::test_tool_call_default_type PASSED [  3%]
tests/test_api_models.py::TestToolCalling::test_tool_definition PASSED   [  3%]
tests/test_api_models.py::TestResponseFormat::test_default_text_format PASSED [  3%]
tests/test_api_models.py::TestResponseFormat::test_json_object_format PASSED [  3%]
tests/test_api_models.py::TestResponseFormat::test_json_schema_format PASSED [  3%]
tests/test_api_models.py::TestResponseFormat::test_json_schema_strict PASSED [  3%]
tests/test_api_models.py::TestResponseFormat::test_json_schema_default_strict PASSED [  3%]
tests/test_api_models.py::TestChatCompletion::test_minimal_request PASSED [  3%]
tests/test_api_models.py::TestChatCompletion::test_full_request PASSED   [  3%]
tests/test_api_models.py::TestChatCompletion::test_mllm_request_params PASSED [  3%]
tests/test_api_models.py::TestChatCompletion::test_assistant_message_reasoning PASSED [  3%]
tests/test_api_models.py::TestChatCompletion::test_assistant_message_no_reasoning PASSED [  3%]
tests/test_api_models.py::TestChatCompletion::test_assistant_message_with_tool_calls PASSED [  3%]
tests/test_api_models.py::TestChatCompletion::test_chat_completion_choice PASSED [  3%]
tests/test_api_models.py::TestChatCompletion::test_usage PASSED          [  3%]
tests/test_api_models.py::TestChatCompletion::test_usage_defaults PASSED [  3%]
tests/test_api_models.py::TestChatCompletion::test_chat_completion_response PASSED [  3%]
tests/test_api_models.py::TestChatCompletion::test_chat_completion_response_auto_fields PASSED [  3%]
tests/test_api_models.py::TestChatCompletion::test_chat_completion_response_supports_warnings_field PASSED [  3%]
tests/test_api_models.py::TestChatCompletion::test_chat_completion_response_warnings_default_none PASSED [  3%]
tests/test_api_models.py::TestTextCompletion::test_completion_request_string_prompt PASSED [  3%]
tests/test_api_models.py::TestTextCompletion::test_completion_request_list_prompt PASSED [  3%]
tests/test_api_models.py::TestTextCompletion::test_completion_choice PASSED [  3%]
tests/test_api_models.py::TestTextCompletion::test_completion_response PASSED [  3%]
tests/test_api_models.py::TestLogprobsRequestModels::test_chat_logprobs_and_top_logprobs_are_accepted PASSED [  3%]
tests/test_api_models.py::TestLogprobsRequestModels::test_chat_top_logprobs_auto_enables_logprobs PASSED [  3%]
tests/test_api_models.py::TestLogprobsRequestModels::test_chat_top_logprobs_rejects_explicit_logprobs_false PASSED [  3%]
tests/test_api_models.py::TestLogprobsRequestModels::test_chat_top_logprobs_is_capped_to_openai_limit[-1] PASSED [  3%]
tests/test_api_models.py::TestLogprobsRequestModels::test_chat_top_logprobs_is_capped_to_openai_limit[21] PASSED [  3%]
tests/test_api_models.py::TestLogprobsRequestModels::test_completion_logprobs_count_is_accepted PASSED [  3%]
tests/test_api_models.py::TestLogprobsRequestModels::test_completion_logprobs_count_is_capped[-1] PASSED [  3%]
tests/test_api_models.py::TestLogprobsRequestModels::test_completion_logprobs_count_is_capped[21] PASSED [  3%]
tests/test_api_models.py::TestModelsEndpoint::test_model_info PASSED     [  3%]
tests/test_api_models.py::TestModelsEndpoint::test_models_response PASSED [  3%]
tests/test_api_models.py::TestMCPModels::test_mcp_tool_info PASSED       [  3%]
tests/test_api_models.py::TestMCPModels::test_mcp_tools_response PASSED  [  3%]
tests/test_api_models.py::TestMCPModels::test_mcp_server_info PASSED     [  3%]
tests/test_api_models.py::TestMCPModels::test_mcp_server_info_with_error PASSED [  3%]
tests/test_api_models.py::TestMCPModels::test_mcp_execute_request PASSED [  3%]
tests/test_api_models.py::TestMCPModels::test_mcp_execute_request_default_args PASSED [  3%]
tests/test_api_models.py::TestMCPModels::test_mcp_execute_response PASSED [  4%]
tests/test_api_models.py::TestMCPModels::test_mcp_execute_response_error PASSED [  4%]
tests/test_api_models.py::TestAudioModels::test_speech_request_defaults PASSED [  4%]
tests/test_api_models.py::TestAudioModels::test_speech_request_custom PASSED [  4%]
tests/test_api_models.py::TestEmbeddingModels::test_embedding_request_string PASSED [  4%]
tests/test_api_models.py::TestEmbeddingModels::test_embedding_request_list PASSED [  4%]
tests/test_api_models.py::TestEmbeddingModels::test_embedding_data PASSED [  4%]
tests/test_api_models.py::TestEmbeddingModels::test_embedding_usage PASSED [  4%]
tests/test_api_models.py::TestEmbeddingModels::test_embedding_response PASSED [  4%]
tests/test_api_models.py::TestStreamingModels::test_chunk_delta_content PASSED [  4%]
tests/test_api_models.py::TestStreamingModels::test_chunk_delta_role PASSED [  4%]
tests/test_api_models.py::TestStreamingModels::test_chunk_delta_reasoning PASSED [  4%]
tests/test_api_models.py::TestStreamingModels::test_chunk_delta_tool_calls PASSED [  4%]
tests/test_api_models.py::TestStreamingModels::test_chunk_choice PASSED  [  4%]
tests/test_api_models.py::TestStreamingModels::test_chunk_choice_finished PASSED [  4%]
tests/test_api_models.py::TestStreamingModels::test_chat_completion_chunk PASSED [  4%]
tests/test_api_models.py::TestStreamingModels::test_chat_completion_chunk_with_usage PASSED [  4%]
tests/test_api_models.py::TestStreamingModels::test_chat_completion_chunk_supports_warnings_field PASSED [  4%]
tests/test_api_models.py::TestModelSerialization::test_assistant_message_serializes_reasoning_content PASSED [  4%]
tests/test_api_models.py::TestModelSerialization::test_chat_completion_response_json PASSED [  4%]
tests/test_api_models.py::TestModelSerialization::test_chunk_delta_serializes_reasoning_content PASSED [  4%]
tests/test_api_models.py::TestModelSerialization::test_response_format_json_schema_alias PASSED [  4%]
tests/test_api_models.py::TestParameterValidation::test_chat_temperature_valid_range PASSED [  4%]
tests/test_api_models.py::TestParameterValidation::test_chat_temperature_none_allowed PASSED [  4%]
tests/test_api_models.py::TestParameterValidation::test_chat_temperature_negative_rejected PASSED [  4%]
tests/test_api_models.py::TestParameterValidation::test_chat_temperature_above_max_rejected PASSED [  4%]
tests/test_api_models.py::TestParameterValidation::test_chat_top_p_valid_range PASSED [  4%]
tests/test_api_models.py::TestParameterValidation::test_chat_top_p_zero_rejected PASSED [  4%]
tests/test_api_models.py::TestParameterValidation::test_chat_top_p_above_one_rejected PASSED [  4%]
tests/test_api_models.py::TestParameterValidation::test_chat_max_tokens_valid PASSED [  4%]
tests/test_api_models.py::TestParameterValidation::test_chat_max_tokens_zero_rejected PASSED [  4%]
tests/test_api_models.py::TestParameterValidation::test_chat_max_tokens_negative_rejected PASSED [  4%]
tests/test_api_models.py::TestParameterValidation::test_chat_top_k_valid PASSED [  4%]
tests/test_api_models.py::TestParameterValidation::test_chat_top_k_negative_rejected PASSED [  4%]
tests/test_api_models.py::TestParameterValidation::test_chat_min_p_valid PASSED [  4%]
tests/test_api_models.py::TestParameterValidation::test_chat_min_p_out_of_range PASSED [  4%]
tests/test_api_models.py::TestParameterValidation::test_chat_repetition_penalty_valid PASSED [  4%]
tests/test_api_models.py::TestParameterValidation::test_chat_repetition_penalty_zero_rejected PASSED [  4%]
tests/test_api_models.py::TestParameterValidation::test_chat_repetition_penalty_negative_rejected PASSED [  4%]
tests/test_api_models.py::TestParameterValidation::test_completion_temperature_rejected PASSED [  4%]
tests/test_api_models.py::TestParameterValidation::test_completion_top_p_rejected PASSED [  4%]
tests/test_api_models.py::TestParameterValidation::test_completion_max_tokens_rejected PASSED [  4%]
tests/test_api_models.py::TestParameterValidation::test_completion_stop_normalized PASSED [  4%]
tests/test_api_models.py::TestParameterValidation::test_responses_temperature_rejected PASSED [  4%]
tests/test_api_models.py::TestParameterValidation::test_responses_top_p_rejected PASSED [  4%]
tests/test_api_models.py::TestParameterValidation::test_responses_max_output_tokens_rejected PASSED [  4%]
tests/test_api_models.py::TestParameterValidation::test_responses_accepts_supported_gemma4_image_token_budgets[70] PASSED [  4%]
tests/test_api_models.py::TestParameterValidation::test_responses_accepts_supported_gemma4_image_token_budgets[140] PASSED [  4%]
tests/test_api_models.py::TestParameterValidation::test_responses_accepts_supported_gemma4_image_token_budgets[280] PASSED [  4%]
tests/test_api_models.py::TestParameterValidation::test_responses_accepts_supported_gemma4_image_token_budgets[560] PASSED [  4%]
tests/test_api_models.py::TestParameterValidation::test_responses_accepts_supported_gemma4_image_token_budgets[1120] PASSED [  4%]
tests/test_api_models.py::TestParameterValidation::test_responses_rejects_unsupported_gemma4_image_token_budget PASSED [  4%]
tests/test_api_models.py::TestParameterValidation::test_responses_valid_params PASSED [  4%]
tests/test_api_models.py::TestParameterValidation::test_responses_accepts_standard_stream_obfuscation_option PASSED [  4%]
tests/test_api_models.py::TestParameterValidation::test_responses_stop_normalized PASSED [  4%]
tests/test_api_models.py::TestParameterValidation::test_audio_speed_valid PASSED [  4%]
tests/test_api_models.py::TestParameterValidation::test_audio_speed_zero_rejected PASSED [  4%]
tests/test_api_models.py::TestParameterValidation::test_audio_speed_too_high_rejected PASSED [  4%]
tests/test_api_models.py::TestParameterValidation::test_all_none_params_accepted PASSED [  4%]
tests/test_api_models.py::TestParameterValidation::test_n_only_one_supported PASSED [  4%]
tests/test_api_models.py::TestParameterValidation::test_n_one_accepted PASSED [  4%]
tests/test_api_surface_contract.py::test_api_surface_contract_default_out_tracks_current_release_proof_artifact PASSED [  4%]
tests/test_api_surface_contract.py::test_api_surface_contract_pins_named_public_surface_edges PASSED [  4%]
tests/test_api_surface_contract.py::test_api_surface_contract_requires_performance_health_epipe_normalization PASSED [  4%]
tests/test_api_surface_contract.py::test_api_surface_contract_hashes_cache_ipc_disconnect_guard PASSED [  5%]
tests/test_api_surface_contract.py::test_api_surface_contract_hashes_performance_health_disconnect_guard PASSED [  5%]
tests/test_api_surface_contract.py::test_api_surface_contract_status_fails_when_required_panel_markers_are_missing PASSED [  5%]
tests/test_api_surface_contract.py::test_api_surface_contract_source_hash_files_exist PASSED [  5%]
tests/test_api_surface_contract.py::test_noheavy_api_cache_contract_pins_named_server_rows PASSED [  5%]
tests/test_api_surface_contract.py::test_noheavy_api_cache_contract_cache_stats_telemetry_is_first_class_check PASSED [  5%]
tests/test_api_surface_contract.py::test_metal_headroom_guard_contract_covers_all_public_text_surfaces PASSED [  5%]
tests/test_api_surface_parity.py::test_parity_simple_user_message PASSED [  5%]
tests/test_api_surface_parity.py::test_parity_system_plus_user PASSED    [  5%]
tests/test_api_surface_parity.py::test_parity_multi_turn PASSED          [  5%]
tests/test_api_surface_parity.py::test_parity_empty_assistant_history_omitted PASSED [  5%]
tests/test_api_surface_parity.py::test_parity_anthropic_system_as_block_list PASSED [  5%]
tests/test_api_surface_parity.py::test_parity_ollama_options_translated_separately PASSED [  5%]
tests/test_api_surface_parity.py::test_parity_responses_input_text_join_convention PASSED [  5%]
tests/test_api_surface_parity.py::test_parity_ollama_think_omitted_stays_auto_but_false_opts_out PASSED [  5%]
tests/test_api_surface_parity.py::test_parity_ollama_string_false_does_not_force_reasoning_on PASSED [  5%]
tests/test_api_surface_parity.py::test_parity_anthropic_thinking_omitted_stays_auto_for_vmlx_runtime PASSED [  5%]
tests/test_api_utils.py::TestCleanOutputText::test_empty_string PASSED   [  5%]
tests/test_api_utils.py::TestCleanOutputText::test_none_returns_none PASSED [  5%]
tests/test_api_utils.py::TestCleanOutputText::test_plain_text_unchanged PASSED [  5%]
tests/test_api_utils.py::TestCleanOutputText::test_removes_im_end PASSED [  5%]
tests/test_api_utils.py::TestCleanOutputText::test_removes_im_start PASSED [  5%]
tests/test_api_utils.py::TestCleanOutputText::test_removes_endoftext PASSED [  5%]
tests/test_api_utils.py::TestCleanOutputText::test_removes_eot_id PASSED [  5%]
tests/test_api_utils.py::TestCleanOutputText::test_removes_end_token PASSED [  5%]
tests/test_api_utils.py::TestCleanOutputText::test_removes_start_header_id PASSED [  5%]
tests/test_api_utils.py::TestCleanOutputText::test_removes_s_tags PASSED [  5%]
tests/test_api_utils.py::TestCleanOutputText::test_removes_pad_tokens PASSED [  5%]
tests/test_api_utils.py::TestCleanOutputText::test_removes_sep_cls PASSED [  5%]
tests/test_api_utils.py::TestCleanOutputText::test_removes_multiple_special_tokens PASSED [  5%]
tests/test_api_utils.py::TestCleanOutputText::test_preserves_think_tags PASSED [  5%]
tests/test_api_utils.py::TestCleanOutputText::test_does_not_synthesize_missing_opening_think_tag PASSED [  5%]
tests/test_api_utils.py::TestCleanOutputText::test_no_extra_think_tag_when_already_present PASSED [  5%]
tests/test_api_utils.py::TestCleanOutputText::test_strips_whitespace PASSED [  5%]
tests/test_api_utils.py::TestCleanOutputText::test_combined_special_tokens_and_think PASSED [  5%]
tests/test_api_utils.py::TestSpecialTokensPattern::test_matches_all_expected_tokens PASSED [  5%]
tests/test_api_utils.py::TestSpecialTokensPattern::test_does_not_match_think_tags PASSED [  5%]
tests/test_api_utils.py::TestSpecialTokensPattern::test_does_not_match_normal_text PASSED [  5%]
tests/test_api_utils.py::TestIsMllmModel::test_force_mllm_always_true PASSED [  5%]
tests/test_api_utils.py::TestIsMllmModel::test_local_model_with_vision_config PASSED [  5%]
tests/test_api_utils.py::TestIsMllmModel::test_local_model_without_vision_config PASSED [  5%]
tests/test_api_utils.py::TestIsMllmModel::test_local_qwen3_5_text_model PASSED [  5%]
tests/test_api_utils.py::TestIsMllmModel::test_local_qwen3_5_vl_model PASSED [  5%]
tests/test_api_utils.py::TestIsMllmModel::test_minimax_m3_vl_routes_text_runtime_even_when_force_mllm PASSED [  5%]
tests/test_api_utils.py::TestIsMllmModel::test_remote_model_name_returns_false PASSED [  5%]
tests/test_api_utils.py::TestIsMllmModel::test_non_mllm_models PASSED    [  5%]
tests/test_api_utils.py::TestIsMllmModel::test_backwards_compatibility_alias PASSED [  5%]
tests/test_api_utils.py::TestIsMllmModel::test_malformed_config_json PASSED [  5%]
tests/test_api_utils.py::TestIsMllmModel::test_step37_jang_2l_routes_multimodal_after_source_runtime_port PASSED [  5%]
tests/test_api_utils.py::TestExtractMultimodalContent::test_simple_text_messages PASSED [  5%]
tests/test_api_utils.py::TestExtractMultimodalContent::test_assistant_reasoning_history_stays_separate_from_visible_content PASSED [  5%]
tests/test_api_utils.py::TestExtractMultimodalContent::test_reasoning_only_assistant_history_is_not_dropped PASSED [  5%]
tests/test_api_utils.py::TestExtractMultimodalContent::test_reasoning_and_native_tool_call_history_remain_adjacent PASSED [  5%]
tests/test_api_utils.py::TestExtractMultimodalContent::test_none_content PASSED [  5%]
tests/test_api_utils.py::TestExtractMultimodalContent::test_multimodal_with_image_url PASSED [  5%]
tests/test_api_utils.py::TestExtractMultimodalContent::test_multimodal_with_dict_image_url PASSED [  5%]
tests/test_api_utils.py::TestExtractMultimodalContent::test_multimodal_with_string_image_url PASSED [  5%]
tests/test_api_utils.py::TestExtractMultimodalContent::test_multimodal_with_video PASSED [  5%]
tests/test_api_utils.py::TestExtractMultimodalContent::test_multimodal_with_video_url PASSED [  5%]
tests/test_api_utils.py::TestExtractMultimodalContent::test_multimodal_with_string_video_url PASSED [  5%]
tests/test_api_utils.py::TestExtractMultimodalContent::test_multiple_images PASSED [  5%]
tests/test_api_utils.py::TestExtractMultimodalContent::test_tool_response_message PASSED [  5%]
tests/test_api_utils.py::TestExtractMultimodalContent::test_tool_response_preserve_native PASSED [  5%]
tests/test_api_utils.py::TestExtractMultimodalContent::test_assistant_with_tool_calls PASSED [  5%]
tests/test_api_utils.py::TestExtractMultimodalContent::test_assistant_with_tool_calls_preserve_native PASSED [  6%]
tests/test_api_utils.py::TestExtractMultimodalContent::test_dict_messages PASSED [  6%]
tests/test_api_utils.py::TestExtractMultimodalContent::test_image_type_content_with_raw_dicts PASSED [  6%]
tests/test_api_utils.py::TestExtractMultimodalContent::test_empty_messages PASSED [  6%]
tests/test_api_utils.py::TestExtractMultimodalContent::test_tool_response_none_content PASSED [  6%]
tests/test_api_utils.py::TestExtractMultimodalContent::test_multiple_text_parts_combined PASSED [  6%]
tests/test_api_utils.py::TestResolveToLocalPath::test_existing_directory_returned_as_is PASSED [  6%]
tests/test_api_utils.py::TestResolveToLocalPath::test_nonexistent_path_returned_as_is PASSED [  6%]
tests/test_api_utils.py::TestResolveToLocalPath::test_hf_repo_id_resolved_from_cache PASSED [  6%]
tests/test_api_utils.py::TestResolveToLocalPath::test_most_recent_revision_selected PASSED [  6%]
tests/test_api_utils.py::TestResolveToLocalPath::test_scan_cache_failure_returns_original PASSED [  6%]
tests/test_api_utils.py::TestResolveToLocalPath::test_cache_is_used PASSED [  6%]
tests/test_api_utils.py::TestResolveToLocalPath::test_none_last_modified_handled PASSED [  6%]
tests/test_api_utils.py::TestResolveToLocalPath::test_partial_snapshot_without_config_skipped PASSED [  6%]
tests/test_audio.py::TestSTTEngine::test_init_whisper PASSED             [  6%]
tests/test_audio.py::TestSTTEngine::test_init_parakeet PASSED            [  6%]
tests/test_audio.py::TestSTTEngine::test_default_models PASSED           [  6%]
tests/test_audio.py::TestSTTEngine::test_transcription_result PASSED     [  6%]
tests/test_audio.py::TestTTSEngine::test_init_kokoro PASSED              [  6%]
tests/test_audio.py::TestTTSEngine::test_init_chatterbox PASSED          [  6%]
tests/test_audio.py::TestTTSEngine::test_init_vibevoice PASSED           [  6%]
tests/test_audio.py::TestTTSEngine::test_init_voxcpm PASSED              [  6%]
tests/test_audio.py::TestTTSEngine::test_available_voices PASSED         [  6%]
tests/test_audio.py::TestTTSEngine::test_get_voices PASSED               [  6%]
tests/test_audio.py::TestTTSEngine::test_audio_output PASSED             [  6%]
tests/test_audio.py::TestAudioProcessor::test_init PASSED                [  6%]
tests/test_audio.py::TestAudioProcessor::test_default_model PASSED       [  6%]
tests/test_audio.py::TestAudioProcessor::test_separation_result PASSED   [  6%]
tests/test_audio.py::TestAPIModels::test_audio_url PASSED                [  6%]
tests/test_audio.py::TestAPIModels::test_content_part_audio PASSED       [  6%]
tests/test_audio.py::TestAPIModels::test_speech_request PASSED           [  6%]
tests/test_audio.py::TestAudioImports::test_import_audio_module PASSED   [  6%]
tests/test_audio.py::TestAudioImports::test_import_api_models PASSED     [  6%]
tests/test_audio.py::TestAudioIntegration::test_whisper_transcription SKIPPED [  6%]
tests/test_audio.py::TestAudioIntegration::test_kokoro_tts SKIPPED (...) [  6%]
tests/test_audio.py::TestAudioIntegration::test_sam_audio_separation SKIPPED [  6%]
tests/test_audio.py::TestTTSErrorMessages::test_tts_load_catches_import_error PASSED [  6%]
tests/test_audio.py::TestTTSErrorMessages::test_tts_transitive_dep_error_preserved PASSED [  6%]
tests/test_audio.py::TestTTSErrorMessages::test_stt_load_catches_import_error PASSED [  6%]
tests/test_audio.py::TestMambaCacheCompat::test_batch_mamba_cache_init PASSED [  6%]
tests/test_audio.py::TestMambaCacheCompat::test_batch_mamba_cache_init_no_padding PASSED [  6%]
tests/test_audio.py::TestMambaCacheCompat::test_batch_mamba_cache_extract PASSED [  6%]
tests/test_audio.py::TestMambaCacheCompat::test_batch_mamba_cache_merge PASSED [  6%]
tests/test_audio.py::TestMambaCacheCompat::test_empty_batch_kv_finalize_clears_padding PASSED [  6%]
tests/test_audio.py::TestMambaCacheCompat::test_empty_batch_rotating_finalize_clears_lengths PASSED [  6%]
tests/test_audio.py::TestMambaCacheCompat::test_empty_batch_kv_extract_returns_empty_cache PASSED [  6%]
tests/test_audio.py::TestMambaCacheCompat::test_empty_batch_rotating_extract_returns_empty_cache PASSED [  6%]
tests/test_audit_fixes.py::TestParameterBoundaries::test_temperature_exact_zero PASSED [  6%]
tests/test_audit_fixes.py::TestParameterBoundaries::test_temperature_exact_two PASSED [  6%]
tests/test_audit_fixes.py::TestParameterBoundaries::test_temperature_just_below_zero PASSED [  6%]
tests/test_audit_fixes.py::TestParameterBoundaries::test_temperature_just_above_two PASSED [  6%]
tests/test_audit_fixes.py::TestParameterBoundaries::test_top_p_smallest_valid PASSED [  6%]
tests/test_audit_fixes.py::TestParameterBoundaries::test_top_p_exact_one PASSED [  6%]
tests/test_audit_fixes.py::TestParameterBoundaries::test_top_p_exact_zero_rejected PASSED [  6%]
tests/test_audit_fixes.py::TestParameterBoundaries::test_top_p_negative_rejected PASSED [  6%]
tests/test_audit_fixes.py::TestParameterBoundaries::test_max_tokens_one PASSED [  6%]
tests/test_audit_fixes.py::TestParameterBoundaries::test_max_tokens_large PASSED [  6%]
tests/test_audit_fixes.py::TestParameterBoundaries::test_max_tokens_zero_rejected PASSED [  6%]
tests/test_audit_fixes.py::TestParameterBoundaries::test_max_tokens_negative_rejected PASSED [  6%]
tests/test_audit_fixes.py::TestParameterBoundaries::test_top_k_zero_allowed PASSED [  6%]
tests/test_audit_fixes.py::TestParameterBoundaries::test_top_k_one PASSED [  6%]
tests/test_audit_fixes.py::TestParameterBoundaries::test_top_k_negative_rejected PASSED [  6%]
tests/test_audit_fixes.py::TestParameterBoundaries::test_min_p_zero PASSED [  6%]
tests/test_audit_fixes.py::TestParameterBoundaries::test_min_p_one PASSED [  6%]
tests/test_audit_fixes.py::TestParameterBoundaries::test_min_p_above_one_rejected PASSED [  7%]
tests/test_audit_fixes.py::TestParameterBoundaries::test_min_p_negative_rejected PASSED [  7%]
tests/test_audit_fixes.py::TestParameterBoundaries::test_rep_penalty_tiny PASSED [  7%]
tests/test_audit_fixes.py::TestParameterBoundaries::test_rep_penalty_one PASSED [  7%]
tests/test_audit_fixes.py::TestParameterBoundaries::test_rep_penalty_large PASSED [  7%]
tests/test_audit_fixes.py::TestParameterBoundaries::test_rep_penalty_zero_rejected PASSED [  7%]
tests/test_audit_fixes.py::TestParameterBoundaries::test_rep_penalty_negative_rejected PASSED [  7%]
tests/test_audit_fixes.py::TestParameterBoundaries::test_all_params_at_boundaries PASSED [  7%]
tests/test_audit_fixes.py::TestCompletionRequestValidation::test_temperature_rejected PASSED [  7%]
tests/test_audit_fixes.py::TestCompletionRequestValidation::test_top_p_rejected PASSED [  7%]
tests/test_audit_fixes.py::TestCompletionRequestValidation::test_max_tokens_rejected PASSED [  7%]
tests/test_audit_fixes.py::TestCompletionRequestValidation::test_top_k_rejected PASSED [  7%]
tests/test_audit_fixes.py::TestCompletionRequestValidation::test_min_p_rejected PASSED [  7%]
tests/test_audit_fixes.py::TestCompletionRequestValidation::test_repetition_penalty_rejected PASSED [  7%]
tests/test_audit_fixes.py::TestCompletionRequestValidation::test_stop_normalized_string PASSED [  7%]
tests/test_audit_fixes.py::TestCompletionRequestValidation::test_stop_list_unchanged PASSED [  7%]
tests/test_audit_fixes.py::TestCompletionRequestValidation::test_valid_params PASSED [  7%]
tests/test_audit_fixes.py::TestResponsesRequestValidation::test_temperature_rejected PASSED [  7%]
tests/test_audit_fixes.py::TestResponsesRequestValidation::test_max_output_tokens_rejected PASSED [  7%]
tests/test_audit_fixes.py::TestResponsesRequestValidation::test_top_p_rejected PASSED [  7%]
tests/test_audit_fixes.py::TestResponsesRequestValidation::test_min_p_rejected PASSED [  7%]
tests/test_audit_fixes.py::TestResponsesRequestValidation::test_stop_normalized PASSED [  7%]
tests/test_audit_fixes.py::TestResponsesRequestValidation::test_valid_params PASSED [  7%]
tests/test_audit_fixes.py::TestAudioSpeechValidation::test_speed_valid_range PASSED [  7%]
tests/test_audit_fixes.py::TestAudioSpeechValidation::test_speed_zero_rejected PASSED [  7%]
tests/test_audit_fixes.py::TestAudioSpeechValidation::test_speed_negative_rejected PASSED [  7%]
tests/test_audit_fixes.py::TestAudioSpeechValidation::test_speed_above_max_rejected PASSED [  7%]
tests/test_audit_fixes.py::TestCLIValidation::test_negative_timeout_exits PASSED [  7%]
tests/test_audit_fixes.py::TestCLIValidation::test_temperature_out_of_range_exits PASSED [  7%]
tests/test_audit_fixes.py::TestCLIValidation::test_top_p_out_of_range_exits PASSED [  7%]
tests/test_audit_fixes.py::TestCLIValidation::test_port_out_of_range_logic PASSED [  7%]
tests/test_audit_fixes.py::TestAnthropicAdapterImports::test_logger_defined PASSED [  7%]
tests/test_audit_fixes.py::TestAnthropicAdapterImports::test_to_chat_completion_preserves_params PASSED [  7%]
tests/test_audit_fixes.py::TestAnthropicAdapterImports::test_to_chat_completion_stop_sequences PASSED [  7%]
tests/test_audit_fixes.py::TestAnthropicAdapterImports::test_to_chat_completion_thinking PASSED [  7%]
tests/test_audit_fixes.py::TestMCPContentLimit::test_extract_content_small PASSED [  7%]
tests/test_audit_fixes.py::TestMCPContentLimit::test_extract_content_oversized PASSED [  7%]
tests/test_audit_fixes.py::TestMCPContentLimit::test_extract_content_none PASSED [  7%]
tests/test_audit_fixes.py::TestMCPContentLimit::test_extract_content_bytes_counted PASSED [  7%]
tests/test_audit_fixes.py::TestDiskCacheSafety::test_stat_oserror_handled PASSED [  7%]
tests/test_audit_fixes.py::TestJANGLoader::test_is_jang_detects_jang_config PASSED [  7%]
tests/test_audit_fixes.py::TestJANGLoader::test_is_jang_detects_legacy_mxq PASSED [  7%]
tests/test_audit_fixes.py::TestJANGLoader::test_is_jang_false_for_normal_model PASSED [  7%]
tests/test_audit_fixes.py::TestJANGLoader::test_is_jang_false_for_nonexistent PASSED [  7%]
tests/test_audit_fixes.py::TestJANGLoader::test_missing_format_field_error PASSED [  7%]
tests/test_audit_fixes.py::TestJANGLoader::test_wrong_format_value_error PASSED [  7%]
tests/test_audit_fixes.py::TestJANGLoader::test_unsupported_version_error PASSED [  7%]
tests/test_audit_fixes.py::TestJANGLoader::test_infer_shape_q_proj PASSED [  7%]
tests/test_audit_fixes.py::TestJANGLoader::test_infer_shape_k_proj_gqa PASSED [  7%]
tests/test_audit_fixes.py::TestJANGLoader::test_infer_shape_gate_proj PASSED [  7%]
tests/test_audit_fixes.py::TestJANGLoader::test_infer_shape_fused_qkv PASSED [  7%]
tests/test_audit_fixes.py::TestJANGLoader::test_infer_shape_fused_gate_up PASSED [  7%]
tests/test_audit_fixes.py::TestJANGLoader::test_infer_shape_nested_text_config PASSED [  7%]
tests/test_audit_fixes.py::TestJANGLoader::test_infer_shape_expert_weight PASSED [  7%]
tests/test_audit_fixes.py::TestJANGLoader::test_infer_shape_moe_intermediate PASSED [  7%]
tests/test_audit_fixes.py::TestJANGLoader::test_infer_shape_moe_nested_config PASSED [  7%]
tests/test_audit_fixes.py::TestJANGLoader::test_infer_shape_shared_expert PASSED [  7%]
tests/test_audit_fixes.py::TestJANGLoader::test_infer_shape_w1_w2_naming PASSED [  7%]
tests/test_audit_fixes.py::TestJANGLoader::test_qwen_mixed_jang_uses_arch_dims_over_stale_shape_compatible_claims PASSED [  7%]
tests/test_audit_fixes.py::TestJANGLoader::test_infer_shape_fallback_known_dim PASSED [  7%]
tests/test_audit_fixes.py::TestJANGLoader::test_infer_shape_fallback_unknown_dim_factors PASSED [  7%]
tests/test_audit_fixes.py::TestJANGLoader::test_infer_shape_no_match PASSED [  7%]
tests/test_audit_fixes.py::TestJANGLoader::test_jang_repack_uses_uint32 PASSED [  7%]
tests/test_audit_fixes.py::TestStopNormalization::test_chat_string_to_list PASSED [  8%]
tests/test_audit_fixes.py::TestStopNormalization::test_chat_list_unchanged PASSED [  8%]
tests/test_audit_fixes.py::TestStopNormalization::test_chat_none_unchanged PASSED [  8%]
tests/test_audit_fixes.py::TestStopNormalization::test_completion_string_to_list PASSED [  8%]
tests/test_audit_fixes.py::TestStopNormalization::test_responses_string_to_list PASSED [  8%]
tests/test_audit_fixes.py::TestStopNormalization::test_n_greater_than_one_rejected PASSED [  8%]
tests/test_batching.py::TestRequest::test_request_creation PASSED        [  8%]
tests/test_batching.py::TestRequest::test_request_status_transitions PASSED [  8%]
tests/test_batching.py::TestRequest::test_request_output_tokens PASSED   [  8%]
tests/test_batching.py::TestRequest::test_request_comparison PASSED      [  8%]
tests/test_batching.py::TestPrefixHitTailAccounting::test_exact_hit_with_generation_suffix_refeeds_last_prompt_token PASSED [  8%]
tests/test_batching.py::TestPrefixHitTailAccounting::test_exact_hit_without_suffix_counts_n_minus_one_cached_tokens PASSED [  8%]
tests/test_batching.py::TestPrefixHitTailAccounting::test_disk_prefix_hit_refeeds_last_matched_token PASSED [  8%]
tests/test_batching.py::TestPrefixHitTailAccounting::test_disk_exact_hit_with_generation_suffix_refeeds_last_token PASSED [  8%]
tests/test_batching.py::TestSamplingParams::test_default_params PASSED   [  8%]
tests/test_batching.py::TestSamplingParams::test_custom_params PASSED    [  8%]
tests/test_batching.py::TestRequestOutput::test_output_creation PASSED   [  8%]
tests/test_batching.py::TestSchedulerLogprobs::test_greedy_scheduler_sampler_is_marked_logits_compatible PASSED [  8%]
tests/test_batching.py::TestSchedulerLogprobs::test_generation_batch_skips_logsumexp_for_greedy_no_logprobs PASSED [  8%]
tests/test_batching.py::TestSchedulerLogprobs::test_generation_batch_cpu_tolist_detour_is_model_gated PASSED [  8%]
tests/test_batching.py::TestSchedulerLogprobs::test_generation_batch_keeps_async_lookahead_for_normal_models PASSED [  8%]
tests/test_batching.py::TestSchedulerLogprobs::test_prompt_batch_prepare_runs_for_equal_length_multi_prompt_batches PASSED [  8%]
tests/test_batching.py::TestSchedulerLogprobs::test_format_token_logprobs_includes_sampled_token_and_top_k PASSED [  8%]
tests/test_batching.py::TestSchedulerLogprobs::test_format_token_logprobs_none_keeps_default_fast_path_empty PASSED [  8%]
tests/test_batching.py::TestSchedulerLogprobs::test_format_token_logprobs_rejects_invalid_token_id PASSED [  8%]
tests/test_batching.py::TestSchedulerConfig::test_default_config PASSED  [  8%]
tests/test_batching.py::TestSchedulerConfig::test_custom_config PASSED   [  8%]
tests/test_batching.py::TestSchedulerBasic::test_scheduler_creation PASSED [  8%]
tests/test_batching.py::TestSchedulerBasic::test_legacy_turboquant_live_cache_clamps_to_single_sequence PASSED [  8%]
tests/test_batching.py::TestSchedulerBasic::test_batch_api_turboquant_live_cache_preserves_configured_batching PASSED [  8%]
tests/test_batching.py::TestSchedulerBasic::test_batch_api_turboquant_merge_preserves_turboquant_cache PASSED [  8%]
tests/test_batching.py::TestSchedulerBasic::test_add_request PASSED      [  8%]
tests/test_batching.py::TestSchedulerBasic::test_add_request_rejects_exact_tokenized_prompt_over_context_limit PASSED [  8%]
tests/test_batching.py::TestSchedulerBasic::test_mllm_exact_prompt_limit_counts_processor_expanded_media_tokens PASSED [  8%]
tests/test_batching.py::TestSchedulerBasic::test_mllm_media_prompt_limit_runs_before_pixel_and_prefix_cache PASSED [  8%]
tests/test_batching.py::TestSchedulerBasic::test_mllm_prompt_limit_error_round_trips_to_api_error PASSED [  8%]
tests/test_batching.py::TestSchedulerBasic::test_mllm_generic_prefill_error_round_trips_to_api_error PASSED [  8%]
tests/test_batching.py::TestSchedulerBasic::test_engine_loop_failure_is_structured_error_not_generated_text PASSED [  8%]
tests/test_batching.py::TestSchedulerBasic::test_output_collector_preserves_structured_error_when_merging PASSED [  8%]
tests/test_batching.py::TestSchedulerBasic::test_mllm_vlm_image_prefill_budget_error_round_trips_as_typed_error PASSED [  8%]
tests/test_batching.py::TestSchedulerBasic::test_mllm_vlm_image_prefill_budget_error_strips_legacy_type_prefix PASSED [  8%]
tests/test_batching.py::TestSchedulerBasic::test_memory_cache_exact_hit_with_generation_suffix_refeeds_last_key_token PASSED [  8%]
tests/test_batching.py::TestSchedulerBasic::test_prompt_disk_l2_exact_hit_with_generation_suffix_refeeds_last_key_token PASSED [  8%]
tests/test_batching.py::TestSchedulerBasic::test_add_duplicate_request PASSED [  8%]
tests/test_batching.py::TestSchedulerBasic::test_abort_waiting_request PASSED [  8%]
tests/test_batching.py::TestSchedulerBasic::test_abort_nonexistent_request PASSED [  8%]
tests/test_batching.py::TestSchedulerBasic::test_get_stats PASSED        [  8%]
tests/test_batching.py::TestSchedulerBasic::test_get_stats_exposes_request_lifecycle_without_prompts PASSED [  8%]
tests/test_batching.py::TestSchedulerBasic::test_memory_pressure_partially_reuses_paged_cache PASSED [  8%]
tests/test_batching.py::TestSchedulerBasic::test_memory_pressure_partial_reuse_records_effective_budget_and_final_cache PASSED [  8%]
tests/test_batching.py::TestSchedulerBasic::test_cache_merge_multiplier_uses_actual_cache_format_not_global_q4_flag PASSED [  8%]
tests/test_batching.py::TestSchedulerBasic::test_schedule_keeps_dequantized_cache_hit_when_q4_storage_flag_would_overbudget PASSED [  8%]
tests/test_batching.py::TestSchedulerBasic::test_worker_paged_tq_cache_hit_records_reconstruction_and_dequant_timing PASSED [  8%]
tests/test_batching.py::TestSchedulerBasic::test_worker_paged_tq_hit_rewraps_decoded_full_kv_for_live_cache_parity PASSED [  8%]
tests/test_batching.py::TestSchedulerBasic::test_memory_pressure_partial_reuse_preserves_generation_prompt_suffix PASSED [  8%]
tests/test_batching.py::TestSchedulerBasic::test_memory_pressure_reuses_shorter_dsv4_terminal_composite_prefix PASSED [  8%]
tests/test_batching.py::TestSchedulerBasic::test_memory_pressure_refuses_dsv4_partial_without_terminal_composite PASSED [  8%]
tests/test_batching.py::TestSchedulerBasic::test_cache_reuse_skip_records_partial_reason_and_full_prefill_action PASSED [  8%]
tests/test_batching.py::TestSchedulerBasic::test_memory_pressure_partially_reuses_hybrid_ssm_with_aligned_checkpoint PASSED [  8%]
tests/test_batching.py::TestSchedulerBasic::test_prompt_tq_disk_l2_hit_skips_synchronous_plain_paged_backfill PASSED [  8%]
tests/test_batching.py::TestSchedulerBasic::test_worker_direct_tq_disk_restore_rewraps_native_cache_before_insert PASSED [  8%]
tests/test_batching.py::TestSchedulerBasic::test_cold_paged_hit_can_yield_to_warm_prefix_cache PASSED [  8%]
tests/test_batching.py::TestSchedulerBasic::test_cold_paged_hit_without_warm_prefix_reports_no_alternative PASSED [  8%]
tests/test_batching.py::TestSchedulerBasic::test_paged_quantized_kv_hit_defers_worker_dequant_for_batch_generator PASSED [  8%]
tests/test_batching.py::TestSchedulerBasic::test_hybrid_ssm_checkpoint_alignment_falls_back_to_exact_aligned_state PASSED [  9%]
tests/test_batching.py::TestSchedulerBasic::test_hybrid_ssm_checkpoint_alignment_rejects_misaligned_state_without_exact PASSED [  9%]
tests/test_batching.py::TestSchedulerBasic::test_reset PASSED            [  9%]
tests/test_batching.py::TestSchedulerCacheResilience::test_memory_aware_cache_init PASSED [  9%]
tests/test_batching.py::TestSchedulerCacheResilience::test_block_disk_only_backend_does_not_substitute_memory_cache PASSED [  9%]
tests/test_batching.py::TestSchedulerCacheResilience::test_hybrid_block_disk_only_backend_attaches_typed_ssm_companion_l2 PASSED [  9%]
tests/test_batching.py::TestSchedulerCacheResilience::test_cache_miss_no_error PASSED [  9%]
tests/test_batching.py::TestSchedulerCacheResilience::test_cache_validation_rejects_none_cache PASSED [  9%]
tests/test_batching.py::TestSchedulerCacheResilience::test_cache_validation_accepts_valid_kv_cache PASSED [  9%]
tests/test_batching.py::TestSchedulerCacheResilience::test_cache_validation_rejects_none_layers PASSED [  9%]
tests/test_batching.py::TestSchedulerCacheResilience::test_recover_from_cache_error PASSED [  9%]
tests/test_batching.py::TestSchedulerCacheResilience::test_reschedule_running_requests PASSED [  9%]
tests/test_batching.py::TestSchedulerCacheResilience::test_is_cache_corruption_error PASSED [  9%]
tests/test_batching.py::TestSchedulerCacheResilience::test_extract_cache_states_partial_success PASSED [  9%]
tests/test_batching.py::TestSchedulerCacheResilience::test_memory_cache_stats_in_scheduler PASSED [  9%]
tests/test_batching.py::TestSchedulerCacheResilience::test_scheduler_records_successful_cache_hit_tokens_by_detail PASSED [  9%]
tests/test_batching.py::TestSchedulerCacheResilience::test_dsv4_cache_hit_repetition_processor_sees_generated_context_only PASSED [  9%]
tests/test_batching.py::TestEngineAsync::test_engine_lifecycle PASSED    [  9%]
tests/test_batching.py::TestEngineAsync::test_engine_context_manager PASSED [  9%]
tests/test_block_disk_bfloat16.py::TestSerializeBlock::test_bfloat16_kv_block PASSED [  9%]
tests/test_block_disk_bfloat16.py::TestSerializeBlock::test_float16_kv_block PASSED [  9%]
tests/test_block_disk_bfloat16.py::TestSerializeBlock::test_numpy_kv_block PASSED [  9%]
tests/test_block_disk_bfloat16.py::TestSerializeBlock::test_numpy_rotating_kv_block_preserves_absolute_window_state PASSED [  9%]
tests/test_block_disk_bfloat16.py::TestEndToEndRoundTrip::test_roundtrip_bfloat16 PASSED [  9%]
tests/test_block_disk_bfloat16.py::TestEndToEndRoundTrip::test_roundtrip_numpy PASSED [  9%]
tests/test_block_disk_bfloat16.py::TestWriteBlockAsync::test_bfloat16_block_writes PASSED [  9%]
tests/test_block_disk_bfloat16.py::TestWriteBlockAsync::test_numpy_block_writes PASSED [  9%]
tests/test_block_disk_bfloat16.py::TestWriteBlockAsync::test_numpy_rotating_kv_block_writes_and_counts_l2_tokens PASSED [  9%]
tests/test_block_disk_bfloat16.py::TestWriteBlockAsync::test_stats_include_persistent_token_count PASSED [  9%]
tests/test_block_disk_bfloat16.py::TestBfloat16Lossless::test_roundtrip_preserves_values_beyond_fp16_range PASSED [  9%]
tests/test_block_disk_default.py::test_paged_cache_defaults_block_disk_l2_on PASSED [  9%]
tests/test_block_disk_default.py::test_explicit_block_disk_opt_out_is_preserved PASSED [  9%]
tests/test_block_disk_default.py::test_block_disk_default_stays_on_without_paged_cache PASSED [  9%]
tests/test_block_disk_default.py::test_explicit_block_disk_opt_in_is_preserved_without_paged_cache PASSED [  9%]
tests/test_block_disk_default.py::test_block_disk_default_stays_off_without_prefix_cache PASSED [  9%]
tests/test_block_disk_default.py::test_block_disk_default_stays_off_without_continuous_batching PASSED [  9%]
tests/test_cache_architecture_contract.py::test_cache_architecture_contract_default_out_tracks_current_release_proof_artifact PASSED [  9%]
tests/test_cache_architecture_contract.py::test_cache_architecture_contract_hashes_real_tq_disk_store_source PASSED [  9%]
tests/test_cache_architecture_contract.py::test_block_prefix_cache_allowed_heads_include_mimo_swa_kv_heads PASSED [  9%]
tests/test_cache_architecture_contract.py::test_cache_architecture_contract_api_child_artifact_is_current PASSED [  9%]
tests/test_cache_architecture_contract.py::test_cache_architecture_contract_pins_named_cache_edges PASSED [  9%]
tests/test_cache_architecture_contract.py::test_cache_architecture_contract_pins_panel_launch_cache_policy PASSED [  9%]
tests/test_cache_architecture_contract.py::test_cache_architecture_contract_publishes_structured_family_matrix PASSED [  9%]
tests/test_cache_bypass.py::TestAPIModelFields::test_chat_request_accepts_cache_salt_string PASSED [  9%]
tests/test_cache_bypass.py::TestAPIModelFields::test_chat_request_accepts_skip_prefix_cache_bool PASSED [  9%]
tests/test_cache_bypass.py::TestAPIModelFields::test_chat_request_default_values_do_not_bypass PASSED [  9%]
tests/test_cache_bypass.py::TestAPIModelFields::test_completion_request_accepts_cache_salt PASSED [  9%]
tests/test_cache_bypass.py::TestAPIModelFields::test_completion_request_accepts_skip_prefix_cache PASSED [  9%]
tests/test_cache_bypass.py::TestComputeBypassFlag::test_none_request_returns_false PASSED [  9%]
tests/test_cache_bypass.py::TestComputeBypassFlag::test_no_bypass_fields_returns_false PASSED [  9%]
tests/test_cache_bypass.py::TestComputeBypassFlag::test_empty_cache_salt_returns_false PASSED [  9%]
tests/test_cache_bypass.py::TestComputeBypassFlag::test_non_empty_cache_salt_returns_true PASSED [  9%]
tests/test_cache_bypass.py::TestComputeBypassFlag::test_explicit_skip_prefix_cache_returns_true PASSED [  9%]
tests/test_cache_bypass.py::TestComputeBypassFlag::test_skip_prefix_cache_false_returns_false PASSED [  9%]
tests/test_cache_bypass.py::TestComputeBypassFlag::test_dsv4_model_does_not_implicitly_bypass PASSED [  9%]
tests/test_cache_bypass.py::TestComputeBypassFlag::test_cache_salt_and_skip_both_set_returns_true PASSED [  9%]
tests/test_cache_bypass.py::TestRequestBypassAttribute::test_default_bypass_is_false PASSED [  9%]
tests/test_cache_bypass.py::TestRequestBypassAttribute::test_set_bypass_to_true PASSED [  9%]
tests/test_cache_bypass.py::TestRequestBypassAttribute::test_bypass_survives_attribute_access_with_default PASSED [  9%]
tests/test_cache_bypass.py::TestSchedulerBypassGating::test_scheduler_schedule_has_bypass_gate PASSED [  9%]
tests/test_cache_bypass.py::TestSchedulerBypassGating::test_scheduler_store_path_honors_bypass PASSED [  9%]
tests/test_cache_bypass.py::TestSchedulerBypassGating::test_scheduler_finish_path_skips_cache_extraction_when_bypassed PASSED [  9%]
tests/test_cache_bypass.py::TestSchedulerBypassGating::test_mllm_scheduler_store_path_honors_bypass PASSED [  9%]
tests/test_cache_bypass.py::TestSchedulerBypassGating::test_mllm_scheduler_add_request_reads_bypass PASSED [  9%]
tests/test_cache_bypass.py::TestSchedulerBypassGating::test_mllm_scheduler_threads_bypass_to_batch_request PASSED [ 10%]
tests/test_cache_bypass.py::TestSchedulerBypassGating::test_mllm_batch_generator_gates_all_three_fetch_paths PASSED [ 10%]
tests/test_cache_bypass.py::TestSchedulerBypassGating::test_mllm_batch_generator_bypass_skips_ssm_capture_work PASSED [ 10%]
tests/test_cache_bypass.py::TestSchedulerBypassGating::test_mllm_batch_generator_gates_vision_pixel_cache_on_bypass PASSED [ 10%]
tests/test_cache_bypass.py::TestSchedulerBypassGating::test_engine_core_add_request_accepts_bypass PASSED [ 10%]
tests/test_cache_bypass.py::TestSchedulerBypassGating::test_batched_engine_threads_bypass_to_engine PASSED [ 10%]
tests/test_cache_bypass.py::TestSchedulerBypassGating::test_simple_engine_eats_bypass_kwarg PASSED [ 10%]
tests/test_cache_bypass.py::TestServerForwarding::test_helper_exists PASSED [ 10%]
tests/test_cache_bypass.py::TestServerForwarding::test_all_gateway_forward_sites_set_bypass_kwarg PASSED [ 10%]
tests/test_cache_bypass.py::TestServerForwarding::test_responses_output_text_survives_tool_history_conversion PASSED [ 10%]
tests/test_cache_bypass.py::TestServerForwarding::test_tool_parser_is_disabled_when_request_has_no_tools PASSED [ 10%]
tests/test_cache_bypass.py::TestServerForwarding::test_streaming_tool_detection_requires_request_tools PASSED [ 10%]
tests/test_cache_bypass.py::TestServerForwarding::test_explicit_cli_repetition_penalty_wins_over_dsv4_bundle_default PASSED [ 10%]
tests/test_cache_bypass.py::TestServerForwarding::test_dsv4_paged_block_disk_cache_is_not_force_disabled PASSED [ 10%]
tests/test_cache_bypass.py::TestServerForwarding::test_paged_l2_schema_invalidates_old_block_namespaces_for_all_families PASSED [ 10%]
tests/test_cache_bypass.py::TestServerForwarding::test_l2_namespaces_include_runtime_cache_fingerprint PASSED [ 10%]
tests/test_cache_bypass.py::TestServerForwarding::test_block_disk_record_rejects_runtime_fingerprint_drift PASSED [ 10%]
tests/test_cache_bypass.py::TestServerForwarding::test_block_disk_round_trip_preserves_trailing_skip_cache_slots PASSED [ 10%]
tests/test_cache_bypass.py::TestServerForwarding::test_ssm_companion_record_rejects_runtime_fingerprint_drift PASSED [ 10%]
tests/test_cache_bypass.py::TestHappyPathStillUsesCache::test_scheduler_still_does_fetch_when_not_bypassed PASSED [ 10%]
tests/test_cache_bypass.py::TestHappyPathStillUsesCache::test_default_request_does_not_bypass PASSED [ 10%]
tests/test_cache_bypass.py::TestHappyPathStillUsesCache::test_chat_request_without_cache_salt_does_not_bypass PASSED [ 10%]
tests/test_cache_bypass.py::TestMixedAttentionRotatingCacheSupport::test_llm_scheduler_has_mixed_attention_helper PASSED [ 10%]
tests/test_cache_bypass.py::TestMixedAttentionRotatingCacheSupport::test_mllm_scheduler_has_mixed_attention_helper PASSED [ 10%]
tests/test_cache_bypass.py::TestMixedAttentionRotatingCacheSupport::test_mllm_disk_l2_fetch_uses_longest_prefix PASSED [ 10%]
tests/test_cache_bypass.py::TestMixedAttentionRotatingCacheSupport::test_mllm_memory_aware_mixed_swa_store_uses_clean_prefill PASSED [ 10%]
tests/test_cache_bypass.py::TestMixedAttentionRotatingCacheSupport::test_mixed_attention_helper_detects_gemma4_layer_types PASSED [ 10%]
tests/test_cache_bypass.py::TestMixedAttentionRotatingCacheSupport::test_mixed_attention_helper_ignores_uniform_models PASSED [ 10%]
tests/test_cache_bypass.py::TestMixedAttentionRotatingCacheSupport::test_mixed_attention_helper_handles_text_config PASSED [ 10%]
tests/test_cache_bypass.py::TestMixedAttentionRotatingCacheSupport::test_mixed_attention_helpers_normalize_layer_type_case PASSED [ 10%]
tests/test_cache_bypass.py::TestMixedAttentionRotatingCacheSupport::test_mixed_attention_helper_detects_mimo_v2_asymmetric_swa_subtype PASSED [ 10%]
tests/test_cache_bypass.py::TestRotatingKVCacheMetaStateTruncation::test_rotating_kv_cache_preserves_keep_and_max_size PASSED [ 10%]
tests/test_cache_bypass.py::TestRotatingKVCacheMetaStateTruncation::test_rotating_kv_cache_wrapped_refuses_store PASSED [ 10%]
tests/test_cache_bypass.py::TestRotatingKVCacheMetaStateTruncation::test_standard_kv_cache_meta_state_unchanged PASSED [ 10%]
tests/test_cache_bypass.py::TestRotatingKVCacheMetaStateTruncation::test_quantized_kv_cache_preserves_group_size_and_bits PASSED [ 10%]
tests/test_cache_bypass.py::TestDeepseekV32AbsorbFp32Patch::test_bundled_deepseek_v32_has_fp32_absorb_fix PASSED [ 10%]
tests/test_cache_bypass.py::TestDeepseekV32AbsorbFp32Patch::test_only_l_eq_1_branch_is_touched_not_prefill PASSED [ 10%]
tests/test_cache_bypass.py::TestDeepseekV32AbsorbFp32Patch::test_bundled_deepseek_v32_module_imports PASSED [ 10%]
tests/test_cache_bypass.py::TestDeepseekV32AbsorbFp32Patch::test_bundled_mistral4_has_fp32_absorb_fix PASSED [ 10%]
tests/test_cache_bypass.py::TestMistral4ModelTypePromotion::test_v2_llm_loader_has_mistral4_promotion PASSED [ 10%]
tests/test_cache_bypass.py::TestMistral4ModelTypePromotion::test_v2_llm_loader_has_lm_strip PASSED [ 10%]
tests/test_cache_bypass.py::TestMistral4ModelTypePromotion::test_v2_llm_loader_has_post_promo_requantize PASSED [ 10%]
tests/test_cache_fixes.py::TestSchedulerRequestsCleanup::test_requests_pop_is_present_in_cleanup PASSED [ 10%]
tests/test_cache_fixes.py::TestSchedulerRequestsCleanup::test_abort_request_handles_missing PASSED [ 10%]
tests/test_cache_fixes.py::TestDiskCacheThreadSafety::test_connection_created_with_cross_thread_flag PASSED [ 10%]
tests/test_cache_fixes.py::TestDiskCacheThreadSafety::test_cross_thread_sqlite_works PASSED [ 10%]
tests/test_cache_fixes.py::TestMemoryCacheRemoveLock::test_remove_source_has_lock PASSED [ 10%]
tests/test_cache_fixes.py::TestStreamingTimeoutSupport::test_keepalive_has_total_timeout_param PASSED [ 10%]
tests/test_cache_hit_worker_dequant.py::TestCacheHitWorkerDequant::test_memory_cache_q4_hit_defers_dequant_until_worker_schedule PASSED [ 10%]
tests/test_cache_hit_worker_dequant.py::TestCacheHitWorkerDequant::test_worker_schedule_dequantizes_flagged_memory_cache_hit PASSED [ 10%]
tests/test_cache_isolation.py::TestPrefixCacheIsolation::test_store_and_fetch_returns_same_data PASSED [ 10%]
tests/test_cache_isolation.py::TestPrefixCacheIsolation::test_different_tokens_no_cross_contamination PASSED [ 10%]
tests/test_cache_isolation.py::TestPrefixCacheIsolation::test_eviction_under_memory_pressure PASSED [ 10%]
tests/test_cache_isolation.py::TestPrefixCacheIsolation::test_stats_accuracy PASSED [ 10%]
tests/test_cache_isolation.py::TestPrefixCacheIsolation::test_prefix_match_returns_truncated PASSED [ 10%]
tests/test_cache_isolation.py::TestPrefixCacheIsolation::test_clear_removes_all_entries PASSED [ 10%]
tests/test_cache_isolation.py::TestRotatingKVCacheIsolation::test_clone_is_a_distinct_isolated_object PASSED [ 10%]
tests/test_cache_isolation.py::TestRotatingKVCacheIsolation::test_mutating_clone_does_not_pollute_stored_entry PASSED [ 10%]
tests/test_cache_isolation.py::TestRotatingKVCacheIsolation::test_reverse_truncation_refused_as_clean_miss PASSED [ 10%]
tests/test_cache_record_validator.py::test_well_formed_dsv4_43layer_record_accepted PASSED [ 10%]
tests/test_cache_record_validator.py::test_468gb_corruption_rejected PASSED [ 10%]
tests/test_cache_record_validator.py::test_layer_count_mismatch_rejected PASSED [ 10%]
tests/test_cache_record_validator.py::test_unknown_tag_rejected PASSED   [ 10%]
tests/test_cache_record_validator.py::test_dim_above_cap_rejected PASSED [ 10%]
tests/test_cache_record_validator.py::test_dsv4_pending_marker_passes PASSED [ 11%]
tests/test_cache_record_validator.py::test_total_bytes_cap_rejected PASSED [ 11%]
tests/test_cache_record_validator.py::test_malformed_entry_rejected PASSED [ 11%]
tests/test_cache_record_validator.py::test_reject_or_warn_returns_false_on_corrupt PASSED [ 11%]
tests/test_cache_record_validator.py::test_reject_or_warn_returns_true_on_clean PASSED [ 11%]
tests/test_cache_record_validator.py::test_quantized_kv_huge_meta_offset_rejected PASSED [ 11%]
tests/test_cache_record_validator.py::test_dsv4_huge_rotating_meta_offset_rejected PASSED [ 11%]
tests/test_cache_record_validator.py::test_dsv4_prefill_rotating_meta_idx_may_exceed_sliding_window PASSED [ 11%]
tests/test_cache_record_validator.py::test_rotating_kv_bad_max_size_rejected PASSED [ 11%]
tests/test_cache_record_validator.py::test_tq_native_metadata_huge_decode_shape_rejected PASSED [ 11%]
tests/test_cache_record_validator.py::test_tq_native_metadata_huge_offset_rejected PASSED [ 11%]
tests/test_cache_record_validator.py::test_live_cache_rejects_quantized_tuple_huge_shape PASSED [ 11%]
tests/test_cache_record_validator.py::test_live_cache_rejects_rotating_huge_offset PASSED [ 11%]
tests/test_cache_record_validator.py::test_live_cache_rejects_tq_encoded_huge_shape_when_keys_cleared PASSED [ 11%]
tests/test_cache_record_validator.py::test_live_cache_accepts_real_single_sequence_turboquant_with_unset_idx PASSED [ 11%]
tests/test_cache_record_validator.py::test_live_cache_rejects_fake_turboquant_with_unset_idx PASSED [ 11%]
tests/test_cache_record_validator.py::test_live_cache_accepts_clean_kv_layer PASSED [ 11%]
tests/test_cache_record_validator.py::test_header_validator_rejects_437gb_tensor PASSED [ 11%]
tests/test_cache_record_validator.py::test_header_validator_rejects_dim_overflow PASSED [ 11%]
tests/test_cache_record_validator.py::test_header_validator_accepts_large_tq_native_packed_vector PASSED [ 11%]
tests/test_cache_record_validator.py::test_header_validator_rejects_large_packed_name_without_tq_metadata PASSED [ 11%]
tests/test_cache_record_validator.py::test_header_validator_rejects_unknown_dtype PASSED [ 11%]
tests/test_cache_record_validator.py::test_header_validator_rejects_layer_count_mismatch PASSED [ 11%]
tests/test_cache_record_validator.py::test_header_validator_rejects_bad_data_offsets PASSED [ 11%]
tests/test_cache_record_validator.py::test_header_validator_rejects_truncated PASSED [ 11%]
tests/test_cache_record_validator.py::test_header_validator_rejects_huge_header PASSED [ 11%]
tests/test_cache_record_validator.py::test_header_validator_accepts_clean_dsv4 PASSED [ 11%]
tests/test_cache_record_validator.py::test_header_validator_rejects_missing_file PASSED [ 11%]
tests/test_cache_segment_boundaries.py::test_single_user_turn_produces_user_cache_boundary PASSED [ 11%]
tests/test_cache_segment_boundaries.py::test_single_system_turn_produces_system_cache_boundary PASSED [ 11%]
tests/test_cache_segment_boundaries.py::test_empty_or_assistant_only_history_keeps_safe_fallback PASSED [ 11%]
tests/test_cache_types.py::TestDetectCacheType::test_none_returns_unknown PASSED [ 11%]
tests/test_cache_types.py::TestDetectCacheType::test_kv_cache PASSED     [ 11%]
tests/test_cache_types.py::TestDetectCacheType::test_rotating_kv_cache PASSED [ 11%]
tests/test_cache_types.py::TestDetectCacheType::test_mamba_cache PASSED  [ 11%]
tests/test_cache_types.py::TestDetectCacheType::test_arrays_cache PASSED [ 11%]
tests/test_cache_types.py::TestDetectCacheType::test_cache_list PASSED   [ 11%]
tests/test_cache_types.py::TestDetectCacheType::test_quantized_kv_cache PASSED [ 11%]
tests/test_cache_types.py::TestDetectCacheType::test_batch_kv_cache PASSED [ 11%]
tests/test_cache_types.py::TestDetectCacheType::test_unknown_object PASSED [ 11%]
tests/test_cache_types.py::TestDetectCacheTypeFromState::test_class_name_kv PASSED [ 11%]
tests/test_cache_types.py::TestDetectCacheTypeFromState::test_class_name_rotating PASSED [ 11%]
tests/test_cache_types.py::TestDetectCacheTypeFromState::test_class_name_mamba PASSED [ 11%]
tests/test_cache_types.py::TestDetectCacheTypeFromState::test_class_name_batch_kv PASSED [ 11%]
tests/test_cache_types.py::TestDetectCacheTypeFromState::test_class_name_batch_mamba PASSED [ 11%]
tests/test_cache_types.py::TestDetectCacheTypeFromState::test_empty_state_no_class PASSED [ 11%]
tests/test_cache_types.py::TestDetectCacheTypeFromState::test_4d_tensor_state PASSED [ 11%]
tests/test_cache_types.py::TestDetectCacheTypeFromState::test_3d_tensor_state PASSED [ 11%]
tests/test_cache_types.py::TestPositionalCumulative::test_kv_is_positional PASSED [ 11%]
tests/test_cache_types.py::TestPositionalCumulative::test_rotating_is_positional PASSED [ 11%]
tests/test_cache_types.py::TestPositionalCumulative::test_quantized_is_positional PASSED [ 11%]
tests/test_cache_types.py::TestPositionalCumulative::test_mamba_is_not_positional PASSED [ 11%]
tests/test_cache_types.py::TestPositionalCumulative::test_arrays_is_not_positional PASSED [ 11%]
tests/test_cache_types.py::TestPositionalCumulative::test_mamba_is_cumulative PASSED [ 11%]
tests/test_cache_types.py::TestPositionalCumulative::test_arrays_is_cumulative PASSED [ 11%]
tests/test_cache_types.py::TestPositionalCumulative::test_kv_is_not_cumulative PASSED [ 11%]
tests/test_cache_types.py::TestPositionalCumulative::test_cache_list_is_neither PASSED [ 11%]
tests/test_cache_types.py::TestPositionalCumulative::test_unknown_is_neither PASSED [ 11%]
tests/test_cache_types.py::TestGetCacheStructureInfo::test_kv_cache_info PASSED [ 11%]
tests/test_cache_types.py::TestGetCacheStructureInfo::test_rotating_kv_cache_info PASSED [ 11%]
tests/test_cache_types.py::TestGetCacheStructureInfo::test_mamba_cache_info PASSED [ 11%]
tests/test_cache_types.py::TestGetCacheStructureInfo::test_cache_list_info PASSED [ 11%]
tests/test_cancellation.py::TestCancellationEndpoints::test_cancel_unknown_id_returns_404 PASSED [ 11%]
tests/test_cancellation.py::TestCancellationEndpoints::test_cancel_chat_completion_endpoint_exists PASSED [ 11%]
tests/test_cancellation.py::TestCancellationEndpoints::test_cancel_responses_endpoint_exists PASSED [ 12%]
tests/test_cancellation.py::TestCancellationEndpoints::test_cancel_responses_endpoint_calls_engine_with_response_id PASSED [ 12%]
tests/test_cancellation.py::TestCancellationEndpoints::test_cancel_responses_inactive_id_returns_404_after_engine_lookup PASSED [ 12%]
tests/test_cancellation.py::TestCancellationEndpoints::test_cancel_completions_endpoint_exists PASSED [ 12%]
tests/test_chat_template_kwargs.py::test_enable_thinking_sets_thinking_alias PASSED [ 12%]
tests/test_chat_template_kwargs.py::test_enable_thinking_wins_over_conflicting_extra_aliases PASSED [ 12%]
tests/test_chat_template_kwargs.py::test_processor_path_can_skip_thinking_alias PASSED [ 12%]
tests/test_cli_commands.py::TestConvertParser::test_convert_requires_bits PASSED [ 12%]
[...]
tests/test_vl_video_regression.py::TestImageEndpointModelCategoryGuards::test_image_gen_engine_generate_rejects_edit_class PASSED [ 97%]
tests/test_vl_video_regression.py::TestImageEndpointModelCategoryGuards::test_image_gen_engine_edit_rejects_generation_class PASSED [ 97%]
tests/test_vl_video_regression.py::TestSsmCompanionLongestPrefixResume::test_ssm_companion_cache_has_fetch_longest_prefix PASSED [ 97%]
tests/test_vl_video_regression.py::TestSsmCompanionLongestPrefixResume::test_fetch_longest_prefix_returns_checkpoint_below_max_len PASSED [ 97%]
tests/test_vl_video_regression.py::TestSsmCompanionLongestPrefixResume::test_fetch_longest_prefix_rejects_divergent_prefix PASSED [ 97%]
tests/test_vl_video_regression.py::TestSsmCompanionLongestPrefixResume::test_llm_scheduler_wires_resume_path PASSED [ 97%]
tests/test_vl_video_regression.py::TestSsmCompanionLongestPrefixResume::test_mllm_resume_default_on PASSED [ 97%]
tests/test_vl_video_regression.py::TestMlxStudio79ClaudeCodeCompat::test_mismatch_tracker_is_set_keyed_by_pair PASSED [ 97%]
tests/test_vl_video_regression.py::TestMlxStudio79ClaudeCodeCompat::test_chat_completion_mismatch_logs_info_per_pair PASSED [ 97%]
tests/test_vl_video_regression.py::TestMlxStudio79ClaudeCodeCompat::test_responses_mismatch_logs_info_per_pair PASSED [ 97%]
tests/test_vl_video_regression.py::TestMlxStudio79ClaudeCodeCompat::test_distinct_pairs_each_log_once PASSED [ 97%]
tests/test_vl_video_regression.py::TestChatHistoryClearAllButton::test_chat_history_has_handle_clear_all PASSED [ 97%]
tests/test_vl_video_regression.py::TestChatHistoryClearAllButton::test_chat_history_has_clear_all_button PASSED [ 97%]
tests/test_vl_video_regression.py::TestChatHistoryClearAllButton::test_chat_history_has_shift_click_quick_delete PASSED [ 97%]
tests/test_vl_video_regression.py::TestModelDeleteAlwaysVisible::test_model_delete_icon_not_invisible_by_default PASSED [ 97%]
tests/test_vl_video_regression.py::TestModelDeleteAlwaysVisible::test_model_delete_confirmation_dialog_shows_path PASSED [ 97%]
tests/test_vl_video_regression.py::TestContextLengthMemoryAdvisory::test_advisory_log_present_when_over_safe_limit PASSED [ 97%]
tests/test_vl_video_regression.py::TestContextLengthMemoryAdvisory::test_advisory_includes_actionable_recommendation PASSED [ 97%]
tests/test_vl_video_regression.py::TestImageModelDirectoryNameResolution::test_normalize_lowercases_and_strips_hf_org PASSED [ 97%]
tests/test_vl_video_regression.py::TestImageModelDirectoryNameResolution::test_normalize_strips_mflux_quant_decorations PASSED [ 97%]
tests/test_vl_video_regression.py::TestImageModelDirectoryNameResolution::test_normalize_strips_user_int_ext_prefix PASSED [ 97%]
tests/test_vl_video_regression.py::TestImageModelDirectoryNameResolution::test_supported_models_has_dotted_flux1_aliases PASSED [ 97%]
tests/test_vl_video_regression.py::TestImageModelDirectoryNameResolution::test_dotted_forms_resolve_via_canonicalization PASSED [ 97%]
tests/test_vl_video_regression.py::TestImageModelDirectoryNameResolution::test_load_resolves_marks_external_flux2_klein_9b PASSED [ 97%]
tests/test_vl_video_regression.py::TestImageModelDirectoryNameResolution::test_load_resolves_flux1_dev_mflux_8bit PASSED [ 97%]
tests/test_vl_video_regression.py::TestImageModelDirectoryNameResolution::test_load_resolves_int_prefix_qwen_image_edit PASSED [ 97%]
tests/test_vl_video_regression.py::TestImageModelDirectoryNameResolution::test_model_index_json_fallback_for_typo_rename PASSED [ 97%]
tests/test_vl_video_regression.py::TestImageModelDirectoryNameResolution::test_model_index_json_fallback_for_short_rename PASSED [ 97%]
tests/test_vl_video_regression.py::TestImageModelDirectoryNameResolution::test_detect_class_helper_maps_diffusers_classes PASSED [ 97%]
tests/test_vl_video_regression.py::TestImageModelDirectoryNameResolution::test_error_message_mentions_model_index_json_fallback PASSED [ 97%]
tests/test_vl_video_regression.py::TestReasoningLeakNonStreamVsStream::test_base_thinking_parser_no_tags_with_think_in_prompt_routes_to_reasoning PASSED [ 97%]
tests/test_vl_video_regression.py::TestReasoningLeakNonStreamVsStream::test_base_thinking_parser_no_tags_without_think_in_prompt_routes_to_content PASSED [ 97%]
tests/test_vl_video_regression.py::TestReasoningLeakNonStreamVsStream::test_base_thinking_parser_explicit_tags_still_work PASSED [ 97%]
tests/test_vl_video_regression.py::TestReasoningLeakNonStreamVsStream::test_base_thinking_parser_only_end_tag_implicit_think_still_works PASSED [ 98%]
tests/test_vl_video_regression.py::TestReasoningLeakNonStreamVsStream::test_generation_output_has_raw_text_field PASSED [ 98%]
tests/test_vl_video_regression.py::TestReasoningLeakNonStreamVsStream::test_generation_output_raw_text_defaults_empty PASSED [ 98%]
tests/test_vl_video_regression.py::TestReasoningLeakNonStreamVsStream::test_simple_engine_preserves_raw_text PASSED [ 98%]
tests/test_vl_video_regression.py::TestReasoningLeakNonStreamVsStream::test_server_nonstream_uses_raw_text_for_reasoning_extraction PASSED [ 98%]
tests/test_vl_video_regression.py::TestReasoningLeakNonStreamVsStream::test_qwen3_parser_delegates_no_tags_case_to_base PASSED [ 98%]
tests/test_vl_video_regression.py::TestReasoningLeakNonStreamVsStream::test_think_parser_case_4a_preserves_self_think_in_prompt PASSED [ 98%]
tests/test_vl_video_regression.py::TestGemma4HarmonyDefensive::test_gemma4_parser_does_not_match_harmony_pipe_marker PASSED [ 98%]
tests/test_vl_video_regression.py::TestGemma4HarmonyDefensive::test_gemma4_parser_strict_soc_match PASSED [ 98%]
tests/test_vl_video_regression.py::TestFixCohesiveness::test_extract_reasoning_has_documented_case_table PASSED [ 98%]
tests/test_vl_video_regression.py::TestFixCohesiveness::test_no_thread_local_or_global_state_hacks PASSED [ 98%]
tests/test_vl_video_regression.py::TestFixCohesiveness::test_raw_text_is_real_dataclass_field_not_dict_hack PASSED [ 98%]
tests/test_vl_video_regression.py::TestFixCohesiveness::test_server_uses_getattr_fallback_for_backcompat PASSED [ 98%]
tests/test_vl_video_regression.py::TestFixCohesiveness::test_qwen3_override_properly_delegates PASSED [ 98%]
tests/test_vl_video_regression.py::TestAnthropicThinkingSpecDefault::test_anthropic_adapter_preserves_auto_when_absent PASSED [ 98%]
tests/test_vl_video_regression.py::TestAnthropicThinkingSpecDefault::test_anthropic_adapter_honors_thinking_enabled PASSED [ 98%]
tests/test_vl_video_regression.py::TestAnthropicThinkingSpecDefault::test_anthropic_adapter_honors_thinking_disabled PASSED [ 98%]
tests/test_vl_video_regression.py::TestAnthropicThinkingSpecDefault::test_anthropic_adapter_honors_explicit_enable_thinking_true PASSED [ 98%]
tests/test_vl_video_regression.py::TestAnthropicThinkingSpecDefault::test_anthropic_adapter_explicit_false_overrides_thinking_enabled PASSED [ 98%]
tests/test_vl_video_regression.py::TestAnthropicThinkingSpecDefault::test_adapter_source_documents_wire_default PASSED [ 98%]
tests/test_vl_video_regression.py::TestGenPrefixEchoSuppression::test_batch_generator_captures_gen_prefix_tokens PASSED [ 98%]
tests/test_vl_video_regression.py::TestGenPrefixEchoSuppression::test_response_carries_gen_prefix_tokens_field PASSED [ 98%]
tests/test_vl_video_regression.py::TestGenPrefixEchoSuppression::test_scheduler_suppresses_re_emitted_prefix PASSED [ 98%]
tests/test_vl_video_regression.py::TestGenPrefixEchoSuppression::test_scheduler_snapshots_per_request PASSED [ 98%]
tests/test_vl_video_regression.py::TestGenPrefixEchoSuppression::test_suppression_does_not_fire_without_gen_prefix PASSED [ 98%]
tests/test_vl_video_regression.py::TestCleanOutputTextDegradedGemma4::test_clean_strips_thought_prefix_after_soc_strip PASSED [ 98%]
tests/test_vl_video_regression.py::TestCleanOutputTextDegradedGemma4::test_clean_strips_bare_thought_prefix PASSED [ 98%]
tests/test_vl_video_regression.py::TestCleanOutputTextDegradedGemma4::test_clean_preserves_full_degraded_form_split PASSED [ 98%]
tests/test_vl_video_regression.py::TestCleanOutputTextDegradedGemma4::test_clean_handles_no_thought_prefix_no_channel PASSED [ 98%]
tests/test_vl_video_regression.py::TestCleanOutputTextDegradedGemma4::test_clean_order_documented_in_source PASSED [ 98%]
tests/test_vl_video_regression.py::TestBatchedEnginePopulatesRawText::test_batched_mllm_path_has_raw_text PASSED [ 98%]
tests/test_vl_video_regression.py::TestBatchedEnginePopulatesRawText::test_batched_text_path_has_raw_text PASSED [ 98%]
tests/test_vl_video_regression.py::TestStreamingPostParseClean::test_chat_completions_streaming_cleans_delta PASSED [ 98%]
tests/test_vl_video_regression.py::TestStreamingPostParseClean::test_responses_streaming_cleans_delta PASSED [ 98%]
tests/test_vl_video_regression.py::TestResponsesNonStreamAppliesClean::test_responses_nonstream_post_parse_clean PASSED [ 98%]
tests/test_vl_video_regression.py::TestStreamingWhitespacePreservation::test_strip_marker_tokens_delta_preserves_leading_space PASSED [ 98%]
tests/test_vl_video_regression.py::TestStreamingWhitespacePreservation::test_strip_marker_tokens_delta_removes_markers PASSED [ 98%]
tests/test_vl_video_regression.py::TestStreamingWhitespacePreservation::test_strip_marker_tokens_delta_passthrough_plain PASSED [ 98%]
tests/test_vl_video_regression.py::TestStreamingWhitespacePreservation::test_server_streaming_uses_delta_safe_cleaner PASSED [ 98%]
tests/test_vl_video_regression.py::TestStreamingWhitespacePreservation::test_server_non_stream_still_uses_clean_output_text PASSED [ 98%]
tests/test_vl_video_regression.py::TestStreamingWhitespacePreservation::test_clean_output_text_still_strips PASSED [ 98%]
tests/test_vl_video_regression.py::TestStreamingWhitespacePreservation::test_delta_safe_helper_does_not_call_clean_output_text PASSED [ 98%]
tests/test_xml_function_tool_parser.py::TestXMLFunctionToolParser::test_no_tool_calls_returns_content_unchanged PASSED [ 98%]
tests/test_xml_function_tool_parser.py::TestXMLFunctionToolParser::test_single_function_with_typed_parameters PASSED [ 98%]
tests/test_xml_function_tool_parser.py::TestXMLFunctionToolParser::test_value_wrapper_is_unwrapped_before_json_coercion PASSED [ 98%]
tests/test_xml_function_tool_parser.py::TestXMLFunctionToolParser::test_hyphenated_literal_parameter_is_preserved PASSED [ 98%]
tests/test_xml_function_tool_parser.py::TestXMLFunctionToolParser::test_visible_text_around_tool_call_has_no_xml_function_leak PASSED [ 98%]
tests/test_xml_function_tool_parser.py::TestXMLFunctionToolParser::test_multiple_functions_in_one_tool_call PASSED [ 98%]
tests/test_xml_function_tool_parser.py::TestXMLFunctionToolParser::test_streaming_waits_until_tool_call_close PASSED [ 98%]
tests/test_xml_function_tool_parser.py::TestXMLFunctionToolParser::test_registry_aliases_resolve PASSED [ 98%]
tests/test_xml_function_tool_parser.py::TestXMLFunctionToolParser::test_repairs_missing_opening_tool_call_when_schema_allows_function PASSED [ 98%]
tests/test_xml_function_tool_parser.py::TestXMLFunctionToolParser::test_missing_opening_tool_call_repair_rejects_unknown_function PASSED [ 98%]
tests/test_xml_function_tool_parser.py::TestXMLFunctionToolParser::test_repairs_missing_closing_tool_call_when_schema_allows_function PASSED [ 98%]
tests/test_xml_function_tool_parser.py::TestXMLFunctionToolParser::test_missing_closing_tool_call_repair_rejects_unknown_function PASSED [ 98%]
tests/test_xml_function_tool_parser.py::TestXMLFunctionToolParser::test_bare_incomplete_tool_call_still_fails_closed PASSED [ 98%]
tests/test_zaya_conversion_routing.py::test_zaya_model_dir_detection_accepts_model_type_and_architecture PASSED [ 98%]
tests/test_zaya_conversion_routing.py::test_zaya_jang_profile_maps_generic_jang_profile_to_tq_bits PASSED [ 98%]
tests/test_zaya_conversion_routing.py::test_uniform_convert_routes_zaya_to_zaya_mxfp_converter PASSED [ 98%]
tests/test_zaya_conversion_routing.py::test_jang_convert_routes_zaya_to_zaya_jangtq_converter PASSED [ 98%]
tests/test_zaya_runtime.py::test_zaya_runtime_registers_as_mlx_lm_model PASSED [ 98%]
tests/test_zaya_runtime.py::test_zaya1_vl_runtime_registers_as_mlx_vlm_model PASSED [ 98%]
tests/test_zaya_runtime.py::test_zaya1_vl_language_model_combines_cca_and_moe_every_layer PASSED [ 98%]
tests/test_zaya_runtime.py::test_zaya1_vl_language_model_vision_lora_path_is_image_mask_gated PASSED [ 98%]
tests/test_zaya_runtime.py::test_zaya_router_mod_skip_expert_has_negative_balancing_bias PASSED [ 98%]
tests/test_zaya_runtime.py::test_zaya1_vl_model_forward_returns_mlx_vlm_language_output PASSED [ 99%]
tests/test_zaya_runtime.py::test_zaya1_vl_language_model_accepts_mlx_vlm_inputs_embeds_keyword PASSED [ 99%]
tests/test_zaya_runtime.py::test_zaya1_vl_language_model_matches_affine_quantized_switch_and_router_state PASSED [ 99%]
tests/test_zaya_runtime.py::test_zaya1_vl_model_config_exposes_mlx_vlm_image_token_alias PASSED [ 99%]
tests/test_zaya_runtime.py::test_zaya1_vl_model_config_merges_empty_text_config_with_flat_bundle_fields PASSED [ 99%]
tests/test_zaya_runtime.py::test_zaya1_vl_model_config_normalizes_affine_mxtq_module_mode PASSED [ 99%]
tests/test_zaya_runtime.py::test_jang_loader_quant_block_size_falls_back_to_group_size PASSED [ 99%]
tests/test_zaya_runtime.py::test_public_jang_loaders_accept_mxfp4_weight_format PASSED [ 99%]
tests/test_zaya_runtime.py::test_zaya1_vl_jang_vlm_processor_uses_local_inference_template PASSED [ 99%]
tests/test_zaya_runtime.py::test_zaya1_vl_exposes_raw_model_alias_for_jangtq_hydration PASSED [ 99%]
tests/test_zaya_runtime.py::test_zaya1_vl_sanitize_maps_prestacked_experts_without_double_mlp PASSED [ 99%]
tests/test_zaya_runtime.py::test_zaya1_vl_sanitize_transposes_vision_patch_embed_to_mlx_conv3d_layout PASSED [ 99%]
tests/test_zaya_runtime.py::test_build_vlm_processor_constructs_zaya1_vl_image_processor_when_autoload_falls_back SKIPPED [ 99%]
tests/test_zaya_runtime.py::test_zaya1_vl_processor_expands_image_token_to_grid_feature_count SKIPPED [ 99%]
tests/test_zaya_runtime.py::test_zaya1_vl_processor_prefers_chat_template_json_for_inference_prompt SKIPPED [ 99%]
tests/test_zaya_runtime.py::test_zaya1_vl_processor_wraps_string_content_for_list_template SKIPPED [ 99%]
tests/test_zaya_runtime.py::test_zaya1_vl_mllm_text_only_messages_use_plain_processor_content PASSED [ 99%]
tests/test_zaya_runtime.py::test_zaya1_vl_mllm_keeps_media_messages_rich_for_processor PASSED [ 99%]
tests/test_zaya_runtime.py::test_mimo_v2_mllm_text_only_messages_use_plain_processor_content PASSED [ 99%]
tests/test_zaya_runtime.py::test_mimo_v2_mllm_keeps_media_messages_rich_for_processor PASSED [ 99%]
tests/test_zaya_runtime.py::test_zaya1_vl_processor_preserves_list_content_for_list_aware_templates SKIPPED [ 99%]
tests/test_zaya_runtime.py::test_zaya1_vl_thinking_off_prompt_does_not_inject_closed_think PASSED [ 99%]
tests/test_zaya_runtime.py::test_zaya1_vl_affine_vlm_quant_candidates_include_raw_bundle_namespace PASSED [ 99%]
tests/test_zaya_runtime.py::test_batched_engine_zaya1_vl_uses_processor_template_when_prompt_utils_unsupported PASSED [ 99%]
tests/test_zaya_runtime.py::test_batched_engine_zaya1_vl_with_tools_still_uses_processor_image_template PASSED [ 99%]
tests/test_zaya_runtime.py::test_batched_engine_zaya1_vl_text_only_keeps_user_text SKIPPED [ 99%]
tests/test_zaya_runtime.py::test_batched_engine_zaya1_vl_text_parts_reach_processor_as_plain_text PASSED [ 99%]
tests/test_zaya_runtime.py::test_mllm_load_registers_zaya1_vl_adapter_before_stock_mlx_vlm_load PASSED [ 99%]
tests/test_zaya_runtime.py::test_zaya_cca_cache_carries_kv_conv_and_prev_hidden_state PASSED [ 99%]
tests/test_zaya_runtime.py::test_zaya_cca_cache_chunked_prefill_matches_single_shot_logits PASSED [ 99%]
tests/test_zaya_runtime.py::test_zaya_moe_no_state_cache_extracts_and_merges_cleanly PASSED [ 99%]
tests/test_zaya_runtime.py::test_zaya_scheduler_extract_preserves_all_layer_slots PASSED [ 99%]
tests/test_zaya_runtime.py::test_zaya_no_state_cache_round_trips_through_block_disk_serializer PASSED [ 99%]
tests/test_zaya_runtime.py::test_zaya_prompt_cache_restore_preserves_cca_and_no_state_slots PASSED [ 99%]
tests/test_zaya_runtime.py::test_zaya_typed_cca_block_disk_round_trip_continues_identically PASSED [ 99%]
tests/test_zaya_runtime.py::test_zaya_typed_cca_l2_disk_hit_restores_full_cache PASSED [ 99%]
tests/test_zaya_runtime.py::test_zaya_scheduler_uses_typed_cca_not_hybrid_ssm_companion PASSED [ 99%]
tests/test_zaya_runtime.py::test_zaya_scheduler_forces_prefix_only_to_paged_cache PASSED [ 99%]
tests/test_zaya_runtime.py::test_zaya_scheduler_stores_clean_prompt_boundary_for_paged_cache PASSED [ 99%]
tests/test_zaya_runtime.py::test_zaya_single_active_store_uses_clean_reprefill_not_snapshot PASSED [ 99%]
tests/test_zaya_runtime.py::test_zaya_single_active_multitoken_store_uses_clean_reprefill PASSED [ 99%]
tests/test_zaya_runtime.py::test_zaya_mllm_scheduler_uses_typed_cca_not_hybrid_ssm_companion PASSED [ 99%]
tests/test_zaya_runtime.py::test_zaya_mllm_paged_store_rederives_clean_prompt_boundary PASSED [ 99%]
tests/test_zaya_runtime.py::test_zaya_mllm_media_paged_store_skips_prefix_cache PASSED [ 99%]
tests/test_zaya_runtime.py::test_non_qwen_mllm_media_paged_store_fails_closed_without_unsafe_ack PASSED [ 99%]
tests/test_zaya_runtime.py::test_qwen_gemma_and_step_media_prefix_cache_default_on_and_respect_explicit_off PASSED [ 99%]
tests/test_zaya_runtime.py::test_mixed_swa_media_store_uses_captured_vision_boundary[gemma4-258880] PASSED [ 99%]
tests/test_zaya_runtime.py::test_mixed_swa_media_store_uses_captured_vision_boundary[step3p7-128001] PASSED [ 99%]
tests/test_zaya_runtime.py::test_clean_media_prefill_keeps_pixels_and_restores_qwen_position_state PASSED [ 99%]
tests/test_zaya_runtime.py::test_nondefault_mllm_media_paged_store_uses_side_key_with_unsafe_ack PASSED [ 99%]
tests/test_zaya_runtime.py::test_mllm_media_cache_key_ignores_prompt_attention_mask_length PASSED [ 99%]
tests/test_zaya_runtime.py::test_mllm_media_cache_key_uses_local_file_content_not_temp_path PASSED [ 99%]
tests/test_zaya_runtime.py::test_mllm_media_cache_key_includes_video_frame_settings PASSED [ 99%]
tests/test_zaya_runtime.py::test_mllm_media_cache_key_includes_audio_codes PASSED [ 99%]
tests/test_zaya_runtime.py::test_mllm_audio_payloads_are_media_cache_context PASSED [ 99%]
tests/test_zaya_runtime.py::test_mllm_paged_fetch_uses_request_cache_extra_keys_without_stale_name PASSED [ 99%]
tests/test_zaya_runtime.py::test_zaya_mllm_extract_cache_states_marks_cachelist_as_tensor_data PASSED [ 99%]
tests/test_zaya_runtime.py::test_zaya_frugal_store_keeps_terminal_cca_block_in_ram PASSED [ 99%]
tests/test_zaya_runtime.py::test_zaya_disk_only_nonterminal_cca_prefix_is_a_miss PASSED [ 99%]
tests/test_zaya_runtime.py::test_zaya_batch_generator_finishes_with_moe_no_state_cache PASSED [ 99%]
tests/test_zaya_runtime.py::test_local_zaya_mxfp4_loads_strictly_when_present PASSED [ 99%]
tests/test_zaya_runtime.py::test_zaya_xml_tool_parser_registered_and_parses_native_format PASSED [ 99%]
tests/test_zaya_runtime.py::test_zaya_xml_tool_parser_unwraps_value_tags_inside_parameters PASSED [ 99%]
tests/test_zaya_runtime.py::test_zaya_rendered_chat_prompt_encoding_does_not_append_eos PASSED [100%]

=============================== warnings summary ===============================
tests/test_mllm_scheduler_cache.py::test_mllm_raw_audio_without_processor_payload_fails_loudly
tests/test_mllm_scheduler_cache.py::test_mllm_mimo_raw_audio_bridge_populates_audio_codes
  /Users/eric/mlx/vllm-mlx/.venv/lib/python3.13/site-packages/librosa/core/audio.py:184: FutureWarning: librosa.core.audio.__audioread_load
    Deprecated as of librosa version 0.10.0.
    It will be removed in librosa version 1.0.
    y, sr_native = __audioread_load(path, offset, duration, dtype)

-- Docs: https://docs.pytest.org/en/stable/how-to/capture-warnings.html
=== 6290 passed, 96 skipped, 92 deselected, 2 warnings in 254.16s (0:04:14) ====
