============================= test session starts ==============================
platform darwin -- Python 3.13.11, pytest-9.0.2, pluggy-1.6.0
rootdir: /Users/eric/mlx/vllm-mlx
configfile: pytest.ini (WARNING: ignoring pytest config in pyproject.toml!)
plugins: asyncio-1.3.0, anyio-4.13.0
asyncio: mode=Mode.STRICT, debug=False, asyncio_default_fixture_loop_scope=None, asyncio_default_test_loop_scope=function
collected 581 items

tests/test_engine_audit.py ............................................. [  7%]
........................................................................ [ 20%]
........................................................................ [ 32%]
........................................................................ [ 44%]
........................................................................ [ 57%]
........................................................................ [ 69%]
........................................................................ [ 82%]
........................................................................ [ 94%]
................................                                         [100%]

============================= 581 passed in 5.70s ==============================
