<?xml version="1.0" encoding="utf-8"?><testsuites name="pytest tests"><testsuite name="pytest" errors="0" failures="0" skipped="96" tests="6299" time="234.726" timestamp="2026-07-20T07:33:37.925459-07:00" hostname="Erics-M5-Max.lan"><testcase classname="tests.integration.test_server_endpoints" name="test_health" time="0.000"><skipped type="pytest.skip" message="Integration tests require --server-url">/Users/eric/mlx/vllm-mlx-release-1.6.13/tests/integration/test_server_endpoints.py:22: Integration tests require --server-url</skipped></testcase><testcase classname="tests.integration.test_server_endpoints" name="test_models" time="0.000"><skipped type="pytest.skip" message="Integration tests require --server-url">/Users/eric/mlx/vllm-mlx-release-1.6.13/tests/integration/test_server_endpoints.py:33: Integration tests require --server-url</skipped></testcase><testcase classname="tests.integration.test_server_endpoints" name="test_chat_completion_nonstream" time="0.000"><skipped type="pytest.skip" message="Integration tests require --server-url">/Users/eric/mlx/vllm-mlx-release-1.6.13/tests/integration/test_server_endpoints.py:45: Integration tests require --server-url</skipped></testcase><testcase classname="tests.integration.test_server_endpoints" name="test_chat_completion_stream" time="0.000"><skipped type="pytest.skip" message="Integration tests require --server-url">/Users/eric/mlx/vllm-mlx-release-1.6.13/tests/integration/test_server_endpoints.py:59: Integration tests require --server-url</skipped></testcase><testcase classname="tests.integration.test_server_endpoints" name="test_chat_with_system" time="0.000"><skipped type="pytest.skip" message="Integration tests require --server-url">/Users/eric/mlx/vllm-mlx-release-1.6.13/tests/integration/test_server_endpoints.py:86: Integration tests require --server-url</skipped></testcase><testcase classname="tests.integration.test_server_endpoints" name="test_chat_tools" time="0.000"><skipped type="pytest.skip" message="Integration tests require --server-url">/Users/eric/mlx/vllm-mlx-release-1.6.13/tests/integration/test_server_endpoints.py:104: Integration tests require --server-url</skipped></testcase><testcase classname="tests.integration.test_server_endpoints" name="test_responses_api_nonstream" time="0.000"><skipped type="pytest.skip" message="Integration tests require --server-url">/Users/eric/mlx/vllm-mlx-release-1.6.13/tests/integration/test_server_endpoints.py:136: Integration tests require --server-url</skipped></testcase><testcase classname="tests.integration.test_server_endpoints" name="test_responses_api_stream" time="0.000"><skipped type="pytest.skip" message="Integration tests require --server-url">/Users/eric/mlx/vllm-mlx-release-1.6.13/tests/integration/test_server_endpoints.py:151: Integration tests require --server-url</skipped></testcase><testcase classname="tests.integration.test_server_endpoints" name="test_anthropic_messages_nonstream" time="0.000"><skipped type="pytest.skip" message="Integration tests require --server-url">/Users/eric/mlx/vllm-mlx-release-1.6.13/tests/integration/test_server_endpoints.py:172: Integration tests require --server-url</skipped></testcase><testcase classname="tests.integration.test_server_endpoints" name="test_anthropic_messages_stream" time="0.000"><skipped type="pytest.skip" message="Integration tests require --server-url">/Users/eric/mlx/vllm-mlx-release-1.6.13/tests/integration/test_server_endpoints.py:190: Integration tests require --server-url</skipped></testcase><testcase classname="tests.integration.test_server_endpoints" name="test_anthropic_messages_with_system" time="0.000"><skipped type="pytest.skip" message="Integration tests require --server-url">/Users/eric/mlx/vllm-mlx-release-1.6.13/tests/integration/test_server_endpoints.py:211: Integration tests require --server-url</skipped></testcase><testcase classname="tests.integration.test_server_endpoints" name="test_anthropic_messages_with_tools" time="0.000"><skipped type="pytest.skip" message="Integration tests require --server-url">/Users/eric/mlx/vllm-mlx-release-1.6.13/tests/integration/test_server_endpoints.py:225: Integration tests require --server-url</skipped></testcase><testcase classname="tests.integration.test_server_endpoints" name="test_cache_stats" time="0.000"><skipped type="pytest.skip" message="Integration tests require --server-url">/Users/eric/mlx/vllm-mlx-release-1.6.13/tests/integration/test_server_endpoints.py:250: Integration tests require --server-url</skipped></testcase><testcase classname="tests.integration.test_server_endpoints" name="test_sse_keepalive_comment_format" time="0.000"><skipped type="pytest.skip" message="Integration tests require --server-url">/Users/eric/mlx/vllm-mlx-release-1.6.13/tests/integration/test_server_endpoints.py:259: Integration tests require --server-url</skipped></testcase><testcase classname="tests.integration.test_server_endpoints" name="test_concurrent_requests" time="0.000"><skipped type="pytest.skip" message="Integration tests require --server-url">/Users/eric/mlx/vllm-mlx-release-1.6.13/tests/integration/test_server_endpoints.py:282: Integration tests require --server-url</skipped></testcase><testcase classname="tests.integration.test_server_endpoints" name="test_invalid_endpoint" time="0.000"><skipped type="pytest.skip" message="Integration tests require --server-url">/Users/eric/mlx/vllm-mlx-release-1.6.13/tests/integration/test_server_endpoints.py:302: Integration tests require --server-url</skipped></testcase><testcase classname="tests.integration.test_server_endpoints" name="test_empty_messages" time="0.000"><skipped type="pytest.skip" message="Integration tests require --server-url">/Users/eric/mlx/vllm-mlx-release-1.6.13/tests/integration/test_server_endpoints.py:308: Integration tests require --server-url</skipped></testcase><testcase classname="tests.test_affine_jit_default_gate" name="test_affine_jit_default_gated_on_compile_safety" time="0.001" /><testcase classname="tests.test_agents_release_control_plane" name="test_agents_pins_current_vmlx_mlxstudio_release_objective" time="0.001" /><testcase classname="tests.test_agents_release_control_plane" name="test_agents_forbids_fake_release_clearance_shortcuts" time="0.000" /><testcase classname="tests.test_agents_release_control_plane" name="test_release_tracker_points_at_current_control_plane_checklist" time="0.000" /><testcase classname="tests.test_all_local_model_smoke" name="test_configured_bench_python_resolves_relative_to_repo" time="0.010" /><testcase classname="tests.test_all_local_model_smoke" name="test_classify_model_detects_vl_hybrid_and_mtp" time="0.013" /><testcase classname="tests.test_all_local_model_smoke" name="test_classify_model_does_not_infer_zaya_vl_video_from_vl_name_or_token" time="0.009" /><testcase classname="tests.test_all_local_model_smoke" name="test_classify_model_keeps_zaya_text_non_reasoning" time="0.009" /><testcase classname="tests.test_all_local_model_smoke" name="test_classify_model_does_not_infer_nemotron_omni_video_from_name_only" time="0.009" /><testcase classname="tests.test_all_local_model_smoke" name="test_classify_model_routes_step3p7_advertised_vision_when_source_runtime_exists" time="0.009" /><testcase classname="tests.test_all_local_model_smoke" name="test_classify_model_marks_gemma4_unified_as_mixed_swa_cache" time="0.009" /><testcase classname="tests.test_all_local_model_smoke" name="test_classify_model_preserves_hy3_and_minimax_reasoning_probe_coverage" time="0.009" /><testcase classname="tests.test_all_local_model_smoke" name="test_classify_model_marks_mimo_v2_jang2l_as_multimodal_xml_tools_no_mtp" time="0.009" /><testcase classname="tests.test_all_local_model_smoke" name="test_classify_model_reads_mimo_v2_embedded_config_capabilities" time="0.009" /><testcase classname="tests.test_all_local_model_smoke" name="test_classify_model_marks_mimo_v2_without_jang_config_as_xml_tool_family" time="0.009" /><testcase classname="tests.test_all_local_model_smoke" name="test_filter_rows_excludes_mimo_audio_tokenizer_sidecar_by_default" time="0.008" /><testcase classname="tests.test_all_local_model_smoke" name="test_classify_model_marks_deepseek_v4_composite_cache" time="0.009" /><testcase classname="tests.test_all_local_model_smoke" name="test_classify_model_does_not_mark_explicit_nomtp_bundle" time="0.009" /><testcase classname="tests.test_all_local_model_smoke" name="test_build_serve_command_uses_production_auto_cache" time="0.009" /><testcase classname="tests.test_all_local_model_smoke" name="test_build_serve_command_uses_dsv4_native_composite_cache_flags" time="0.009" /><testcase classname="tests.test_all_local_model_smoke" name="test_build_serve_command_appends_explicit_extra_serve_args" time="0.009" /><testcase classname="tests.test_all_local_model_smoke" name="test_server_process_cwd_avoids_repo_root_for_isolated_bundled_smoke" time="0.009" /><testcase classname="tests.test_all_local_model_smoke" name="test_server_process_cwd_uses_repo_root_for_source_smoke" time="0.009" /><testcase classname="tests.test_all_local_model_smoke" name="test_probe_payloads_cover_repeat_text_reasoning_and_media" time="0.761" /><testcase classname="tests.test_all_local_model_smoke" name="test_media_probe_asks_for_colored_object_not_solid_frame_dominant_color" time="0.626" /><testcase classname="tests.test_all_local_model_smoke" name="test_probe_payloads_include_tool_probe_for_mimo_xml_tools" time="0.613" /><testcase classname="tests.test_all_local_model_smoke" name="test_repeat_cache_probe_uses_deterministic_exact_output_instruction" time="0.610" /><testcase classname="tests.test_all_local_model_smoke" name="test_mimo_repeat_cache_probe_uses_one_token_ack_cap" time="0.611" /><testcase classname="tests.test_all_local_model_smoke" name="test_mimo_repeat_cache_probe_avoids_custom_system_prompt_stop_trap" time="0.611" /><testcase classname="tests.test_all_local_model_smoke" name="test_zaya_repeat_cache_probe_uses_family_native_color_contract" time="0.008" /><testcase classname="tests.test_all_local_model_smoke" name="test_zaya_reasoning_probe_gets_budget_for_visible_final_answer" time="0.008" /><testcase classname="tests.test_all_local_model_smoke" name="test_nemotron_reasoning_probe_gets_budget_for_visible_final_answer" time="0.608" /><testcase classname="tests.test_all_local_model_smoke" name="test_qwen36_moe_mtp_reasoning_probe_gets_budget_for_visible_final_answer" time="0.605" /><testcase classname="tests.test_all_local_model_smoke" name="test_dsv4_repeat_cache_probe_crosses_native_block_threshold" time="0.008" /><testcase classname="tests.test_all_local_model_smoke" name="test_no_media_probe_uses_system_scoped_attachment_contract" time="0.610" /><testcase classname="tests.test_all_local_model_smoke" name="test_zaya_vl_no_media_probe_uses_attached_none_contract" time="0.608" /><testcase classname="tests.test_all_local_model_smoke" name="test_classify_zaya_vl_plain_template_does_not_claim_thinking" time="0.009" /><testcase classname="tests.test_all_local_model_smoke" name="test_video_probe_uses_effective_probe_option_not_static_inventory_flag" time="0.610" /><testcase classname="tests.test_all_local_model_smoke" name="test_request_json_returns_status_body_and_elapsed" time="0.009" /><testcase classname="tests.test_all_local_model_smoke" name="test_build_server_env_can_isolate_packaged_python" time="0.009" /><testcase classname="tests.test_all_local_model_smoke" name="test_build_server_env_can_add_explicit_source_dependency" time="0.008" /><testcase classname="tests.test_all_local_model_smoke" name="test_filter_rows_skips_auxiliary_dirs_by_default" time="0.009" /><testcase classname="tests.test_all_local_model_smoke" name="test_summarize_cache_uses_numeric_hits_not_field_names" time="0.008" /><testcase classname="tests.test_all_local_model_smoke" name="test_summarize_cache_reports_real_hits_and_hybrid_miss_fallbacks" time="0.008" /><testcase classname="tests.test_all_local_model_smoke" name="test_l2_restart_restore_summary_requires_fresh_process_disk_hit" time="0.008" /><testcase classname="tests.test_all_local_model_smoke" name="test_l2_restart_restore_summary_rejects_memory_only_cache_hit" time="0.008" /><testcase classname="tests.test_all_local_model_smoke" name="test_validate_probe_response_rejects_dsv4_control_fragment_garbage" time="0.008" /><testcase classname="tests.test_all_local_model_smoke" name="test_validate_probe_response_accepts_ack_probe" time="0.008" /><testcase classname="tests.test_all_local_model_smoke" name="test_validate_probe_response_rejects_non_bare_ack_for_cache_repeat" time="0.008" /><testcase classname="tests.test_all_local_model_smoke" name="test_validate_probe_response_accepts_family_specific_cache_expected_content" time="0.008" /><testcase classname="tests.test_all_local_model_smoke" name="test_validate_probe_response_requires_multiturn_recall_terms" time="0.008" /><testcase classname="tests.test_all_local_model_smoke" name="test_validate_probe_response_requires_reasoning_visible_final_answer" time="0.008" /><testcase classname="tests.test_all_local_model_smoke" name="test_build_probe_payloads_can_include_required_tool_probe" time="0.008" /><testcase classname="tests.test_all_local_model_smoke" name="test_build_probe_payloads_adds_mimo_literal_sentinel_probes" time="0.008" /><testcase classname="tests.test_all_local_model_smoke" name="test_structured_json_probes_request_json_schema_response_format" time="0.008" /><testcase classname="tests.test_all_local_model_smoke" name="test_mimo_structured_json_sentinel_requests_literal_schema_response_format" time="0.008" /><testcase classname="tests.test_all_local_model_smoke" name="test_build_probe_payloads_does_not_clip_mimo_multiturn_recall_to_cache_cap" time="0.008" /><testcase classname="tests.test_all_local_model_smoke" name="test_validate_probe_response_requires_expected_tool_call" time="0.008" /><testcase classname="tests.test_all_local_model_smoke" name="test_validate_probe_response_accepts_expected_tool_call" time="0.008" /><testcase classname="tests.test_all_local_model_smoke" name="test_validate_probe_response_accepts_mimo_sentinel_tool_call" time="0.008" /><testcase classname="tests.test_all_local_model_smoke" name="test_validate_probe_response_rejects_mimo_sentinel_dehyphenation" time="0.008" /><testcase classname="tests.test_all_local_model_smoke" name="test_validate_probe_response_accepts_mimo_sentinel_json_exactness" time="0.008" /><testcase classname="tests.test_all_local_model_smoke" name="test_validate_probe_response_rejects_mimo_sentinel_json_dehyphenation" time="0.008" /><testcase classname="tests.test_all_local_model_smoke" name="test_validate_probe_response_rejects_tool_visible_text_leak" time="0.008" /><testcase classname="tests.test_all_local_model_smoke" name="test_validate_probe_response_rejects_runaway_reasoning_loop" time="0.008" /><testcase classname="tests.test_all_local_model_smoke" name="test_validate_probe_response_checks_media_color_and_no_media_carryover" time="0.008" /><testcase classname="tests.test_all_local_model_smoke" name="test_validate_probe_response_rejects_stray_cjk_even_when_expected_term_present" time="0.008" /><testcase classname="tests.test_all_local_model_smoke" name="test_validate_probe_response_rejects_wider_cjk_kana_and_hangul_ranges" time="0.008" /><testcase classname="tests.test_all_local_model_smoke" name="test_validate_probe_response_accepts_exact_tool_result_sentence" time="0.008" /><testcase classname="tests.test_all_local_model_smoke" name="test_collect_probe_failures_uses_semantic_validation" time="0.008" /><testcase classname="tests.test_all_local_model_smoke" name="test_main_returns_nonzero_when_any_model_probe_fails" time="0.009" /><testcase classname="tests.test_all_local_model_smoke" name="test_main_writes_top_level_pass_status_when_all_model_probes_pass" time="0.009" /><testcase classname="tests.test_all_local_model_smoke" name="test_structured_json_validation_accepts_single_markdown_fence" time="0.008" /><testcase classname="tests.test_all_local_model_smoke" name="test_structured_json_validation_does_not_repair_semantic_values" time="0.008" /><testcase classname="tests.test_all_local_model_smoke" name="test_probe_options_obey_live_text_only_capabilities" time="0.008" /><testcase classname="tests.test_all_local_model_smoke" name="test_probe_options_allow_image_but_not_video_when_capability_missing_video" time="0.008" /><testcase classname="tests.test_all_local_model_smoke" name="test_probe_options_allow_audio_from_runtime_modalities" time="0.010" /><testcase classname="tests.test_all_local_model_smoke" name="test_probe_options_ignore_preserved_unwired_media_capabilities" time="0.008" /><testcase classname="tests.test_answer_pass_families_dsv4_step37" name="test_dsv4_has_native_answer_pass_but_step37_does_not_fake_one" time="0.000" /><testcase classname="tests.test_answer_pass_families_dsv4_step37" name="test_dsv4_and_step37_excluded_from_thinking_budget_cap" time="0.000" /><testcase classname="tests.test_answer_pass_families_dsv4_step37" name="test_answer_pass_labels_for_new_families" time="0.000" /><testcase classname="tests.test_answer_pass_families_dsv4_step37" name="test_answer_pass_fresh_context_families" time="0.000" /><testcase classname="tests.test_answer_pass_families_dsv4_step37" name="test_answer_pass_appends_reasoning_turn_for_legacy_families" time="0.000" /><testcase classname="tests.test_answer_pass_families_dsv4_step37" name="test_no_answer_family_keeps_full_pass_buffer_by_name" time="0.000" /><testcase classname="tests.test_answer_pass_families_dsv4_step37" name="test_thinking_reentry_matches_tag_variants" time="0.000" /><testcase classname="tests.test_answer_pass_families_dsv4_step37" name="test_answer_pass_buffers_degraded_gemma_thought_prefix" time="0.000" /><testcase classname="tests.test_answer_pass_families_dsv4_step37" name="test_minimax_family_armed_for_answer_pass" time="0.000" /><testcase classname="tests.test_answer_pass_streaming" name="test_streams_multiple_deltas_for_long_answer" time="0.000" /><testcase classname="tests.test_answer_pass_streaming" name="test_no_partial_marker_leak_gemma_channel" time="0.000" /><testcase classname="tests.test_answer_pass_streaming" name="test_short_plain_answer_streams_without_family_allowlist" time="0.000" /><testcase classname="tests.test_answer_pass_streaming" name="test_hy3_direct_rail_short_answer_streams_incrementally" time="0.000" /><testcase classname="tests.test_answer_pass_streaming" name="test_direct_rail_short_answer_is_not_model_allowlisted" time="0.000" /><testcase classname="tests.test_answer_pass_streaming" name="test_no_family_batches_ordinary_answer_text_by_name" time="0.000" /><testcase classname="tests.test_answer_pass_streaming" name="test_partial_close_think_marker_never_leaks_then_answer_streams" time="0.000" /><testcase classname="tests.test_answer_pass_streaming" name="test_reopened_reasoning_is_hidden_until_close_then_answer_streams" time="0.000" /><testcase classname="tests.test_answer_pass_streaming" name="test_dsv4_thinking_variant_is_hidden_then_answer_streams" time="0.000" /><testcase classname="tests.test_answer_pass_streaming" name="test_terminal_unclosed_reasoning_variant_never_leaks" time="0.000" /><testcase classname="tests.test_answer_pass_streaming" name="test_deltas_are_monotonic_prefix_extensions" time="0.000" /><testcase classname="tests.test_answer_pass_streaming" name="test_finished_empty_answer_yields_nothing" time="0.000" /><testcase classname="tests.test_answer_pass_streaming" name="test_enable_thinking_false_splits_on_close_think" time="0.000" /><testcase classname="tests.test_answer_pass_streaming" name="test_both_stream_sites_use_the_delta_helper" time="0.007" /><testcase classname="tests.test_answer_pass_streaming" name="test_internal_reasoning_pass_terminal_is_held_until_visible_answer_finishes" time="0.000" /><testcase classname="tests.test_answer_pass_streaming" name="test_genuine_main_pass_terminal_reasons_are_preserved" time="0.000" /><testcase classname="tests.test_answer_pass_streaming" name="test_chat_legacy_reasoning_fallback_cannot_precede_answer_pass" time="0.003" /><testcase classname="tests.test_answer_pass_streaming" name="test_main_chat_reasoning_content_is_never_terminally_buffered" time="0.003" /><testcase classname="tests.test_answer_pass_streaming" name="test_nonstream_answer_pass_replaces_length_truncated_visible_prefix" time="0.005" /><testcase classname="tests.test_anthropic_adapter.TestRequestConversion" name="test_basic_text_message" time="0.000" /><testcase classname="tests.test_anthropic_adapter.TestRequestConversion" name="test_omitted_max_tokens_stays_model_owned" time="0.000" /><testcase classname="tests.test_anthropic_adapter.TestRequestConversion" name="test_invalid_max_tokens_rejected_when_present" time="0.000" /><testcase classname="tests.test_anthropic_adapter.TestRequestConversion" name="test_system_prompt_string" time="0.000" /><testcase classname="tests.test_anthropic_adapter.TestRequestConversion" name="test_system_prompt_blocks" time="0.000" /><testcase classname="tests.test_anthropic_adapter.TestRequestConversion" name="test_temperature_and_top_p_passthrough" time="0.000" /><testcase classname="tests.test_anthropic_adapter.TestRequestConversion" name="test_stop_sequences" time="0.000" /><testcase classname="tests.test_anthropic_adapter.TestRequestConversion" name="test_stream_options_on_streaming" time="0.000" /><testcase classname="tests.test_anthropic_adapter.TestRequestConversion" name="test_stream_options_always_present_even_non_streaming" time="0.000" /><testcase classname="tests.test_anthropic_adapter.TestToolConversion" name="test_tool_definitions_converted" time="0.000" /><testcase classname="tests.test_anthropic_adapter.TestToolConversion" name="test_tool_choice_any_becomes_required" time="0.000" /><testcase classname="tests.test_anthropic_adapter.TestToolConversion" name="test_tool_choice_auto" time="0.000" /><testcase classname="tests.test_anthropic_adapter.TestToolConversion" name="test_tool_choice_none" time="0.000" /><testcase classname="tests.test_anthropic_adapter.TestToolConversion" name="test_tool_choice_specific_tool" time="0.000" /><testcase classname="tests.test_anthropic_adapter.TestToolConversion" name="test_assistant_tool_use_blocks" time="0.000" /><testcase classname="tests.test_anthropic_adapter.TestToolConversion" name="test_user_tool_result_blocks" time="0.000" /><testcase classname="tests.test_anthropic_adapter.TestThinkingConversion" name="test_thinking_enabled" time="0.000" /><testcase classname="tests.test_anthropic_adapter.TestThinkingConversion" name="test_thinking_disabled" time="0.000" /><testcase classname="tests.test_anthropic_adapter.TestThinkingConversion" name="test_thinking_not_specified" time="0.000" /><testcase classname="tests.test_anthropic_adapter.TestMultimodalConversion" name="test_base64_image" time="0.000" /><testcase classname="tests.test_anthropic_adapter.TestMultimodalConversion" name="test_url_image" time="0.000" /><testcase classname="tests.test_anthropic_adapter.TestResponseConversion" name="test_basic_text_response" time="0.000" /><testcase classname="tests.test_anthropic_adapter.TestResponseConversion" name="test_tool_call_response" time="0.000" /><testcase classname="tests.test_anthropic_adapter.TestResponseConversion" name="test_reasoning_response" time="0.000" /><testcase classname="tests.test_anthropic_adapter.TestResponseConversion" name="test_length_stop_reason" time="0.000" /><testcase classname="tests.test_anthropic_adapter.TestResponseConversion" name="test_empty_response" time="0.000" /><testcase classname="tests.test_anthropic_adapter.TestStreamingAdapter" name="test_first_chunk_emits_message_start" time="0.000" /><testcase classname="tests.test_anthropic_adapter.TestStreamingAdapter" name="test_text_content_streaming" time="0.000" /><testcase classname="tests.test_anthropic_adapter.TestStreamingAdapter" name="test_reasoning_content_streaming" time="0.000" /><testcase classname="tests.test_anthropic_adapter.TestStreamingAdapter" name="test_tool_call_streaming" time="0.000" /><testcase classname="tests.test_anthropic_adapter.TestStreamingAdapter" name="test_finalize_emits_message_stop" time="0.000" /><testcase classname="tests.test_anthropic_adapter.TestStreamingAdapter" name="test_finalize_reports_stop_reason_tool_use" time="0.000" /><testcase classname="tests.test_anthropic_adapter.TestStreamingAdapter" name="test_usage_tracking" time="0.000" /><testcase classname="tests.test_anthropic_adapter.TestStreamingAdapter" name="test_done_marker_ignored" time="0.000" /><testcase classname="tests.test_anthropic_adapter.TestStreamingAdapter" name="test_non_data_lines_ignored" time="0.000" /><testcase classname="tests.test_anthropic_adapter.TestStreamingAdapter" name="test_malformed_json_ignored" time="0.000" /><testcase classname="tests.test_anthropic_adapter.TestAnthropicIntegrationCompat" name="test_converted_request_has_model_field" time="0.000" /><testcase classname="tests.test_anthropic_adapter.TestAnthropicIntegrationCompat" name="test_converted_request_stream_options_for_batching" time="0.000" /><testcase classname="tests.test_anthropic_adapter.TestAnthropicIntegrationCompat" name="test_enable_thinking_passes_through_for_reasoning_parser" time="0.000" /><testcase classname="tests.test_anthropic_adapter.TestAnthropicIntegrationCompat" name="test_messages_serializable_for_cache_key" time="0.000" /><testcase classname="tests.test_anthropic_adapter.TestAnthropicIntegrationCompat" name="test_tool_definitions_compatible_with_tool_parser" time="0.000" /><testcase classname="tests.test_anthropic_adapter.TestAnthropicIntegrationCompat" name="test_multi_turn_with_tool_roundtrip" time="0.000" /><testcase classname="tests.test_anthropic_adapter.TestAnthropicIntegrationCompat" name="test_omitted_max_tokens_stays_omitted_for_server_resolution" time="0.000" /><testcase classname="tests.test_anthropic_adapter.TestAnthropicIntegrationCompat" name="test_empty_messages_rejected_by_validation" time="0.000" /><testcase classname="tests.test_anthropic_adapter.TestRequestValidationEdgeCases" name="test_all_optional_fields_set_simultaneously" time="0.000" /><testcase classname="tests.test_anthropic_adapter.TestRequestValidationEdgeCases" name="test_deeply_nested_tool_result_content" time="0.000" /><testcase classname="tests.test_anthropic_adapter.TestRequestValidationEdgeCases" name="test_mixed_text_and_tool_result_in_user_message" time="0.000" /><testcase classname="tests.test_anthropic_adapter.TestRequestValidationEdgeCases" name="test_assistant_with_only_thinking_blocks" time="0.000" /><testcase classname="tests.test_anthropic_adapter.TestRequestValidationEdgeCases" name="test_multiple_tool_use_blocks_in_assistant" time="0.000" /><testcase classname="tests.test_anthropic_adapter.TestRequestValidationEdgeCases" name="test_tool_result_with_empty_content_string" time="0.000" /><testcase classname="tests.test_anthropic_adapter.TestRequestValidationEdgeCases" name="test_system_prompt_empty_string" time="0.000" /><testcase classname="tests.test_anthropic_adapter.TestRequestValidationEdgeCases" name="test_system_prompt_empty_list" time="0.000" /><testcase classname="tests.test_anthropic_adapter.TestToolParserCompatibility" name="test_tool_definitions_have_parameters_key" time="0.000" /><testcase classname="tests.test_anthropic_adapter.TestToolParserCompatibility" name="test_tool_call_ids_survive_conversion" time="0.000" /><testcase classname="tests.test_anthropic_adapter.TestToolParserCompatibility" name="test_multiple_tools_same_name_different_inputs" time="0.000" /><testcase classname="tests.test_anthropic_adapter.TestToolParserCompatibility" name="test_tool_arguments_empty_object" time="0.000" /><testcase classname="tests.test_anthropic_adapter.TestToolParserCompatibility" name="test_tool_arguments_nested_json" time="0.000" /><testcase classname="tests.test_anthropic_adapter.TestStreamingStateMachine" name="test_thinking_to_text_transition" time="0.000" /><testcase classname="tests.test_anthropic_adapter.TestStreamingStateMachine" name="test_text_to_tool_use_transition" time="0.000" /><testcase classname="tests.test_anthropic_adapter.TestStreamingStateMachine" name="test_multiple_sequential_tool_calls" time="0.000" /><testcase classname="tests.test_anthropic_adapter.TestStreamingStateMachine" name="test_interleaved_thinking_text_tool_all_closed" time="0.000" /><testcase classname="tests.test_anthropic_adapter.TestStreamingStateMachine" name="test_usage_only_chunk_no_crash" time="0.000" /><testcase classname="tests.test_anthropic_adapter.TestStreamingStateMachine" name="test_multiple_reasoning_chunks_accumulated" time="0.000" /><testcase classname="tests.test_anthropic_stream_fixes" name="test_stop_reason_tool_use_when_finish_is_tool_calls" time="0.000" /><testcase classname="tests.test_anthropic_stream_fixes" name="test_signature_delta_emitted_for_thinking" time="0.000" /><testcase classname="tests.test_anthropic_stream_fixes" name="test_signature_delta_when_thinking_closed_at_finalize" time="0.000" /><testcase classname="tests.test_anthropic_stream_fixes" name="test_mid_stream_error_emits_error_event" time="0.000" /><testcase classname="tests.test_anthropic_stream_fixes" name="test_split_tool_id_then_name_never_opens_empty_anthropic_name" time="0.000" /><testcase classname="tests.test_api_models.TestContentTypes" name="test_image_url_basic" time="0.000" /><testcase classname="tests.test_api_models.TestContentTypes" name="test_image_url_with_detail" time="0.000" /><testcase classname="tests.test_api_models.TestContentTypes" name="test_video_url" time="0.000" /><testcase classname="tests.test_api_models.TestContentTypes" name="test_audio_url" time="0.000" /><testcase classname="tests.test_api_models.TestContentTypes" name="test_content_part_text" time="0.000" /><testcase classname="tests.test_api_models.TestContentTypes" name="test_content_part_image" time="0.000" /><testcase classname="tests.test_api_models.TestContentTypes" name="test_content_part_video" time="0.000" /><testcase classname="tests.test_api_models.TestContentTypes" name="test_content_part_video_url" time="0.000" /><testcase classname="tests.test_api_models.TestContentTypes" name="test_content_part_audio_url" time="0.000" /><testcase classname="tests.test_api_models.TestMessage" name="test_simple_text_message" time="0.000" /><testcase classname="tests.test_api_models.TestMessage" name="test_system_message" time="0.000" /><testcase classname="tests.test_api_models.TestMessage" name="test_assistant_message_with_tool_calls" time="0.000" /><testcase classname="tests.test_api_models.TestMessage" name="test_tool_response_message" time="0.000" /><testcase classname="tests.test_api_models.TestMessage" name="test_multimodal_message" time="0.000" /><testcase classname="tests.test_api_models.TestMessage" name="test_none_content" time="0.000" /><testcase classname="tests.test_api_models.TestToolCalling" name="test_function_call" time="0.000" /><testcase classname="tests.test_api_models.TestToolCalling" name="test_tool_call" time="0.000" /><testcase classname="tests.test_api_models.TestToolCalling" name="test_tool_call_default_type" time="0.000" /><testcase classname="tests.test_api_models.TestToolCalling" name="test_tool_definition" time="0.000" /><testcase classname="tests.test_api_models.TestResponseFormat" name="test_default_text_format" time="0.000" /><testcase classname="tests.test_api_models.TestResponseFormat" name="test_json_object_format" time="0.000" /><testcase classname="tests.test_api_models.TestResponseFormat" name="test_json_schema_format" time="0.000" /><testcase classname="tests.test_api_models.TestResponseFormat" name="test_json_schema_strict" time="0.000" /><testcase classname="tests.test_api_models.TestResponseFormat" name="test_json_schema_default_strict" time="0.000" /><testcase classname="tests.test_api_models.TestChatCompletion" name="test_minimal_request" time="0.000" /><testcase classname="tests.test_api_models.TestChatCompletion" name="test_full_request" time="0.000" /><testcase classname="tests.test_api_models.TestChatCompletion" name="test_mllm_request_params" time="0.000" /><testcase classname="tests.test_api_models.TestChatCompletion" name="test_assistant_message_reasoning" time="0.000" /><testcase classname="tests.test_api_models.TestChatCompletion" name="test_assistant_message_no_reasoning" time="0.000" /><testcase classname="tests.test_api_models.TestChatCompletion" name="test_assistant_message_with_tool_calls" time="0.000" /><testcase classname="tests.test_api_models.TestChatCompletion" name="test_chat_completion_choice" time="0.000" /><testcase classname="tests.test_api_models.TestChatCompletion" name="test_usage" time="0.000" /><testcase classname="tests.test_api_models.TestChatCompletion" name="test_usage_defaults" time="0.000" /><testcase classname="tests.test_api_models.TestChatCompletion" name="test_chat_completion_response" time="0.000" /><testcase classname="tests.test_api_models.TestChatCompletion" name="test_chat_completion_response_auto_fields" time="0.000" /><testcase classname="tests.test_api_models.TestChatCompletion" name="test_chat_completion_response_supports_warnings_field" time="0.000" /><testcase classname="tests.test_api_models.TestChatCompletion" name="test_chat_completion_response_warnings_default_none" time="0.000" /><testcase classname="tests.test_api_models.TestTextCompletion" name="test_completion_request_string_prompt" time="0.000" /><testcase classname="tests.test_api_models.TestTextCompletion" name="test_completion_request_list_prompt" time="0.000" /><testcase classname="tests.test_api_models.TestTextCompletion" name="test_completion_choice" time="0.000" /><testcase classname="tests.test_api_models.TestTextCompletion" name="test_completion_response" time="0.000" /><testcase classname="tests.test_api_models.TestLogprobsRequestModels" name="test_chat_logprobs_and_top_logprobs_are_accepted" time="0.000" /><testcase classname="tests.test_api_models.TestLogprobsRequestModels" name="test_chat_top_logprobs_auto_enables_logprobs" time="0.000" /><testcase classname="tests.test_api_models.TestLogprobsRequestModels" name="test_chat_top_logprobs_rejects_explicit_logprobs_false" time="0.000" /><testcase classname="tests.test_api_models.TestLogprobsRequestModels" name="test_chat_top_logprobs_is_capped_to_openai_limit[-1]" time="0.000" /><testcase classname="tests.test_api_models.TestLogprobsRequestModels" name="test_chat_top_logprobs_is_capped_to_openai_limit[21]" time="0.000" /><testcase classname="tests.test_api_models.TestLogprobsRequestModels" name="test_completion_logprobs_count_is_accepted" time="0.000" /><testcase classname="tests.test_api_models.TestLogprobsRequestModels" name="test_completion_logprobs_count_is_capped[-1]" time="0.000" /><testcase classname="tests.test_api_models.TestLogprobsRequestModels" name="test_completion_logprobs_count_is_capped[21]" time="0.000" /><testcase classname="tests.test_api_models.TestModelsEndpoint" name="test_model_info" time="0.000" /><testcase classname="tests.test_api_models.TestModelsEndpoint" name="test_models_response" time="0.000" /><testcase classname="tests.test_api_models.TestMCPModels" name="test_mcp_tool_info" time="0.000" /><testcase classname="tests.test_api_models.TestMCPModels" name="test_mcp_tools_response" time="0.000" /><testcase classname="tests.test_api_models.TestMCPModels" name="test_mcp_server_info" time="0.000" /><testcase classname="tests.test_api_models.TestMCPModels" name="test_mcp_server_info_with_error" time="0.000" /><testcase classname="tests.test_api_models.TestMCPModels" name="test_mcp_execute_request" time="0.000" /><testcase classname="tests.test_api_models.TestMCPModels" name="test_mcp_execute_request_default_args" time="0.000" /><testcase classname="tests.test_api_models.TestMCPModels" name="test_mcp_execute_response" time="0.000" /><testcase classname="tests.test_api_models.TestMCPModels" name="test_mcp_execute_response_error" time="0.000" /><testcase classname="tests.test_api_models.TestAudioModels" name="test_speech_request_defaults" time="0.000" /><testcase classname="tests.test_api_models.TestAudioModels" name="test_speech_request_custom" time="0.000" /><testcase classname="tests.test_api_models.TestEmbeddingModels" name="test_embedding_request_string" time="0.000" /><testcase classname="tests.test_api_models.TestEmbeddingModels" name="test_embedding_request_list" time="0.000" /><testcase classname="tests.test_api_models.TestEmbeddingModels" name="test_embedding_data" time="0.000" /><testcase classname="tests.test_api_models.TestEmbeddingModels" name="test_embedding_usage" time="0.000" /><testcase classname="tests.test_api_models.TestEmbeddingModels" name="test_embedding_response" time="0.000" /><testcase classname="tests.test_api_models.TestStreamingModels" name="test_chunk_delta_content" time="0.000" /><testcase classname="tests.test_api_models.TestStreamingModels" name="test_chunk_delta_role" time="0.000" /><testcase classname="tests.test_api_models.TestStreamingModels" name="test_chunk_delta_reasoning" time="0.000" /><testcase classname="tests.test_api_models.TestStreamingModels" name="test_chunk_delta_tool_calls" time="0.000" /><testcase classname="tests.test_api_models.TestStreamingModels" name="test_chunk_choice" time="0.000" /><testcase classname="tests.test_api_models.TestStreamingModels" name="test_chunk_choice_finished" time="0.000" /><testcase classname="tests.test_api_models.TestStreamingModels" name="test_chat_completion_chunk" time="0.000" /><testcase classname="tests.test_api_models.TestStreamingModels" name="test_chat_completion_chunk_with_usage" time="0.000" /><testcase classname="tests.test_api_models.TestStreamingModels" name="test_chat_completion_chunk_supports_warnings_field" time="0.000" /><testcase classname="tests.test_api_models.TestModelSerialization" name="test_assistant_message_serializes_reasoning_content" time="0.000" /><testcase classname="tests.test_api_models.TestModelSerialization" name="test_chat_completion_response_json" time="0.000" /><testcase classname="tests.test_api_models.TestModelSerialization" name="test_chunk_delta_serializes_reasoning_content" time="0.000" /><testcase classname="tests.test_api_models.TestModelSerialization" name="test_response_format_json_schema_alias" time="0.000" /><testcase classname="tests.test_api_models.TestParameterValidation" name="test_chat_temperature_valid_range" time="0.000" /><testcase classname="tests.test_api_models.TestParameterValidation" name="test_chat_temperature_none_allowed" time="0.000" /><testcase classname="tests.test_api_models.TestParameterValidation" name="test_chat_temperature_negative_rejected" time="0.000" /><testcase classname="tests.test_api_models.TestParameterValidation" name="test_chat_temperature_above_max_rejected" time="0.000" /><testcase classname="tests.test_api_models.TestParameterValidation" name="test_chat_top_p_valid_range" time="0.000" /><testcase classname="tests.test_api_models.TestParameterValidation" name="test_chat_top_p_zero_rejected" time="0.000" /><testcase classname="tests.test_api_models.TestParameterValidation" name="test_chat_top_p_above_one_rejected" time="0.000" /><testcase classname="tests.test_api_models.TestParameterValidation" name="test_chat_max_tokens_valid" time="0.000" /><testcase classname="tests.test_api_models.TestParameterValidation" name="test_chat_max_tokens_zero_rejected" time="0.000" /><testcase classname="tests.test_api_models.TestParameterValidation" name="test_chat_max_tokens_negative_rejected" time="0.000" /><testcase classname="tests.test_api_models.TestParameterValidation" name="test_chat_top_k_valid" time="0.000" /><testcase classname="tests.test_api_models.TestParameterValidation" name="test_chat_top_k_negative_rejected" time="0.000" /><testcase classname="tests.test_api_models.TestParameterValidation" name="test_chat_min_p_valid" time="0.000" /><testcase classname="tests.test_api_models.TestParameterValidation" name="test_chat_min_p_out_of_range" time="0.000" /><testcase classname="tests.test_api_models.TestParameterValidation" name="test_chat_repetition_penalty_valid" time="0.000" /><testcase classname="tests.test_api_models.TestParameterValidation" name="test_chat_repetition_penalty_zero_rejected" time="0.000" /><testcase classname="tests.test_api_models.TestParameterValidation" name="test_chat_repetition_penalty_negative_rejected" time="0.000" /><testcase classname="tests.test_api_models.TestParameterValidation" name="test_completion_temperature_rejected" time="0.000" /><testcase classname="tests.test_api_models.TestParameterValidation" name="test_completion_top_p_rejected" time="0.000" /><testcase classname="tests.test_api_models.TestParameterValidation" name="test_completion_max_tokens_rejected" time="0.000" /><testcase classname="tests.test_api_models.TestParameterValidation" name="test_completion_stop_normalized" time="0.000" /><testcase classname="tests.test_api_models.TestParameterValidation" name="test_responses_temperature_rejected" time="0.000" /><testcase classname="tests.test_api_models.TestParameterValidation" name="test_responses_top_p_rejected" time="0.000" /><testcase classname="tests.test_api_models.TestParameterValidation" name="test_responses_max_output_tokens_rejected" time="0.000" /><testcase classname="tests.test_api_models.TestParameterValidation" name="test_responses_accepts_supported_gemma4_image_token_budgets[70]" time="0.000" /><testcase classname="tests.test_api_models.TestParameterValidation" name="test_responses_accepts_supported_gemma4_image_token_budgets[140]" time="0.000" /><testcase classname="tests.test_api_models.TestParameterValidation" name="test_responses_accepts_supported_gemma4_image_token_budgets[280]" time="0.000" /><testcase classname="tests.test_api_models.TestParameterValidation" name="test_responses_accepts_supported_gemma4_image_token_budgets[560]" time="0.000" /><testcase classname="tests.test_api_models.TestParameterValidation" name="test_responses_accepts_supported_gemma4_image_token_budgets[1120]" time="0.000" /><testcase classname="tests.test_api_models.TestParameterValidation" name="test_responses_rejects_unsupported_gemma4_image_token_budget" time="0.000" /><testcase classname="tests.test_api_models.TestParameterValidation" name="test_responses_valid_params" time="0.000" /><testcase classname="tests.test_api_models.TestParameterValidation" name="test_responses_accepts_standard_stream_obfuscation_option" time="0.000" /><testcase classname="tests.test_api_models.TestParameterValidation" name="test_responses_stop_normalized" time="0.000" /><testcase classname="tests.test_api_models.TestParameterValidation" name="test_audio_speed_valid" time="0.000" /><testcase classname="tests.test_api_models.TestParameterValidation" name="test_audio_speed_zero_rejected" time="0.000" /><testcase classname="tests.test_api_models.TestParameterValidation" name="test_audio_speed_too_high_rejected" time="0.000" /><testcase classname="tests.test_api_models.TestParameterValidation" name="test_all_none_params_accepted" time="0.000" /><testcase classname="tests.test_api_models.TestParameterValidation" name="test_n_only_one_supported" time="0.000" /><testcase classname="tests.test_api_models.TestParameterValidation" name="test_n_one_accepted" time="0.000" /><testcase classname="tests.test_api_surface_contract" name="test_api_surface_contract_default_out_tracks_current_release_proof_artifact" time="0.000" /><testcase classname="tests.test_api_surface_contract" name="test_api_surface_contract_pins_named_public_surface_edges" time="0.000" /><testcase classname="tests.test_api_surface_contract" name="test_api_surface_contract_requires_performance_health_epipe_normalization" time="0.000" /><testcase classname="tests.test_api_surface_contract" name="test_api_surface_contract_hashes_cache_ipc_disconnect_guard" time="0.000" /><testcase classname="tests.test_api_surface_contract" name="test_api_surface_contract_hashes_performance_health_disconnect_guard" time="0.000" /><testcase classname="tests.test_api_surface_contract" name="test_api_surface_contract_status_fails_when_required_panel_markers_are_missing" time="0.000" /><testcase classname="tests.test_api_surface_contract" name="test_api_surface_contract_source_hash_files_exist" time="0.000" /><testcase classname="tests.test_api_surface_contract" name="test_noheavy_api_cache_contract_pins_named_server_rows" time="0.000" /><testcase classname="tests.test_api_surface_contract" name="test_noheavy_api_cache_contract_cache_stats_telemetry_is_first_class_check" time="0.000" /><testcase classname="tests.test_api_surface_contract" name="test_metal_headroom_guard_contract_covers_all_public_text_surfaces" time="0.000" /><testcase classname="tests.test_api_surface_parity" name="test_parity_simple_user_message" time="0.000" /><testcase classname="tests.test_api_surface_parity" name="test_parity_system_plus_user" time="0.000" /><testcase classname="tests.test_api_surface_parity" name="test_parity_multi_turn" time="0.000" /><testcase classname="tests.test_api_surface_parity" name="test_parity_empty_assistant_history_omitted" time="0.000" /><testcase classname="tests.test_api_surface_parity" name="test_parity_anthropic_system_as_block_list" time="0.000" /><testcase classname="tests.test_api_surface_parity" name="test_parity_ollama_options_translated_separately" time="0.000" /><testcase classname="tests.test_api_surface_parity" name="test_parity_responses_input_text_join_convention" time="0.000" /><testcase classname="tests.test_api_surface_parity" name="test_parity_ollama_think_omitted_stays_auto_but_false_opts_out" time="0.000" /><testcase classname="tests.test_api_surface_parity" name="test_parity_ollama_string_false_does_not_force_reasoning_on" time="0.000" /><testcase classname="tests.test_api_surface_parity" name="test_parity_anthropic_thinking_omitted_stays_auto_for_vmlx_runtime" time="0.000" /><testcase classname="tests.test_api_utils.TestCleanOutputText" name="test_empty_string" time="0.000" /><testcase classname="tests.test_api_utils.TestCleanOutputText" name="test_none_returns_none" time="0.000" /><testcase classname="tests.test_api_utils.TestCleanOutputText" name="test_plain_text_unchanged" time="0.000" /><testcase classname="tests.test_api_utils.TestCleanOutputText" name="test_removes_im_end" time="0.000" /><testcase classname="tests.test_api_utils.TestCleanOutputText" name="test_removes_im_start" time="0.000" /><testcase classname="tests.test_api_utils.TestCleanOutputText" name="test_removes_endoftext" time="0.000" /><testcase classname="tests.test_api_utils.TestCleanOutputText" name="test_removes_eot_id" time="0.000" /><testcase classname="tests.test_api_utils.TestCleanOutputText" name="test_removes_end_token" time="0.000" /><testcase classname="tests.test_api_utils.TestCleanOutputText" name="test_removes_start_header_id" time="0.000" /><testcase classname="tests.test_api_utils.TestCleanOutputText" name="test_removes_s_tags" time="0.000" /><testcase classname="tests.test_api_utils.TestCleanOutputText" name="test_removes_pad_tokens" time="0.000" /><testcase classname="tests.test_api_utils.TestCleanOutputText" name="test_removes_sep_cls" time="0.000" /><testcase classname="tests.test_api_utils.TestCleanOutputText" name="test_removes_multiple_special_tokens" time="0.000" /><testcase classname="tests.test_api_utils.TestCleanOutputText" name="test_preserves_think_tags" time="0.000" /><testcase classname="tests.test_api_utils.TestCleanOutputText" name="test_does_not_synthesize_missing_opening_think_tag" time="0.000" /><testcase classname="tests.test_api_utils.TestCleanOutputText" name="test_no_extra_think_tag_when_already_present" time="0.000" /><testcase classname="tests.test_api_utils.TestCleanOutputText" name="test_strips_whitespace" time="0.000" /><testcase classname="tests.test_api_utils.TestCleanOutputText" name="test_combined_special_tokens_and_think" time="0.000" /><testcase classname="tests.test_api_utils.TestSpecialTokensPattern" name="test_matches_all_expected_tokens" time="0.000" /><testcase classname="tests.test_api_utils.TestSpecialTokensPattern" name="test_does_not_match_think_tags" time="0.000" /><testcase classname="tests.test_api_utils.TestSpecialTokensPattern" name="test_does_not_match_normal_text" time="0.000" /><testcase classname="tests.test_api_utils.TestIsMllmModel" name="test_force_mllm_always_true" time="0.026" /><testcase classname="tests.test_api_utils.TestIsMllmModel" name="test_local_model_with_vision_config" time="0.001" /><testcase classname="tests.test_api_utils.TestIsMllmModel" name="test_local_model_without_vision_config" time="0.001" /><testcase classname="tests.test_api_utils.TestIsMllmModel" name="test_local_qwen3_5_text_model" time="0.001" /><testcase classname="tests.test_api_utils.TestIsMllmModel" name="test_local_qwen3_5_vl_model" time="0.001" /><testcase classname="tests.test_api_utils.TestIsMllmModel" name="test_minimax_m3_vl_routes_text_runtime_even_when_force_mllm" time="0.001" /><testcase classname="tests.test_api_utils.TestIsMllmModel" name="test_remote_model_name_returns_false" time="0.010" /><testcase classname="tests.test_api_utils.TestIsMllmModel" name="test_non_mllm_models" time="0.010" /><testcase classname="tests.test_api_utils.TestIsMllmModel" name="test_backwards_compatibility_alias" time="0.000" /><testcase classname="tests.test_api_utils.TestIsMllmModel" name="test_malformed_config_json" time="0.001" /><testcase classname="tests.test_api_utils.TestIsMllmModel" name="test_step37_jang_2l_routes_multimodal_after_source_runtime_port" time="0.003" /><testcase classname="tests.test_api_utils.TestExtractMultimodalContent" name="test_simple_text_messages" time="0.000" /><testcase classname="tests.test_api_utils.TestExtractMultimodalContent" name="test_none_content" time="0.000" /><testcase classname="tests.test_api_utils.TestExtractMultimodalContent" name="test_multimodal_with_image_url" time="0.000" /><testcase classname="tests.test_api_utils.TestExtractMultimodalContent" name="test_multimodal_with_dict_image_url" time="0.000" /><testcase classname="tests.test_api_utils.TestExtractMultimodalContent" name="test_multimodal_with_string_image_url" time="0.000" /><testcase classname="tests.test_api_utils.TestExtractMultimodalContent" name="test_multimodal_with_video" time="0.000" /><testcase classname="tests.test_api_utils.TestExtractMultimodalContent" name="test_multimodal_with_video_url" time="0.000" /><testcase classname="tests.test_api_utils.TestExtractMultimodalContent" name="test_multimodal_with_string_video_url" time="0.000" /><testcase classname="tests.test_api_utils.TestExtractMultimodalContent" name="test_multiple_images" time="0.000" /><testcase classname="tests.test_api_utils.TestExtractMultimodalContent" name="test_tool_response_message" time="0.000" /><testcase classname="tests.test_api_utils.TestExtractMultimodalContent" name="test_tool_response_preserve_native" time="0.000" /><testcase classname="tests.test_api_utils.TestExtractMultimodalContent" name="test_assistant_with_tool_calls" time="0.000" /><testcase classname="tests.test_api_utils.TestExtractMultimodalContent" name="test_assistant_with_tool_calls_preserve_native" time="0.000" /><testcase classname="tests.test_api_utils.TestExtractMultimodalContent" name="test_dict_messages" time="0.000" /><testcase classname="tests.test_api_utils.TestExtractMultimodalContent" name="test_image_type_content_with_raw_dicts" time="0.000" /><testcase classname="tests.test_api_utils.TestExtractMultimodalContent" name="test_empty_messages" time="0.000" /><testcase classname="tests.test_api_utils.TestExtractMultimodalContent" name="test_tool_response_none_content" time="0.000" /><testcase classname="tests.test_api_utils.TestExtractMultimodalContent" name="test_multiple_text_parts_combined" time="0.000" /><testcase classname="tests.test_api_utils.TestResolveToLocalPath" name="test_existing_directory_returned_as_is" time="0.000" /><testcase classname="tests.test_api_utils.TestResolveToLocalPath" name="test_nonexistent_path_returned_as_is" time="0.005" /><testcase classname="tests.test_api_utils.TestResolveToLocalPath" name="test_hf_repo_id_resolved_from_cache" time="0.001" /><testcase classname="tests.test_api_utils.TestResolveToLocalPath" name="test_most_recent_revision_selected" time="0.001" /><testcase classname="tests.test_api_utils.TestResolveToLocalPath" name="test_scan_cache_failure_returns_original" time="0.000" /><testcase classname="tests.test_api_utils.TestResolveToLocalPath" name="test_cache_is_used" time="0.000" /><testcase classname="tests.test_api_utils.TestResolveToLocalPath" name="test_none_last_modified_handled" time="0.000" /><testcase classname="tests.test_api_utils.TestResolveToLocalPath" name="test_partial_snapshot_without_config_skipped" time="0.000" /><testcase classname="tests.test_audio.TestSTTEngine" name="test_init_whisper" time="0.001" /><testcase classname="tests.test_audio.TestSTTEngine" name="test_init_parakeet" time="0.000" /><testcase classname="tests.test_audio.TestSTTEngine" name="test_default_models" time="0.000" /><testcase classname="tests.test_audio.TestSTTEngine" name="test_transcription_result" time="0.000" /><testcase classname="tests.test_audio.TestTTSEngine" name="test_init_kokoro" time="0.000" /><testcase classname="tests.test_audio.TestTTSEngine" name="test_init_chatterbox" time="0.000" /><testcase classname="tests.test_audio.TestTTSEngine" name="test_init_vibevoice" time="0.000" /><testcase classname="tests.test_audio.TestTTSEngine" name="test_init_voxcpm" time="0.000" /><testcase classname="tests.test_audio.TestTTSEngine" name="test_available_voices" time="0.000" /><testcase classname="tests.test_audio.TestTTSEngine" name="test_get_voices" time="0.000" /><testcase classname="tests.test_audio.TestTTSEngine" name="test_audio_output" time="0.000" /><testcase classname="tests.test_audio.TestAudioProcessor" name="test_init" time="0.000" /><testcase classname="tests.test_audio.TestAudioProcessor" name="test_default_model" time="0.000" /><testcase classname="tests.test_audio.TestAudioProcessor" name="test_separation_result" time="0.000" /><testcase classname="tests.test_audio.TestAPIModels" name="test_audio_url" time="0.000" /><testcase classname="tests.test_audio.TestAPIModels" name="test_content_part_audio" time="0.000" /><testcase classname="tests.test_audio.TestAPIModels" name="test_speech_request" time="0.000" /><testcase classname="tests.test_audio.TestAudioImports" name="test_import_audio_module" time="0.000" /><testcase classname="tests.test_audio.TestAudioImports" name="test_import_api_models" time="0.000" /><testcase classname="tests.test_audio.TestAudioIntegration" name="test_whisper_transcription" time="0.000"><skipped type="pytest.skip" message="Requires mlx-audio and models downloaded">/Users/eric/mlx/vllm-mlx-release-1.6.13/tests/test_audio.py:216: Requires mlx-audio and models downloaded</skipped></testcase><testcase classname="tests.test_audio.TestAudioIntegration" name="test_kokoro_tts" time="0.000"><skipped type="pytest.skip" message="Requires mlx-audio and models downloaded">/Users/eric/mlx/vllm-mlx-release-1.6.13/tests/test_audio.py:226: Requires mlx-audio and models downloaded</skipped></testcase><testcase classname="tests.test_audio.TestAudioIntegration" name="test_sam_audio_separation" time="0.000"><skipped type="pytest.skip" message="Requires mlx-audio and models downloaded">/Users/eric/mlx/vllm-mlx-release-1.6.13/tests/test_audio.py:238: Requires mlx-audio and models downloaded</skipped></testcase><testcase classname="tests.test_audio.TestTTSErrorMessages" name="test_tts_load_catches_import_error" time="0.002" /><testcase classname="tests.test_audio.TestTTSErrorMessages" name="test_tts_transitive_dep_error_preserved" time="0.000" /><testcase classname="tests.test_audio.TestTTSErrorMessages" name="test_stt_load_catches_import_error" time="0.000" /><testcase classname="tests.test_audio.TestMambaCacheCompat" name="test_batch_mamba_cache_init" time="0.000" /><testcase classname="tests.test_audio.TestMambaCacheCompat" name="test_batch_mamba_cache_init_no_padding" time="0.000" /><testcase classname="tests.test_audio.TestMambaCacheCompat" name="test_batch_mamba_cache_extract" time="0.001" /><testcase classname="tests.test_audio.TestMambaCacheCompat" name="test_batch_mamba_cache_merge" time="0.000" /><testcase classname="tests.test_audio.TestMambaCacheCompat" name="test_empty_batch_kv_finalize_clears_padding" time="0.000" /><testcase classname="tests.test_audio.TestMambaCacheCompat" name="test_empty_batch_rotating_finalize_clears_lengths" time="0.000" /><testcase classname="tests.test_audio.TestMambaCacheCompat" name="test_empty_batch_kv_extract_returns_empty_cache" time="0.000" /><testcase classname="tests.test_audio.TestMambaCacheCompat" name="test_empty_batch_rotating_extract_returns_empty_cache" time="0.000" /><testcase classname="tests.test_audit_fixes.TestParameterBoundaries" name="test_temperature_exact_zero" time="0.000" /><testcase classname="tests.test_audit_fixes.TestParameterBoundaries" name="test_temperature_exact_two" time="0.000" /><testcase classname="tests.test_audit_fixes.TestParameterBoundaries" name="test_temperature_just_below_zero" time="0.000" /><testcase classname="tests.test_audit_fixes.TestParameterBoundaries" name="test_temperature_just_above_two" time="0.000" /><testcase classname="tests.test_audit_fixes.TestParameterBoundaries" name="test_top_p_smallest_valid" time="0.000" /><testcase classname="tests.test_audit_fixes.TestParameterBoundaries" name="test_top_p_exact_one" time="0.000" /><testcase classname="tests.test_audit_fixes.TestParameterBoundaries" name="test_top_p_exact_zero_rejected" time="0.000" /><testcase classname="tests.test_audit_fixes.TestParameterBoundaries" name="test_top_p_negative_rejected" time="0.000" /><testcase classname="tests.test_audit_fixes.TestParameterBoundaries" name="test_max_tokens_one" time="0.000" /><testcase classname="tests.test_audit_fixes.TestParameterBoundaries" name="test_max_tokens_large" time="0.000" /><testcase classname="tests.test_audit_fixes.TestParameterBoundaries" name="test_max_tokens_zero_rejected" time="0.000" /><testcase classname="tests.test_audit_fixes.TestParameterBoundaries" name="test_max_tokens_negative_rejected" time="0.000" /><testcase classname="tests.test_audit_fixes.TestParameterBoundaries" name="test_top_k_zero_allowed" time="0.000" /><testcase classname="tests.test_audit_fixes.TestParameterBoundaries" name="test_top_k_one" time="0.000" /><testcase classname="tests.test_audit_fixes.TestParameterBoundaries" name="test_top_k_negative_rejected" time="0.000" /><testcase classname="tests.test_audit_fixes.TestParameterBoundaries" name="test_min_p_zero" time="0.000" /><testcase classname="tests.test_audit_fixes.TestParameterBoundaries" name="test_min_p_one" time="0.000" /><testcase classname="tests.test_audit_fixes.TestParameterBoundaries" name="test_min_p_above_one_rejected" time="0.000" /><testcase classname="tests.test_audit_fixes.TestParameterBoundaries" name="test_min_p_negative_rejected" time="0.000" /><testcase classname="tests.test_audit_fixes.TestParameterBoundaries" name="test_rep_penalty_tiny" time="0.000" /><testcase classname="tests.test_audit_fixes.TestParameterBoundaries" name="test_rep_penalty_one" time="0.000" /><testcase classname="tests.test_audit_fixes.TestParameterBoundaries" name="test_rep_penalty_large" time="0.000" /><testcase classname="tests.test_audit_fixes.TestParameterBoundaries" name="test_rep_penalty_zero_rejected" time="0.000" /><testcase classname="tests.test_audit_fixes.TestParameterBoundaries" name="test_rep_penalty_negative_rejected" time="0.000" /><testcase classname="tests.test_audit_fixes.TestParameterBoundaries" name="test_all_params_at_boundaries" time="0.000" /><testcase classname="tests.test_audit_fixes.TestCompletionRequestValidation" name="test_temperature_rejected" time="0.000" /><testcase classname="tests.test_audit_fixes.TestCompletionRequestValidation" name="test_top_p_rejected" time="0.000" /><testcase classname="tests.test_audit_fixes.TestCompletionRequestValidation" name="test_max_tokens_rejected" time="0.000" /><testcase classname="tests.test_audit_fixes.TestCompletionRequestValidation" name="test_top_k_rejected" time="0.000" /><testcase classname="tests.test_audit_fixes.TestCompletionRequestValidation" name="test_min_p_rejected" time="0.000" /><testcase classname="tests.test_audit_fixes.TestCompletionRequestValidation" name="test_repetition_penalty_rejected" time="0.000" /><testcase classname="tests.test_audit_fixes.TestCompletionRequestValidation" name="test_stop_normalized_string" time="0.000" /><testcase classname="tests.test_audit_fixes.TestCompletionRequestValidation" name="test_stop_list_unchanged" time="0.000" /><testcase classname="tests.test_audit_fixes.TestCompletionRequestValidation" name="test_valid_params" time="0.000" /><testcase classname="tests.test_audit_fixes.TestResponsesRequestValidation" name="test_temperature_rejected" time="0.000" /><testcase classname="tests.test_audit_fixes.TestResponsesRequestValidation" name="test_max_output_tokens_rejected" time="0.000" /><testcase classname="tests.test_audit_fixes.TestResponsesRequestValidation" name="test_top_p_rejected" time="0.000" /><testcase classname="tests.test_audit_fixes.TestResponsesRequestValidation" name="test_min_p_rejected" time="0.000" /><testcase classname="tests.test_audit_fixes.TestResponsesRequestValidation" name="test_stop_normalized" time="0.000" /><testcase classname="tests.test_audit_fixes.TestResponsesRequestValidation" name="test_valid_params" time="0.000" /><testcase classname="tests.test_audit_fixes.TestAudioSpeechValidation" name="test_speed_valid_range" time="0.000" /><testcase classname="tests.test_audit_fixes.TestAudioSpeechValidation" name="test_speed_zero_rejected" time="0.000" /><testcase classname="tests.test_audit_fixes.TestAudioSpeechValidation" name="test_speed_negative_rejected" time="0.000" /><testcase classname="tests.test_audit_fixes.TestAudioSpeechValidation" name="test_speed_above_max_rejected" time="0.000" /><testcase classname="tests.test_audit_fixes.TestCLIValidation" name="test_negative_timeout_exits" time="0.008" /><testcase classname="tests.test_audit_fixes.TestCLIValidation" name="test_temperature_out_of_range_exits" time="0.001" /><testcase classname="tests.test_audit_fixes.TestCLIValidation" name="test_top_p_out_of_range_exits" time="0.000" /><testcase classname="tests.test_audit_fixes.TestCLIValidation" name="test_port_out_of_range_logic" time="0.000" /><testcase classname="tests.test_audit_fixes.TestAnthropicAdapterImports" name="test_logger_defined" time="0.000" /><testcase classname="tests.test_audit_fixes.TestAnthropicAdapterImports" name="test_to_chat_completion_preserves_params" time="0.000" /><testcase classname="tests.test_audit_fixes.TestAnthropicAdapterImports" name="test_to_chat_completion_stop_sequences" time="0.000" /><testcase classname="tests.test_audit_fixes.TestAnthropicAdapterImports" name="test_to_chat_completion_thinking" time="0.000" /><testcase classname="tests.test_audit_fixes.TestMCPContentLimit" name="test_extract_content_small" time="0.000" /><testcase classname="tests.test_audit_fixes.TestMCPContentLimit" name="test_extract_content_oversized" time="0.013" /><testcase classname="tests.test_audit_fixes.TestMCPContentLimit" name="test_extract_content_none" time="0.000" /><testcase classname="tests.test_audit_fixes.TestMCPContentLimit" name="test_extract_content_bytes_counted" time="0.028" /><testcase classname="tests.test_audit_fixes.TestDiskCacheSafety" name="test_stat_oserror_handled" time="0.001" /><testcase classname="tests.test_audit_fixes.TestJANGLoader" name="test_is_jang_detects_jang_config" time="0.001" /><testcase classname="tests.test_audit_fixes.TestJANGLoader" name="test_is_jang_detects_legacy_mxq" time="0.000" /><testcase classname="tests.test_audit_fixes.TestJANGLoader" name="test_is_jang_false_for_normal_model" time="0.000" /><testcase classname="tests.test_audit_fixes.TestJANGLoader" name="test_is_jang_false_for_nonexistent" time="0.000" /><testcase classname="tests.test_audit_fixes.TestJANGLoader" name="test_missing_format_field_error" time="0.000" /><testcase classname="tests.test_audit_fixes.TestJANGLoader" name="test_wrong_format_value_error" time="0.000" /><testcase classname="tests.test_audit_fixes.TestJANGLoader" name="test_unsupported_version_error" time="0.000" /><testcase classname="tests.test_audit_fixes.TestJANGLoader" name="test_infer_shape_q_proj" time="0.000" /><testcase classname="tests.test_audit_fixes.TestJANGLoader" name="test_infer_shape_k_proj_gqa" time="0.000" /><testcase classname="tests.test_audit_fixes.TestJANGLoader" name="test_infer_shape_gate_proj" time="0.000" /><testcase classname="tests.test_audit_fixes.TestJANGLoader" name="test_infer_shape_fused_qkv" time="0.000" /><testcase classname="tests.test_audit_fixes.TestJANGLoader" name="test_infer_shape_fused_gate_up" time="0.000" /><testcase classname="tests.test_audit_fixes.TestJANGLoader" name="test_infer_shape_nested_text_config" time="0.000" /><testcase classname="tests.test_audit_fixes.TestJANGLoader" name="test_infer_shape_expert_weight" time="0.000" /><testcase classname="tests.test_audit_fixes.TestJANGLoader" name="test_infer_shape_moe_intermediate" time="0.000" /><testcase classname="tests.test_audit_fixes.TestJANGLoader" name="test_infer_shape_moe_nested_config" time="0.000" /><testcase classname="tests.test_audit_fixes.TestJANGLoader" name="test_infer_shape_shared_expert" time="0.000" /><testcase classname="tests.test_audit_fixes.TestJANGLoader" name="test_infer_shape_w1_w2_naming" time="0.000" /><testcase classname="tests.test_audit_fixes.TestJANGLoader" name="test_qwen_mixed_jang_uses_arch_dims_over_stale_shape_compatible_claims" time="0.001" /><testcase classname="tests.test_audit_fixes.TestJANGLoader" name="test_infer_shape_fallback_known_dim" time="0.000" /><testcase classname="tests.test_audit_fixes.TestJANGLoader" name="test_infer_shape_fallback_unknown_dim_factors" time="0.000" /><testcase classname="tests.test_audit_fixes.TestJANGLoader" name="test_infer_shape_no_match" time="0.000" /><testcase classname="tests.test_audit_fixes.TestJANGLoader" name="test_jang_repack_uses_uint32" time="0.000" /><testcase classname="tests.test_audit_fixes.TestStopNormalization" name="test_chat_string_to_list" time="0.000" /><testcase classname="tests.test_audit_fixes.TestStopNormalization" name="test_chat_list_unchanged" time="0.000" /><testcase classname="tests.test_audit_fixes.TestStopNormalization" name="test_chat_none_unchanged" time="0.000" /><testcase classname="tests.test_audit_fixes.TestStopNormalization" name="test_completion_string_to_list" time="0.000" /><testcase classname="tests.test_audit_fixes.TestStopNormalization" name="test_responses_string_to_list" time="0.000" /><testcase classname="tests.test_audit_fixes.TestStopNormalization" name="test_n_greater_than_one_rejected" time="0.000" /><testcase classname="tests.test_batching.TestRequest" name="test_request_creation" time="0.000" /><testcase classname="tests.test_batching.TestRequest" name="test_request_status_transitions" time="0.000" /><testcase classname="tests.test_batching.TestRequest" name="test_request_output_tokens" time="0.000" /><testcase classname="tests.test_batching.TestRequest" name="test_request_comparison" time="0.000" /><testcase classname="tests.test_batching.TestPrefixHitTailAccounting" name="test_exact_hit_with_generation_suffix_refeeds_last_prompt_token" time="0.000" /><testcase classname="tests.test_batching.TestPrefixHitTailAccounting" name="test_exact_hit_without_suffix_counts_n_minus_one_cached_tokens" time="0.000" /><testcase classname="tests.test_batching.TestPrefixHitTailAccounting" name="test_disk_prefix_hit_refeeds_last_matched_token" time="0.000" /><testcase classname="tests.test_batching.TestPrefixHitTailAccounting" name="test_disk_exact_hit_with_generation_suffix_refeeds_last_token" time="0.000" /><testcase classname="tests.test_batching.TestSamplingParams" name="test_default_params" time="0.000" /><testcase classname="tests.test_batching.TestSamplingParams" name="test_custom_params" time="0.000" /><testcase classname="tests.test_batching.TestRequestOutput" name="test_output_creation" time="0.000" /><testcase classname="tests.test_batching.TestSchedulerLogprobs" name="test_greedy_scheduler_sampler_is_marked_logits_compatible" time="0.001" /><testcase classname="tests.test_batching.TestSchedulerLogprobs" name="test_generation_batch_skips_logsumexp_for_greedy_no_logprobs" time="0.001" /><testcase classname="tests.test_batching.TestSchedulerLogprobs" name="test_generation_batch_cpu_tolist_detour_is_model_gated" time="0.000" /><testcase classname="tests.test_batching.TestSchedulerLogprobs" name="test_generation_batch_keeps_async_lookahead_for_normal_models" time="0.000" /><testcase classname="tests.test_batching.TestSchedulerLogprobs" name="test_prompt_batch_prepare_runs_for_equal_length_multi_prompt_batches" time="0.000" /><testcase classname="tests.test_batching.TestSchedulerLogprobs" name="test_format_token_logprobs_includes_sampled_token_and_top_k" time="0.008" /><testcase classname="tests.test_batching.TestSchedulerLogprobs" name="test_format_token_logprobs_none_keeps_default_fast_path_empty" time="0.000" /><testcase classname="tests.test_batching.TestSchedulerLogprobs" name="test_format_token_logprobs_rejects_invalid_token_id" time="0.000" /><testcase classname="tests.test_batching.TestSchedulerConfig" name="test_default_config" time="0.000" /><testcase classname="tests.test_batching.TestSchedulerConfig" name="test_custom_config" time="0.000" /><testcase classname="tests.test_batching.TestSchedulerBasic" name="test_scheduler_creation" time="0.012" /><testcase classname="tests.test_batching.TestSchedulerBasic" name="test_legacy_turboquant_live_cache_clamps_to_single_sequence" time="0.006" /><testcase classname="tests.test_batching.TestSchedulerBasic" name="test_batch_api_turboquant_live_cache_preserves_configured_batching" time="0.006" /><testcase classname="tests.test_batching.TestSchedulerBasic" name="test_batch_api_turboquant_merge_preserves_turboquant_cache" time="0.000" /><testcase classname="tests.test_batching.TestSchedulerBasic" name="test_add_request" time="0.010" /><testcase classname="tests.test_batching.TestSchedulerBasic" name="test_add_request_rejects_exact_tokenized_prompt_over_context_limit" time="0.009" /><testcase classname="tests.test_batching.TestSchedulerBasic" name="test_mllm_exact_prompt_limit_counts_processor_expanded_media_tokens" time="0.000" /><testcase classname="tests.test_batching.TestSchedulerBasic" name="test_mllm_media_prompt_limit_runs_before_pixel_and_prefix_cache" time="0.004" /><testcase classname="tests.test_batching.TestSchedulerBasic" name="test_mllm_prompt_limit_error_round_trips_to_api_error" time="0.000" /><testcase classname="tests.test_batching.TestSchedulerBasic" name="test_mllm_generic_prefill_error_round_trips_to_api_error" time="0.000" /><testcase classname="tests.test_batching.TestSchedulerBasic" name="test_mllm_vlm_image_prefill_budget_error_round_trips_as_typed_error" time="0.000" /><testcase classname="tests.test_batching.TestSchedulerBasic" name="test_mllm_vlm_image_prefill_budget_error_strips_legacy_type_prefix" time="0.000" /><testcase classname="tests.test_batching.TestSchedulerBasic" name="test_memory_cache_exact_hit_with_generation_suffix_refeeds_last_key_token" time="0.010" /><testcase classname="tests.test_batching.TestSchedulerBasic" name="test_prompt_disk_l2_exact_hit_with_generation_suffix_refeeds_last_key_token" time="0.009" /><testcase classname="tests.test_batching.TestSchedulerBasic" name="test_add_duplicate_request" time="0.009" /><testcase classname="tests.test_batching.TestSchedulerBasic" name="test_abort_waiting_request" time="0.010" /><testcase classname="tests.test_batching.TestSchedulerBasic" name="test_abort_nonexistent_request" time="0.009" /><testcase classname="tests.test_batching.TestSchedulerBasic" name="test_get_stats" time="0.010" /><testcase classname="tests.test_batching.TestSchedulerBasic" name="test_get_stats_exposes_request_lifecycle_without_prompts" time="0.009" /><testcase classname="tests.test_batching.TestSchedulerBasic" name="test_memory_pressure_partially_reuses_paged_cache" time="0.009" /><testcase classname="tests.test_batching.TestSchedulerBasic" name="test_memory_pressure_partial_reuse_records_effective_budget_and_final_cache" time="0.092" /><testcase classname="tests.test_batching.TestSchedulerBasic" name="test_cache_merge_multiplier_uses_actual_cache_format_not_global_q4_flag" time="0.009" /><testcase classname="tests.test_batching.TestSchedulerBasic" name="test_schedule_keeps_dequantized_cache_hit_when_q4_storage_flag_would_overbudget" time="0.010" /><testcase classname="tests.test_batching.TestSchedulerBasic" name="test_worker_paged_tq_cache_hit_records_reconstruction_and_dequant_timing" time="0.010" /><testcase classname="tests.test_batching.TestSchedulerBasic" name="test_worker_paged_tq_hit_rewraps_decoded_full_kv_for_live_cache_parity" time="0.009" /><testcase classname="tests.test_batching.TestSchedulerBasic" name="test_memory_pressure_partial_reuse_preserves_generation_prompt_suffix" time="0.010" /><testcase classname="tests.test_batching.TestSchedulerBasic" name="test_memory_pressure_reuses_shorter_dsv4_terminal_composite_prefix" time="0.009" /><testcase classname="tests.test_batching.TestSchedulerBasic" name="test_memory_pressure_refuses_dsv4_partial_without_terminal_composite" time="0.010" /><testcase classname="tests.test_batching.TestSchedulerBasic" name="test_cache_reuse_skip_records_partial_reason_and_full_prefill_action" time="0.010" /><testcase classname="tests.test_batching.TestSchedulerBasic" name="test_memory_pressure_partially_reuses_hybrid_ssm_with_aligned_checkpoint" time="0.009" /><testcase classname="tests.test_batching.TestSchedulerBasic" name="test_prompt_tq_disk_l2_hit_skips_synchronous_plain_paged_backfill" time="0.010" /><testcase classname="tests.test_batching.TestSchedulerBasic" name="test_worker_direct_tq_disk_restore_rewraps_native_cache_before_insert" time="0.009" /><testcase classname="tests.test_batching.TestSchedulerBasic" name="test_cold_paged_hit_can_yield_to_warm_prefix_cache" time="0.010" /><testcase classname="tests.test_batching.TestSchedulerBasic" name="test_cold_paged_hit_without_warm_prefix_reports_no_alternative" time="0.009" /><testcase classname="tests.test_batching.TestSchedulerBasic" name="test_paged_quantized_kv_hit_defers_worker_dequant_for_batch_generator" time="0.009" /><testcase classname="tests.test_batching.TestSchedulerBasic" name="test_hybrid_ssm_checkpoint_alignment_falls_back_to_exact_aligned_state" time="0.010" /><testcase classname="tests.test_batching.TestSchedulerBasic" name="test_hybrid_ssm_checkpoint_alignment_rejects_misaligned_state_without_exact" time="0.009" /><testcase classname="tests.test_batching.TestSchedulerBasic" name="test_reset" time="0.010" /><testcase classname="tests.test_batching.TestSchedulerCacheResilience" name="test_memory_aware_cache_init" time="0.009" /><testcase classname="tests.test_batching.TestSchedulerCacheResilience" name="test_block_disk_only_backend_does_not_substitute_memory_cache" time="0.217" /><testcase classname="tests.test_batching.TestSchedulerCacheResilience" name="test_hybrid_block_disk_only_backend_attaches_typed_ssm_companion_l2" time="0.344" /><testcase classname="tests.test_batching.TestSchedulerCacheResilience" name="test_cache_miss_no_error" time="0.032" /><testcase classname="tests.test_batching.TestSchedulerCacheResilience" name="test_cache_validation_rejects_none_cache" time="0.023" /><testcase classname="tests.test_batching.TestSchedulerCacheResilience" name="test_cache_validation_accepts_valid_kv_cache" time="0.016" /><testcase classname="tests.test_batching.TestSchedulerCacheResilience" name="test_cache_validation_rejects_none_layers" time="0.011" /><testcase classname="tests.test_batching.TestSchedulerCacheResilience" name="test_recover_from_cache_error" time="0.011" /><testcase classname="tests.test_batching.TestSchedulerCacheResilience" name="test_reschedule_running_requests" time="0.009" /><testcase classname="tests.test_batching.TestSchedulerCacheResilience" name="test_is_cache_corruption_error" time="0.010" /><testcase classname="tests.test_batching.TestSchedulerCacheResilience" name="test_extract_cache_states_partial_success" time="0.010" /><testcase classname="tests.test_batching.TestSchedulerCacheResilience" name="test_memory_cache_stats_in_scheduler" time="0.009" /><testcase classname="tests.test_batching.TestSchedulerCacheResilience" name="test_scheduler_records_successful_cache_hit_tokens_by_detail" time="0.010" /><testcase classname="tests.test_batching.TestSchedulerCacheResilience" name="test_dsv4_cache_hit_repetition_processor_sees_generated_context_only" time="0.009" /><testcase classname="tests.test_batching.TestEngineAsync" name="test_engine_lifecycle" time="0.061" /><testcase classname="tests.test_batching.TestEngineAsync" name="test_engine_context_manager" time="0.012" /><testcase classname="tests.test_block_disk_bfloat16.TestSerializeBlock" name="test_bfloat16_kv_block" time="0.006" /><testcase classname="tests.test_block_disk_bfloat16.TestSerializeBlock" name="test_float16_kv_block" time="0.005" /><testcase classname="tests.test_block_disk_bfloat16.TestSerializeBlock" name="test_numpy_kv_block" time="0.007" /><testcase classname="tests.test_block_disk_bfloat16.TestSerializeBlock" name="test_numpy_rotating_kv_block_preserves_absolute_window_state" time="0.002" /><testcase classname="tests.test_block_disk_bfloat16.TestEndToEndRoundTrip" name="test_roundtrip_bfloat16" time="1.024" /><testcase classname="tests.test_block_disk_bfloat16.TestEndToEndRoundTrip" name="test_roundtrip_numpy" time="1.026" /><testcase classname="tests.test_block_disk_bfloat16.TestWriteBlockAsync" name="test_bfloat16_block_writes" time="1.064" /><testcase classname="tests.test_block_disk_bfloat16.TestWriteBlockAsync" name="test_numpy_block_writes" time="1.053" /><testcase classname="tests.test_block_disk_bfloat16.TestWriteBlockAsync" name="test_numpy_rotating_kv_block_writes_and_counts_l2_tokens" time="1.054" /><testcase classname="tests.test_block_disk_bfloat16.TestWriteBlockAsync" name="test_stats_include_persistent_token_count" time="0.216" /><testcase classname="tests.test_block_disk_bfloat16.TestBfloat16Lossless" name="test_roundtrip_preserves_values_beyond_fp16_range" time="1.235" /><testcase classname="tests.test_block_disk_default" name="test_paged_cache_defaults_block_disk_l2_on" time="0.000" /><testcase classname="tests.test_block_disk_default" name="test_explicit_block_disk_opt_out_is_preserved" time="0.000" /><testcase classname="tests.test_block_disk_default" name="test_block_disk_default_stays_on_without_paged_cache" time="0.000" /><testcase classname="tests.test_block_disk_default" name="test_explicit_block_disk_opt_in_is_preserved_without_paged_cache" time="0.000" /><testcase classname="tests.test_block_disk_default" name="test_block_disk_default_stays_off_without_prefix_cache" time="0.000" /><testcase classname="tests.test_block_disk_default" name="test_block_disk_default_stays_off_without_continuous_batching" time="0.000" /><testcase classname="tests.test_cache_architecture_contract" name="test_cache_architecture_contract_default_out_tracks_current_release_proof_artifact" time="0.002" /><testcase classname="tests.test_cache_architecture_contract" name="test_cache_architecture_contract_hashes_real_tq_disk_store_source" time="0.000" /><testcase classname="tests.test_cache_archi
[...]
l_video_regression.TestReasoningLeakNonStreamVsStream" name="test_base_thinking_parser_no_tags_with_think_in_prompt_routes_to_reasoning" time="0.000" /><testcase classname="tests.test_vl_video_regression.TestReasoningLeakNonStreamVsStream" name="test_base_thinking_parser_no_tags_without_think_in_prompt_routes_to_content" time="0.000" /><testcase classname="tests.test_vl_video_regression.TestReasoningLeakNonStreamVsStream" name="test_base_thinking_parser_explicit_tags_still_work" time="0.000" /><testcase classname="tests.test_vl_video_regression.TestReasoningLeakNonStreamVsStream" name="test_base_thinking_parser_only_end_tag_implicit_think_still_works" time="0.000" /><testcase classname="tests.test_vl_video_regression.TestReasoningLeakNonStreamVsStream" name="test_generation_output_has_raw_text_field" time="0.000" /><testcase classname="tests.test_vl_video_regression.TestReasoningLeakNonStreamVsStream" name="test_generation_output_raw_text_defaults_empty" time="0.000" /><testcase classname="tests.test_vl_video_regression.TestReasoningLeakNonStreamVsStream" name="test_simple_engine_preserves_raw_text" time="0.000" /><testcase classname="tests.test_vl_video_regression.TestReasoningLeakNonStreamVsStream" name="test_server_nonstream_uses_raw_text_for_reasoning_extraction" time="0.002" /><testcase classname="tests.test_vl_video_regression.TestReasoningLeakNonStreamVsStream" name="test_qwen3_parser_delegates_no_tags_case_to_base" time="0.000" /><testcase classname="tests.test_vl_video_regression.TestReasoningLeakNonStreamVsStream" name="test_think_parser_case_4a_preserves_self_think_in_prompt" time="0.000" /><testcase classname="tests.test_vl_video_regression.TestGemma4HarmonyDefensive" name="test_gemma4_parser_does_not_match_harmony_pipe_marker" time="0.000" /><testcase classname="tests.test_vl_video_regression.TestGemma4HarmonyDefensive" name="test_gemma4_parser_strict_soc_match" time="0.000" /><testcase classname="tests.test_vl_video_regression.TestFixCohesiveness" name="test_extract_reasoning_has_documented_case_table" time="0.000" /><testcase classname="tests.test_vl_video_regression.TestFixCohesiveness" name="test_no_thread_local_or_global_state_hacks" time="0.000" /><testcase classname="tests.test_vl_video_regression.TestFixCohesiveness" name="test_raw_text_is_real_dataclass_field_not_dict_hack" time="0.000" /><testcase classname="tests.test_vl_video_regression.TestFixCohesiveness" name="test_server_uses_getattr_fallback_for_backcompat" time="0.000" /><testcase classname="tests.test_vl_video_regression.TestFixCohesiveness" name="test_qwen3_override_properly_delegates" time="0.000" /><testcase classname="tests.test_vl_video_regression.TestAnthropicThinkingSpecDefault" name="test_anthropic_adapter_preserves_auto_when_absent" time="0.000" /><testcase classname="tests.test_vl_video_regression.TestAnthropicThinkingSpecDefault" name="test_anthropic_adapter_honors_thinking_enabled" time="0.000" /><testcase classname="tests.test_vl_video_regression.TestAnthropicThinkingSpecDefault" name="test_anthropic_adapter_honors_thinking_disabled" time="0.000" /><testcase classname="tests.test_vl_video_regression.TestAnthropicThinkingSpecDefault" name="test_anthropic_adapter_honors_explicit_enable_thinking_true" time="0.000" /><testcase classname="tests.test_vl_video_regression.TestAnthropicThinkingSpecDefault" name="test_anthropic_adapter_explicit_false_overrides_thinking_enabled" time="0.000" /><testcase classname="tests.test_vl_video_regression.TestAnthropicThinkingSpecDefault" name="test_adapter_source_documents_wire_default" time="0.000" /><testcase classname="tests.test_vl_video_regression.TestGenPrefixEchoSuppression" name="test_batch_generator_captures_gen_prefix_tokens" time="0.000" /><testcase classname="tests.test_vl_video_regression.TestGenPrefixEchoSuppression" name="test_response_carries_gen_prefix_tokens_field" time="0.000" /><testcase classname="tests.test_vl_video_regression.TestGenPrefixEchoSuppression" name="test_scheduler_suppresses_re_emitted_prefix" time="0.000" /><testcase classname="tests.test_vl_video_regression.TestGenPrefixEchoSuppression" name="test_scheduler_snapshots_per_request" time="0.000" /><testcase classname="tests.test_vl_video_regression.TestGenPrefixEchoSuppression" name="test_suppression_does_not_fire_without_gen_prefix" time="0.000" /><testcase classname="tests.test_vl_video_regression.TestCleanOutputTextDegradedGemma4" name="test_clean_strips_thought_prefix_after_soc_strip" time="0.000" /><testcase classname="tests.test_vl_video_regression.TestCleanOutputTextDegradedGemma4" name="test_clean_strips_bare_thought_prefix" time="0.000" /><testcase classname="tests.test_vl_video_regression.TestCleanOutputTextDegradedGemma4" name="test_clean_preserves_full_degraded_form_split" time="0.000" /><testcase classname="tests.test_vl_video_regression.TestCleanOutputTextDegradedGemma4" name="test_clean_handles_no_thought_prefix_no_channel" time="0.000" /><testcase classname="tests.test_vl_video_regression.TestCleanOutputTextDegradedGemma4" name="test_clean_order_documented_in_source" time="0.000" /><testcase classname="tests.test_vl_video_regression.TestBatchedEnginePopulatesRawText" name="test_batched_mllm_path_has_raw_text" time="0.000" /><testcase classname="tests.test_vl_video_regression.TestBatchedEnginePopulatesRawText" name="test_batched_text_path_has_raw_text" time="0.000" /><testcase classname="tests.test_vl_video_regression.TestStreamingPostParseClean" name="test_chat_completions_streaming_cleans_delta" time="0.000" /><testcase classname="tests.test_vl_video_regression.TestStreamingPostParseClean" name="test_responses_streaming_cleans_delta" time="0.000" /><testcase classname="tests.test_vl_video_regression.TestResponsesNonStreamAppliesClean" name="test_responses_nonstream_post_parse_clean" time="0.001" /><testcase classname="tests.test_vl_video_regression.TestStreamingWhitespacePreservation" name="test_strip_marker_tokens_delta_preserves_leading_space" time="0.000" /><testcase classname="tests.test_vl_video_regression.TestStreamingWhitespacePreservation" name="test_strip_marker_tokens_delta_removes_markers" time="0.000" /><testcase classname="tests.test_vl_video_regression.TestStreamingWhitespacePreservation" name="test_strip_marker_tokens_delta_passthrough_plain" time="0.000" /><testcase classname="tests.test_vl_video_regression.TestStreamingWhitespacePreservation" name="test_server_streaming_uses_delta_safe_cleaner" time="0.001" /><testcase classname="tests.test_vl_video_regression.TestStreamingWhitespacePreservation" name="test_server_non_stream_still_uses_clean_output_text" time="0.000" /><testcase classname="tests.test_vl_video_regression.TestStreamingWhitespacePreservation" name="test_clean_output_text_still_strips" time="0.000" /><testcase classname="tests.test_vl_video_regression.TestStreamingWhitespacePreservation" name="test_delta_safe_helper_does_not_call_clean_output_text" time="0.000" /><testcase classname="tests.test_xml_function_tool_parser.TestXMLFunctionToolParser" name="test_no_tool_calls_returns_content_unchanged" time="0.000" /><testcase classname="tests.test_xml_function_tool_parser.TestXMLFunctionToolParser" name="test_single_function_with_typed_parameters" time="0.000" /><testcase classname="tests.test_xml_function_tool_parser.TestXMLFunctionToolParser" name="test_value_wrapper_is_unwrapped_before_json_coercion" time="0.000" /><testcase classname="tests.test_xml_function_tool_parser.TestXMLFunctionToolParser" name="test_hyphenated_literal_parameter_is_preserved" time="0.000" /><testcase classname="tests.test_xml_function_tool_parser.TestXMLFunctionToolParser" name="test_visible_text_around_tool_call_has_no_xml_function_leak" time="0.000" /><testcase classname="tests.test_xml_function_tool_parser.TestXMLFunctionToolParser" name="test_multiple_functions_in_one_tool_call" time="0.000" /><testcase classname="tests.test_xml_function_tool_parser.TestXMLFunctionToolParser" name="test_streaming_waits_until_tool_call_close" time="0.000" /><testcase classname="tests.test_xml_function_tool_parser.TestXMLFunctionToolParser" name="test_registry_aliases_resolve" time="0.000" /><testcase classname="tests.test_xml_function_tool_parser.TestXMLFunctionToolParser" name="test_repairs_missing_opening_tool_call_when_schema_allows_function" time="0.000" /><testcase classname="tests.test_xml_function_tool_parser.TestXMLFunctionToolParser" name="test_missing_opening_tool_call_repair_rejects_unknown_function" time="0.000" /><testcase classname="tests.test_xml_function_tool_parser.TestXMLFunctionToolParser" name="test_repairs_missing_closing_tool_call_when_schema_allows_function" time="0.000" /><testcase classname="tests.test_xml_function_tool_parser.TestXMLFunctionToolParser" name="test_missing_closing_tool_call_repair_rejects_unknown_function" time="0.000" /><testcase classname="tests.test_xml_function_tool_parser.TestXMLFunctionToolParser" name="test_bare_incomplete_tool_call_still_fails_closed" time="0.000" /><testcase classname="tests.test_zaya_conversion_routing" name="test_zaya_model_dir_detection_accepts_model_type_and_architecture" time="0.001" /><testcase classname="tests.test_zaya_conversion_routing" name="test_zaya_jang_profile_maps_generic_jang_profile_to_tq_bits" time="0.000" /><testcase classname="tests.test_zaya_conversion_routing" name="test_uniform_convert_routes_zaya_to_zaya_mxfp_converter" time="0.001" /><testcase classname="tests.test_zaya_conversion_routing" name="test_jang_convert_routes_zaya_to_zaya_jangtq_converter" time="0.031" /><testcase classname="tests.test_zaya_runtime" name="test_zaya_runtime_registers_as_mlx_lm_model" time="0.000" /><testcase classname="tests.test_zaya_runtime" name="test_zaya1_vl_runtime_registers_as_mlx_vlm_model" time="0.000" /><testcase classname="tests.test_zaya_runtime" name="test_zaya1_vl_language_model_combines_cca_and_moe_every_layer" time="0.010" /><testcase classname="tests.test_zaya_runtime" name="test_zaya1_vl_language_model_vision_lora_path_is_image_mask_gated" time="0.003" /><testcase classname="tests.test_zaya_runtime" name="test_zaya_router_mod_skip_expert_has_negative_balancing_bias" time="0.000" /><testcase classname="tests.test_zaya_runtime" name="test_zaya1_vl_model_forward_returns_mlx_vlm_language_output" time="0.008" /><testcase classname="tests.test_zaya_runtime" name="test_zaya1_vl_language_model_accepts_mlx_vlm_inputs_embeds_keyword" time="0.000" /><testcase classname="tests.test_zaya_runtime" name="test_zaya1_vl_language_model_matches_affine_quantized_switch_and_router_state" time="0.001" /><testcase classname="tests.test_zaya_runtime" name="test_zaya1_vl_model_config_exposes_mlx_vlm_image_token_alias" time="0.000" /><testcase classname="tests.test_zaya_runtime" name="test_zaya1_vl_model_config_merges_empty_text_config_with_flat_bundle_fields" time="0.001" /><testcase classname="tests.test_zaya_runtime" name="test_zaya1_vl_model_config_normalizes_affine_mxtq_module_mode" time="0.000" /><testcase classname="tests.test_zaya_runtime" name="test_jang_loader_quant_block_size_falls_back_to_group_size" time="0.000" /><testcase classname="tests.test_zaya_runtime" name="test_public_jang_loaders_accept_mxfp4_weight_format" time="0.001" /><testcase classname="tests.test_zaya_runtime" name="test_zaya1_vl_jang_vlm_processor_uses_local_inference_template" time="0.000" /><testcase classname="tests.test_zaya_runtime" name="test_zaya1_vl_exposes_raw_model_alias_for_jangtq_hydration" time="0.002" /><testcase classname="tests.test_zaya_runtime" name="test_zaya1_vl_sanitize_maps_prestacked_experts_without_double_mlp" time="0.002" /><testcase classname="tests.test_zaya_runtime" name="test_zaya1_vl_sanitize_transposes_vision_patch_embed_to_mlx_conv3d_layout" time="0.002" /><testcase classname="tests.test_zaya_runtime" name="test_build_vlm_processor_constructs_zaya1_vl_image_processor_when_autoload_falls_back" time="0.000"><skipped type="pytest.skip" message="local ZAYA1-VL MXFP4 bundle is not present">/Users/eric/mlx/vllm-mlx-release-1.6.13/tests/test_zaya_runtime.py:538: local ZAYA1-VL MXFP4 bundle is not present</skipped></testcase><testcase classname="tests.test_zaya_runtime" name="test_zaya1_vl_processor_expands_image_token_to_grid_feature_count" time="0.000"><skipped type="pytest.skip" message="local ZAYA1-VL MXFP4 bundle or image fixture is not present">/Users/eric/mlx/vllm-mlx-release-1.6.13/tests/test_zaya_runtime.py:573: local ZAYA1-VL MXFP4 bundle or image fixture is not present</skipped></testcase><testcase classname="tests.test_zaya_runtime" name="test_zaya1_vl_processor_prefers_chat_template_json_for_inference_prompt" time="0.000"><skipped type="pytest.skip" message="local ZAYA1-VL MXFP4 chat_template.json is not present">/Users/eric/mlx/vllm-mlx-release-1.6.13/tests/test_zaya_runtime.py:610: local ZAYA1-VL MXFP4 chat_template.json is not present</skipped></testcase><testcase classname="tests.test_zaya_runtime" name="test_zaya1_vl_processor_wraps_string_content_for_list_template" time="0.000"><skipped type="pytest.skip" message="local ZAYA1-VL MXFP4 chat_template.json is not present">/Users/eric/mlx/vllm-mlx-release-1.6.13/tests/test_zaya_runtime.py:643: local ZAYA1-VL MXFP4 chat_template.json is not present</skipped></testcase><testcase classname="tests.test_zaya_runtime" name="test_zaya1_vl_mllm_text_only_messages_use_plain_processor_content" time="0.000" /><testcase classname="tests.test_zaya_runtime" name="test_zaya1_vl_mllm_keeps_media_messages_rich_for_processor" time="0.000" /><testcase classname="tests.test_zaya_runtime" name="test_mimo_v2_mllm_text_only_messages_use_plain_processor_content" time="0.000" /><testcase classname="tests.test_zaya_runtime" name="test_mimo_v2_mllm_keeps_media_messages_rich_for_processor" time="0.000" /><testcase classname="tests.test_zaya_runtime" name="test_zaya1_vl_processor_preserves_list_content_for_list_aware_templates" time="0.000"><skipped type="pytest.skip" message="local ZAYA1-VL MXFP4 bundle is not present">/Users/eric/mlx/vllm-mlx-release-1.6.13/tests/test_zaya_runtime.py:758: local ZAYA1-VL MXFP4 bundle is not present</skipped></testcase><testcase classname="tests.test_zaya_runtime" name="test_zaya1_vl_thinking_off_prompt_does_not_inject_closed_think" time="0.000" /><testcase classname="tests.test_zaya_runtime" name="test_zaya1_vl_affine_vlm_quant_candidates_include_raw_bundle_namespace" time="0.000" /><testcase classname="tests.test_zaya_runtime" name="test_batched_engine_zaya1_vl_uses_processor_template_when_prompt_utils_unsupported" time="0.006" /><testcase classname="tests.test_zaya_runtime" name="test_batched_engine_zaya1_vl_with_tools_still_uses_processor_image_template" time="0.005" /><testcase classname="tests.test_zaya_runtime" name="test_batched_engine_zaya1_vl_text_only_keeps_user_text" time="0.000"><skipped type="pytest.skip" message="local ZAYA1-VL MXFP4 bundle is not present">/Users/eric/mlx/vllm-mlx-release-1.6.13/tests/test_zaya_runtime.py:1006: local ZAYA1-VL MXFP4 bundle is not present</skipped></testcase><testcase classname="tests.test_zaya_runtime" name="test_batched_engine_zaya1_vl_text_parts_reach_processor_as_plain_text" time="0.005" /><testcase classname="tests.test_zaya_runtime" name="test_mllm_load_registers_zaya1_vl_adapter_before_stock_mlx_vlm_load" time="0.002" /><testcase classname="tests.test_zaya_runtime" name="test_zaya_cca_cache_carries_kv_conv_and_prev_hidden_state" time="0.012" /><testcase classname="tests.test_zaya_runtime" name="test_zaya_cca_cache_chunked_prefill_matches_single_shot_logits" time="0.004" /><testcase classname="tests.test_zaya_runtime" name="test_zaya_moe_no_state_cache_extracts_and_merges_cleanly" time="0.000" /><testcase classname="tests.test_zaya_runtime" name="test_zaya_scheduler_extract_preserves_all_layer_slots" time="0.002" /><testcase classname="tests.test_zaya_runtime" name="test_zaya_no_state_cache_round_trips_through_block_disk_serializer" time="0.002" /><testcase classname="tests.test_zaya_runtime" name="test_zaya_prompt_cache_restore_preserves_cca_and_no_state_slots" time="0.220" /><testcase classname="tests.test_zaya_runtime" name="test_zaya_typed_cca_block_disk_round_trip_continues_identically" time="0.213" /><testcase classname="tests.test_zaya_runtime" name="test_zaya_typed_cca_l2_disk_hit_restores_full_cache" time="0.424" /><testcase classname="tests.test_zaya_runtime" name="test_zaya_scheduler_uses_typed_cca_not_hybrid_ssm_companion" time="0.008" /><testcase classname="tests.test_zaya_runtime" name="test_zaya_scheduler_forces_prefix_only_to_paged_cache" time="0.005" /><testcase classname="tests.test_zaya_runtime" name="test_zaya_scheduler_stores_clean_prompt_boundary_for_paged_cache" time="0.238" /><testcase classname="tests.test_zaya_runtime" name="test_zaya_single_active_store_uses_clean_reprefill_not_snapshot" time="0.212" /><testcase classname="tests.test_zaya_runtime" name="test_zaya_single_active_multitoken_store_uses_clean_reprefill" time="0.214" /><testcase classname="tests.test_zaya_runtime" name="test_zaya_mllm_scheduler_uses_typed_cca_not_hybrid_ssm_companion" time="0.003" /><testcase classname="tests.test_zaya_runtime" name="test_zaya_mllm_paged_store_rederives_clean_prompt_boundary" time="0.000" /><testcase classname="tests.test_zaya_runtime" name="test_zaya_mllm_media_paged_store_skips_prefix_cache" time="0.000" /><testcase classname="tests.test_zaya_runtime" name="test_non_qwen_mllm_media_paged_store_fails_closed_without_unsafe_ack" time="0.000" /><testcase classname="tests.test_zaya_runtime" name="test_qwen_gemma_and_step_media_prefix_cache_default_on_and_respect_explicit_off" time="0.000" /><testcase classname="tests.test_zaya_runtime" name="test_mixed_swa_media_store_uses_captured_vision_boundary[gemma4-258880]" time="0.000" /><testcase classname="tests.test_zaya_runtime" name="test_mixed_swa_media_store_uses_captured_vision_boundary[step3p7-128001]" time="0.000" /><testcase classname="tests.test_zaya_runtime" name="test_clean_media_prefill_keeps_pixels_and_restores_qwen_position_state" time="0.000" /><testcase classname="tests.test_zaya_runtime" name="test_nondefault_mllm_media_paged_store_uses_side_key_with_unsafe_ack" time="0.000" /><testcase classname="tests.test_zaya_runtime" name="test_mllm_media_cache_key_ignores_prompt_attention_mask_length" time="0.000" /><testcase classname="tests.test_zaya_runtime" name="test_mllm_media_cache_key_uses_local_file_content_not_temp_path" time="0.001" /><testcase classname="tests.test_zaya_runtime" name="test_mllm_media_cache_key_includes_video_frame_settings" time="0.000" /><testcase classname="tests.test_zaya_runtime" name="test_mllm_media_cache_key_includes_audio_codes" time="0.000" /><testcase classname="tests.test_zaya_runtime" name="test_mllm_audio_payloads_are_media_cache_context" time="0.001" /><testcase classname="tests.test_zaya_runtime" name="test_mllm_paged_fetch_uses_request_cache_extra_keys_without_stale_name" time="0.000" /><testcase classname="tests.test_zaya_runtime" name="test_zaya_mllm_extract_cache_states_marks_cachelist_as_tensor_data" time="0.003" /><testcase classname="tests.test_zaya_runtime" name="test_zaya_frugal_store_keeps_terminal_cca_block_in_ram" time="0.210" /><testcase classname="tests.test_zaya_runtime" name="test_zaya_disk_only_nonterminal_cca_prefix_is_a_miss" time="0.001" /><testcase classname="tests.test_zaya_runtime" name="test_zaya_batch_generator_finishes_with_moe_no_state_cache" time="0.009" /><testcase classname="tests.test_zaya_runtime" name="test_local_zaya_mxfp4_loads_strictly_when_present" time="0.733" /><testcase classname="tests.test_zaya_runtime" name="test_zaya_xml_tool_parser_registered_and_parses_native_format" time="0.000" /><testcase classname="tests.test_zaya_runtime" name="test_zaya_xml_tool_parser_unwraps_value_tags_inside_parameters" time="0.000" /><testcase classname="tests.test_zaya_runtime" name="test_zaya_rendered_chat_prompt_encoding_does_not_append_eos" time="0.003" /></testsuite></testsuites>